{"/home/user/aplicativo-nova-estrutura-dados/src/App.tsx": {"path":"/home/user/aplicativo-nova-estrutura-dados/src/App.tsx","statementMap":{"0":{"start":{"line":17,"column":9},"end":{"line":17,"column":12}},"1":{"start":{"line":2,"column":0},"end":{"line":2,"column":42}},"2":{"start":{"line":3,"column":0},"end":{"line":3,"column":62}},"3":{"start":{"line":4,"column":0},"end":{"line":4,"column":71}},"4":{"start":{"line":7,"column":2},"end":{"line":14,"column":4}}},"fnMap":{"0":{"name":"App","decl":{"start":{"line":6,"column":9},"end":{"line":6,"column":12}},"loc":{"start":{"line":6,"column":12},"end":{"line":15,"column":1}}}},"branchMap":{},"s":{"0":0,"1":0,"2":0,"3":0,"4":0},"f":{"0":0},"b":{}}
,"/home/user/aplicativo-nova-estrutura-dados/src/main.tsx": {"path":"/home/user/aplicativo-nova-estrutura-dados/src/main.tsx","statementMap":{"0":{"start":{"line":2,"column":0},"end":{"line":2,"column":26}},"1":{"start":{"line":3,"column":0},"end":{"line":3,"column":40}},"2":{"start":{"line":4,"column":0},"end":{"line":4,"column":71}},"3":{"start":{"line":5,"column":0},"end":{"line":5,"column":28}},"4":{"start":{"line":6,"column":0},"end":{"line":6,"column":21}},"5":{"start":{"line":7,"column":0},"end":{"line":7,"column":55}},"6":{"start":{"line":8,"column":0},"end":{"line":8,"column":52}},"7":{"start":{"line":9,"column":0},"end":{"line":9,"column":44}},"8":{"start":{"line":10,"column":0},"end":{"line":10,"column":54}},"9":{"start":{"line":13,"column":15},"end":{"line":33,"column":2}},"10":{"start":{"line":35,"column":0},"end":{"line":39,"column":2}}},"fnMap":{},"branchMap":{},"s":{"0":0,"1":0,"2":0,"3":0,"4":0,"5":0,"6":0,"7":0,"8":0,"9":0,"10":0},"f":{},"b":{}}
,"/home/user/aplicativo-nova-estrutura-dados/src/teste.tsx": {"path":"/home/user/aplicativo-nova-estrutura-dados/src/teste.tsx","statementMap":{"0":{"start":{"line":2,"column":0},"end":{"line":2,"column":57}},"1":{"start":{"line":3,"column":0},"end":{"line":3,"column":33}},"2":{"start":{"line":6,"column":30},"end":{"line":6,"column":41}},"3":{"start":{"line":7,"column":22},"end":{"line":7,"column":54}},"4":{"start":{"line":7,"column":28},"end":{"line":7,"column":54}},"5":{"start":{"line":7,"column":45},"end":{"line":7,"column":53}},"6":{"start":{"line":8,"column":4},"end":{"line":8,"column":32}},"7":{"start":{"line":11,"column":0},"end":{"line":17,"column":3}},"8":{"start":{"line":12,"column":23},"end":{"line":12,"column":53}},"9":{"start":{"line":12,"column":40},"end":{"line":12,"column":52}},"10":{"start":{"line":13,"column":4},"end":{"line":15,"column":7}},"11":{"start":{"line":14,"column":8},"end":{"line":14,"column":35}},"12":{"start":{"line":16,"column":4},"end":{"line":16,"column":41}}},"fnMap":{"0":{"name":"useCounter","decl":{"start":{"line":5,"column":9},"end":{"line":5,"column":19}},"loc":{"start":{"line":5,"column":19},"end":{"line":9,"column":1}}},"1":{"name":"(anonymous_1)","decl":{"start":{"line":7,"column":22},"end":{"line":7,"column":25}},"loc":{"start":{"line":7,"column":28},"end":{"line":7,"column":54}}},"2":{"name":"(anonymous_2)","decl":{"start":{"line":7,"column":37},"end":{"line":7,"column":41}},"loc":{"start":{"line":7,"column":45},"end":{"line":7,"column":53}}},"3":{"name":"(anonymous_3)","decl":{"start":{"line":11,"column":30},"end":{"line":11,"column":33}},"loc":{"start":{"line":11,"column":35},"end":{"line":17,"column":1}}},"4":{"name":"(anonymous_4)","decl":{"start":{"line":12,"column":34},"end":{"line":12,"column":37}},"loc":{"start":{"line":12,"column":40},"end":{"line":12,"column":52}}},"5":{"name":"(anonymous_5)","decl":{"start":{"line":13,"column":8},"end":{"line":13,"column":11}},"loc":{"start":{"line":13,"column":13},"end":{"line":15,"column":5}}}},"branchMap":{},"s":{"0":0,"1":0,"2":0,"3":0,"4":0,"5":0,"6":0,"7":0,"8":0,"9":0,"10":0,"11":0,"12":0},"f":{"0":0,"1":0,"2":0,"3":0,"4":0,"5":0},"b":{}}
,"/home/user/aplicativo-nova-estrutura-dados/src/vite-env.d.ts": {"path":"/home/user/aplicativo-nova-estrutura-dados/src/vite-env.d.ts","statementMap":{},"fnMap":{},"branchMap":{},"s":{},"f":{},"b":{}}
,"/home/user/aplicativo-nova-estrutura-dados/src/components/DataStructures/Fila/fila.ts": {"path":"/home/user/aplicativo-nova-estrutura-dados/src/components/DataStructures/Fila/fila.ts","statementMap":{"0":{"start":{"line":22,"column":10},"end":{"line":22,"column":null}},"1":{"start":{"line":23,"column":10},"end":{"line":23,"column":null}},"2":{"start":{"line":32,"column":4},"end":{"line":34,"column":5}},"3":{"start":{"line":33,"column":6},"end":{"line":33,"column":70}},"4":{"start":{"line":35,"column":4},"end":{"line":35,"column":24}},"5":{"start":{"line":36,"column":4},"end":{"line":36,"column":40}},"6":{"start":{"line":47,"column":4},"end":{"line":49,"column":5}},"7":{"start":{"line":48,"column":6},"end":{"line":48,"column":64}},"8":{"start":{"line":50,"column":4},"end":{"line":52,"column":5}},"9":{"start":{"line":51,"column":6},"end":{"line":51,"column":63}},"10":{"start":{"line":67,"column":4},"end":{"line":69,"column":5}},"11":{"start":{"line":68,"column":6},"end":{"line":68,"column":43}},"12":{"start":{"line":70,"column":4},"end":{"line":70,"column":40}},"13":{"start":{"line":71,"column":4},"end":{"line":71,"column":34}},"14":{"start":{"line":86,"column":4},"end":{"line":88,"column":5}},"15":{"start":{"line":87,"column":6},"end":{"line":87,"column":41}},"16":{"start":{"line":89,"column":4},"end":{"line":89,"column":35}},"17":{"start":{"line":104,"column":4},"end":{"line":106,"column":5}},"18":{"start":{"line":105,"column":6},"end":{"line":105,"column":41}},"19":{"start":{"line":107,"column":4},"end":{"line":107,"column":29}},"20":{"start":{"line":122,"column":4},"end":{"line":124,"column":5}},"21":{"start":{"line":123,"column":6},"end":{"line":123,"column":41}},"22":{"start":{"line":125,"column":4},"end":{"line":125,"column":53}},"23":{"start":{"line":139,"column":4},"end":{"line":139,"column":33}},"24":{"start":{"line":155,"column":4},"end":{"line":155,"column":39}},"25":{"start":{"line":167,"column":4},"end":{"line":167,"column":24}},"26":{"start":{"line":183,"column":4},"end":{"line":183,"column":40}},"27":{"start":{"line":184,"column":4},"end":{"line":184,"column":45}},"28":{"start":{"line":202,"column":4},"end":{"line":202,"column":31}},"29":{"start":{"line":216,"column":4},"end":{"line":216,"column":27}},"30":{"start":{"line":21,"column":0},"end":{"line":21,"column":13}}},"fnMap":{"0":{"name":"(anonymous_0)","decl":{"start":{"line":31,"column":2},"end":{"line":31,"column":14}},"loc":{"start":{"line":31,"column":44},"end":{"line":37,"column":3}}},"1":{"name":"(anonymous_1)","decl":{"start":{"line":46,"column":10},"end":{"line":46,"column":30}},"loc":{"start":{"line":46,"column":44},"end":{"line":53,"column":3}}},"2":{"name":"(anonymous_2)","decl":{"start":{"line":66,"column":2},"end":{"line":66,"column":9}},"loc":{"start":{"line":66,"column":26},"end":{"line":72,"column":3}}},"3":{"name":"(anonymous_3)","decl":{"start":{"line":85,"column":2},"end":{"line":85,"column":9}},"loc":{"start":{"line":85,"column":9},"end":{"line":90,"column":3}}},"4":{"name":"(anonymous_4)","decl":{"start":{"line":103,"column":2},"end":{"line":103,"column":10}},"loc":{"start":{"line":103,"column":10},"end":{"line":108,"column":3}}},"5":{"name":"(anonymous_5)","decl":{"start":{"line":121,"column":2},"end":{"line":121,"column":8}},"loc":{"start":{"line":121,"column":8},"end":{"line":126,"column":3}}},"6":{"name":"(anonymous_6)","decl":{"start":{"line":138,"column":2},"end":{"line":138,"column":9}},"loc":{"start":{"line":138,"column":9},"end":{"line":140,"column":3}}},"7":{"name":"(anonymous_7)","decl":{"start":{"line":154,"column":2},"end":{"line":154,"column":11}},"loc":{"start":{"line":154,"column":11},"end":{"line":156,"column":3}}},"8":{"name":"(anonymous_8)","decl":{"start":{"line":166,"column":2},"end":{"line":166,"column":8}},"loc":{"start":{"line":166,"column":8},"end":{"line":168,"column":3}}},"9":{"name":"(anonymous_9)","decl":{"start":{"line":182,"column":2},"end":{"line":182,"column":8}},"loc":{"start":{"line":182,"column":25},"end":{"line":185,"column":3}}},"10":{"name":"(anonymous_10)","decl":{"start":{"line":201,"column":2},"end":{"line":201,"column":11}},"loc":{"start":{"line":201,"column":11},"end":{"line":203,"column":3}}},"11":{"name":"(anonymous_11)","decl":{"start":{"line":215,"column":2},"end":{"line":215,"column":18}},"loc":{"start":{"line":215,"column":18},"end":{"line":217,"column":3}}}},"branchMap":{"0":{"loc":{"start":{"line":31,"column":14},"end":{"line":31,"column":44}},"type":"default-arg","locations":[{"start":{"line":31,"column":42},"end":{"line":31,"column":44}}]},"1":{"loc":{"start":{"line":32,"column":4},"end":{"line":34,"column":5}},"type":"if","locations":[{"start":{"line":32,"column":4},"end":{"line":34,"column":5}}]},"2":{"loc":{"start":{"line":47,"column":4},"end":{"line":49,"column":5}},"type":"if","locations":[{"start":{"line":47,"column":4},"end":{"line":49,"column":5}}]},"3":{"loc":{"start":{"line":50,"column":4},"end":{"line":52,"column":5}},"type":"if","locations":[{"start":{"line":50,"column":4},"end":{"line":52,"column":5}}]},"4":{"loc":{"start":{"line":50,"column":8},"end":{"line":50,"column":37}},"type":"binary-expr","locations":[{"start":{"line":50,"column":8},"end":{"line":50,"column":21}},{"start":{"line":50,"column":25},"end":{"line":50,"column":37}}]},"5":{"loc":{"start":{"line":67,"column":4},"end":{"line":69,"column":5}},"type":"if","locations":[{"start":{"line":67,"column":4},"end":{"line":69,"column":5}}]},"6":{"loc":{"start":{"line":86,"column":4},"end":{"line":88,"column":5}},"type":"if","locations":[{"start":{"line":86,"column":4},"end":{"line":88,"column":5}}]},"7":{"loc":{"start":{"line":104,"column":4},"end":{"line":106,"column":5}},"type":"if","locations":[{"start":{"line":104,"column":4},"end":{"line":106,"column":5}}]},"8":{"loc":{"start":{"line":122,"column":4},"end":{"line":124,"column":5}},"type":"if","locations":[{"start":{"line":122,"column":4},"end":{"line":124,"column":5}}]}},"s":{"0":0,"1":0,"2":0,"3":0,"4":0,"5":0,"6":0,"7":0,"8":0,"9":0,"10":0,"11":0,"12":0,"13":0,"14":0,"15":0,"16":0,"17":0,"18":0,"19":0,"20":0,"21":0,"22":0,"23":0,"24":0,"25":0,"26":0,"27":0,"28":0,"29":0,"30":0},"f":{"0":0,"1":0,"2":0,"3":0,"4":0,"5":0,"6":0,"7":0,"8":0,"9":0,"10":0,"11":0},"b":{"0":[0],"1":[0],"2":[0],"3":[0],"4":[0,0],"5":[0],"6":[0],"7":[0],"8":[0]}}
,"/home/user/aplicativo-nova-estrutura-dados/src/components/DataStructures/Fila/metodosFila.ts": {"path":"/home/user/aplicativo-nova-estrutura-dados/src/components/DataStructures/Fila/metodosFila.ts","statementMap":{"0":{"start":{"line":165,"column":0},"end":{"line":165,"column":16}},"1":{"start":{"line":175,"column":0},"end":{"line":175,"column":16}},"2":{"start":{"line":21,"column":13},"end":{"line":27,"column":11}},"3":{"start":{"line":40,"column":13},"end":{"line":81,"column":2}},"4":{"start":{"line":100,"column":13},"end":{"line":157,"column":2}},"5":{"start":{"line":166,"column":2},"end":{"line":166,"column":31}},"6":{"start":{"line":176,"column":2},"end":{"line":176,"column":30}}},"fnMap":{"0":{"name":"obterInfoMetodo","decl":{"start":{"line":165,"column":16},"end":{"line":165,"column":31}},"loc":{"start":{"line":165,"column":48},"end":{"line":167,"column":1}}},"1":{"name":"obterMetodosDoGrupo","decl":{"start":{"line":175,"column":16},"end":{"line":175,"column":35}},"loc":{"start":{"line":175,"column":54},"end":{"line":177,"column":1}}}},"branchMap":{},"s":{"0":0,"1":0,"2":0,"3":0,"4":0,"5":0,"6":0},"f":{"0":0,"1":0},"b":{}}
,"/home/user/aplicativo-nova-estrutura-dados/src/components/DataStructures/Fila/useFila.ts": {"path":"/home/user/aplicativo-nova-estrutura-dados/src/components/DataStructures/Fila/useFila.ts","statementMap":{"0":{"start":{"line":80,"column":0},"end":{"line":80,"column":16}},"1":{"start":{"line":10,"column":0},"end":{"line":10,"column":58}},"2":{"start":{"line":11,"column":0},"end":{"line":11,"column":66}},"3":{"start":{"line":12,"column":0},"end":{"line":12,"column":36}},"4":{"start":{"line":25,"column":0},"end":{"line":25,"column":null}},"5":{"start":{"line":26,"column":2},"end":{"line":26,"column":null}},"6":{"start":{"line":27,"column":2},"end":{"line":27,"column":null}},"7":{"start":{"line":28,"column":2},"end":{"line":28,"column":null}},"8":{"start":{"line":29,"column":2},"end":{"line":29,"column":null}},"9":{"start":{"line":81,"column":30},"end":{"line":85,"column":4}},"10":{"start":{"line":95,"column":18},"end":{"line":212,"column":3}},"11":{"start":{"line":96,"column":4},"end":{"line":211,"column":5}},"12":{"start":{"line":98,"column":45},"end":{"line":98,"column":59}},"13":{"start":{"line":101,"column":8},"end":{"line":103,"column":9}},"14":{"start":{"line":102,"column":10},"end":{"line":102,"column":88}},"15":{"start":{"line":105,"column":43},"end":{"line":108,"column":10}},"16":{"start":{"line":110,"column":8},"end":{"line":115,"column":10}},"17":{"start":{"line":119,"column":8},"end":{"line":121,"column":9}},"18":{"start":{"line":120,"column":10},"end":{"line":120,"column":45}},"19":{"start":{"line":123,"column":30},"end":{"line":123,"column":54}},"20":{"start":{"line":124,"column":31},"end":{"line":124,"column":55}},"21":{"start":{"line":126,"column":8},"end":{"line":131,"column":10}},"22":{"start":{"line":135,"column":8},"end":{"line":137,"column":9}},"23":{"start":{"line":136,"column":10},"end":{"line":136,"column":45}},"24":{"start":{"line":139,"column":25},"end":{"line":139,"column":49}},"25":{"start":{"line":141,"column":8},"end":{"line":145,"column":10}},"26":{"start":{"line":149,"column":8},"end":{"line":151,"column":9}},"27":{"start":{"line":150,"column":10},"end":{"line":150,"column":45}},"28":{"start":{"line":153,"column":23},"end":{"line":153,"column":72}},"29":{"start":{"line":155,"column":8},"end":{"line":159,"column":10}},"30":{"start":{"line":163,"column":8},"end":{"line":166,"column":10}},"31":{"start":{"line":170,"column":22},"end":{"line":170,"column":50}},"32":{"start":{"line":171,"column":8},"end":{"line":174,"column":10}},"33":{"start":{"line":178,"column":8},"end":{"line":183,"column":10}},"34":{"start":{"line":187,"column":26},"end":{"line":187,"column":40}},"35":{"start":{"line":188,"column":23},"end":{"line":188,"column":71}},"36":{"start":{"line":188,"column":52},"end":{"line":188,"column":70}},"37":{"start":{"line":190,"column":46},"end":{"line":190,"column":50}},"38":{"start":{"line":191,"column":8},"end":{"line":194,"column":9}},"39":{"start":{"line":192,"column":22},"end":{"line":192,"column":75}},"40":{"start":{"line":192,"column":56},"end":{"line":192,"column":74}},"41":{"start":{"line":193,"column":10},"end":{"line":193,"column":33}},"42":{"start":{"line":196,"column":8},"end":{"line":200,"column":10}},"43":{"start":{"line":204,"column":8},"end":{"line":204,"column":61}},"44":{"start":{"line":207,"column":8},"end":{"line":207,"column":58}},"45":{"start":{"line":210,"column":8},"end":{"line":210,"column":21}},"46":{"start":{"line":214,"column":28},"end":{"line":214,"column":61}},"47":{"start":{"line":215,"column":55},"end":{"line":215,"column":60}},"48":{"start":{"line":216,"column":36},"end":{"line":216,"column":68}},"49":{"start":{"line":224,"column":28},"end":{"line":237,"column":null}},"50":{"start":{"line":226,"column":6},"end":{"line":235,"column":8}},"51":{"start":{"line":227,"column":8},"end":{"line":234,"column":22}},"52":{"start":{"line":255,"column":25},"end":{"line":353,"column":null}},"53":{"start":{"line":257,"column":6},"end":{"line":351,"column":7}},"54":{"start":{"line":259,"column":37},"end":{"line":265,"column":9}},"55":{"start":{"line":260,"column":28},"end":{"line":260,"column":64}},"56":{"start":{"line":261,"column":10},"end":{"line":263,"column":11}},"57":{"start":{"line":262,"column":12},"end":{"line":262,"column":48}},"58":{"start":{"line":264,"column":10},"end":{"line":264,"column":34}},"59":{"start":{"line":268,"column":8},"end":{"line":338,"column":9}},"60":{"start":{"line":270,"column":34},"end":{"line":270,"column":62}},"61":{"start":{"line":271,"column":12},"end":{"line":277,"column":15}},"62":{"start":{"line":278,"column":12},"end":{"line":278,"column":59}},"63":{"start":{"line":279,"column":12},"end":{"line":279,"column":18}},"64":{"start":{"line":283,"column":33},"end":{"line":283,"column":49}},"65":{"start":{"line":284,"column":12},"end":{"line":286,"column":13}},"66":{"start":{"line":285,"column":14},"end":{"line":285,"column":49}},"67":{"start":{"line":287,"column":34},"end":{"line":287,"column":52}},"68":{"start":{"line":288,"column":12},"end":{"line":288,"column":42}},"69":{"start":{"line":289,"column":12},"end":{"line":289,"column":59}},"70":{"start":{"line":290,"column":12},"end":{"line":290,"column":18}},"71":{"start":{"line":294,"column":12},"end":{"line":296,"column":13}},"72":{"start":{"line":295,"column":14},"end":{"line":295,"column":49}},"73":{"start":{"line":297,"column":12},"end":{"line":297,"column":43}},"74":{"start":{"line":298,"column":12},"end":{"line":298,"column":53}},"75":{"start":{"line":299,"column":12},"end":{"line":299,"column":18}},"76":{"start":{"line":303,"column":12},"end":{"line":305,"column":13}},"77":{"start":{"line":304,"column":14},"end":{"line":304,"column":49}},"78":{"start":{"line":306,"column":12},"end":{"line":306,"column":41}},"79":{"start":{"line":307,"column":12},"end":{"line":307,"column":51}},"80":{"start":{"line":308,"column":12},"end":{"line":308,"column":18}},"81":{"start":{"line":312,"column":12},"end":{"line":312,"column":42}},"82":{"start":{"line":313,"column":12},"end":{"line":313,"column":52}},"83":{"start":{"line":314,"column":12},"end":{"line":314,"column":18}},"84":{"start":{"line":318,"column":12},"end":{"line":318,"column":44}},"85":{"start":{"line":319,"column":12},"end":{"line":319,"column":54}},"86":{"start":{"line":320,"column":12},"end":{"line":320,"column":18}},"87":{"start":{"line":324,"column":12},"end":{"line":324,"column":41}},"88":{"start":{"line":325,"column":12},"end":{"line":325,"column":44}},"89":{"start":{"line":326,"column":12},"end":{"line":326,"column":18}},"90":{"start":{"line":330,"column":34},"end":{"line":330,"column":62}},"91":{"start":{"line":331,"column":12},"end":{"line":331,"column":76}},"92":{"start":{"line":332,"column":12},"end":{"line":332,"column":58}},"93":{"start":{"line":333,"column":12},"end":{"line":333,"column":18}},"94":{"start":{"line":337,"column":12},"end":{"line":337,"column":66}},"95":{"start":{"line":341,"column":8},"end":{"line":345,"column":9}},"96":{"start":{"line":342,"column":10},"end":{"line":344,"column":19}},"97":{"start":{"line":343,"column":12},"end":{"line":343,"column":70}},"98":{"start":{"line":347,"column":29},"end":{"line":347,"column":65}},"99":{"start":{"line":348,"column":8},"end":{"line":348,"column":82}},"100":{"start":{"line":349,"column":8},"end":{"line":349,"column":73}},"101":{"start":{"line":350,"column":8},"end":{"line":350,"column":20}},"102":{"start":{"line":361,"column":29},"end":{"line":363,"column":8}},"103":{"start":{"line":362,"column":4},"end":{"line":362,"column":64}},"104":{"start":{"line":370,"column":26},"end":{"line":372,"column":8}},"105":{"start":{"line":371,"column":4},"end":{"line":371,"column":63}},"106":{"start":{"line":374,"column":2},"end":{"line":384,"column":4}}},"fnMap":{"0":{"name":"(anonymous_9)","decl":{"start":{"line":25,"column":0},"end":{"line":25,"column":12}},"loc":{"start":{"line":25,"column":26},"end":{"line":30,"column":1}}},"1":{"name":"useFila","decl":{"start":{"line":80,"column":16},"end":{"line":80,"column":23}},"loc":{"start":{"line":80,"column":54},"end":{"line":385,"column":1}}},"2":{"name":"(anonymous_11)","decl":{"start":{"line":95,"column":18},"end":{"line":95,"column":19}},"loc":{"start":{"line":95,"column":58},"end":{"line":212,"column":3}}},"3":{"name":"(anonymous_12)","decl":{"start":{"line":188,"column":44},"end":{"line":188,"column":45}},"loc":{"start":{"line":188,"column":52},"end":{"line":188,"column":70}}},"4":{"name":"(anonymous_13)","decl":{"start":{"line":192,"column":48},"end":{"line":192,"column":49}},"loc":{"start":{"line":192,"column":56},"end":{"line":192,"column":74}}},"5":{"name":"(anonymous_14)","decl":{"start":{"line":225,"column":4},"end":{"line":225,"column":5}},"loc":{"start":{"line":225,"column":76},"end":{"line":236,"column":5}}},"6":{"name":"(anonymous_15)","decl":{"start":{"line":226,"column":19},"end":{"line":226,"column":20}},"loc":{"start":{"line":227,"column":8},"end":{"line":234,"column":22}}},"7":{"name":"(anonymous_16)","decl":{"start":{"line":256,"column":4},"end":{"line":256,"column":9}},"loc":{"start":{"line":256,"column":54},"end":{"line":352,"column":5}}},"8":{"name":"(anonymous_17)","decl":{"start":{"line":259,"column":37},"end":{"line":259,"column":38}},"loc":{"start":{"line":259,"column":72},"end":{"line":265,"column":9}}},"9":{"name":"(anonymous_18)","decl":{"start":{"line":342,"column":21},"end":{"line":342,"column":24}},"loc":{"start":{"line":342,"column":26},"end":{"line":344,"column":11}}},"10":{"name":"(anonymous_19)","decl":{"start":{"line":361,"column":41},"end":{"line":361,"column":42}},"loc":{"start":{"line":361,"column":67},"end":{"line":363,"column":3}}},"11":{"name":"(anonymous_20)","decl":{"start":{"line":370,"column":38},"end":{"line":370,"column":39}},"loc":{"start":{"line":370,"column":66},"end":{"line":372,"column":3}}}},"branchMap":{"0":{"loc":{"start":{"line":25,"column":12},"end":{"line":25,"column":null}},"type":"binary-expr","locations":[{"start":{"line":25,"column":12},"end":{"line":25,"column":26}},{"start":{"line":25,"column":26},"end":{"line":25,"column":null}}]},"1":{"loc":{"start":{"line":80,"column":24},"end":{"line":80,"column":54}},"type":"default-arg","locations":[{"start":{"line":80,"column":52},"end":{"line":80,"column":54}}]},"2":{"loc":{"start":{"line":96,"column":4},"end":{"line":211,"column":5}},"type":"switch","locations":[{"start":{"line":97,"column":6},"end":{"line":116,"column":7}},{"start":{"line":118,"column":6},"end":{"line":132,"column":7}},{"start":{"line":134,"column":6},"end":{"line":146,"column":7}},{"start":{"line":148,"column":6},"end":{"line":160,"column":7}},{"start":{"line":162,"column":6},"end":{"line":167,"column":7}},{"start":{"line":169,"column":6},"end":{"line":175,"column":7}},{"start":{"line":177,"column":6},"end":{"line":184,"column":7}},{"start":{"line":186,"column":6},"end":{"line":201,"column":7}},{"start":{"line":203,"column":6},"end":{"line":204,"column":61}},{"start":{"line":206,"column":6},"end":{"line":207,"column":58}},{"start":{"line":209,"column":6},"end":{"line":210,"column":21}}]},"3":{"loc":{"start":{"line":101,"column":8},"end":{"line":103,"column":9}},"type":"if","locations":[{"start":{"line":101,"column":8},"end":{"line":103,"column":9}}]},"4":{"loc":{"start":{"line":119,"column":8},"end":{"line":121,"column":9}},"type":"if","locations":[{"start":{"line":119,"column":8},"end":{"line":121,"column":9}}]},"5":{"loc":{"start":{"line":135,"column":8},"end":{"line":137,"column":9}},"type":"if","locations":[{"start":{"line":135,"column":8},"end":{"line":137,"column":9}}]},"6":{"loc":{"start":{"line":149,"column":8},"end":{"line":151,"column":9}},"type":"if","locations":[{"start":{"line":149,"column":8},"end":{"line":151,"column":9}}]},"7":{"loc":{"start":{"line":173,"column":39},"end":{"line":173,"column":58}},"type":"cond-expr","locations":[{"start":{"line":173,"column":47},"end":{"line":173,"column":49}},{"start":{"line":173,"column":52},"end":{"line":173,"column":58}}]},"8":{"loc":{"start":{"line":191,"column":8},"end":{"line":194,"column":9}},"type":"if","locations":[{"start":{"line":191,"column":8},"end":{"line":194,"column":9}}]},"9":{"loc":{"start":{"line":199,"column":34},"end":{"line":199,"column":66}},"type":"cond-expr","locations":[{"start":{"line":199,"column":43},"end":{"line":199,"column":51}},{"start":{"line":199,"column":54},"end":{"line":199,"column":66}}]},"10":{"loc":{"start":{"line":225,"column":23},"end":{"line":225,"column":72}},"type":"default-arg","locations":[{"start":{"line":225,"column":48},"end":{"line":225,"column":72}}]},"11":{"loc":{"start":{"line":261,"column":10},"end":{"line":263,"column":11}},"type":"if","locations":[{"start":{"line":261,"column":10},"end":{"line":263,"column":11}}]},"12":{"loc":{"start":{"line":268,"column":8},"end":{"line":338,"column":9}},"type":"switch","locations":[{"start":{"line":269,"column":10},"end":{"line":280,"column":11}},{"start":{"line":282,"column":10},"end":{"line":291,"column":11}},{"start":{"line":293,"column":10},"end":{"line":300,"column":11}},{"start":{"line":302,"column":10},"end":{"line":309,"column":11}},{"start":{"line":311,"column":10},"end":{"line":315,"column":11}},{"start":{"line":317,"column":10},"end":{"line":321,"column":11}},{"start":{"line":323,"column":10},"end":{"line":327,"column":11}},{"start":{"line":329,"column":10},"end":{"line":334,"column":11}},{"start":{"line":336,"column":10},"end":{"line":337,"column":66}}]},"13":{"loc":{"start":{"line":284,"column":12},"end":{"line":286,"column":13}},"type":"if","locations":[{"start":{"line":284,"column":12},"end":{"line":286,"column":13}}]},"14":{"loc":{"start":{"line":294,"column":12},"end":{"line":296,"column":13}},"type":"if","locations":[{"start":{"line":294,"column":12},"end":{"line":296,"column":13}}]},"15":{"loc":{"start":{"line":303,"column":12},"end":{"line":305,"column":13}},"type":"if","locations":[{"start":{"line":303,"column":12},"end":{"line":305,"column":13}}]},"16":{"loc":{"start":{"line":341,"column":8},"end":{"line":345,"column":9}},"type":"if","locations":[{"start":{"line":341,"column":8},"end":{"line":345,"column":9}}]},"17":{"loc":{"start":{"line":347,"column":29},"end":{"line":347,"column":65}},"type":"binary-expr","locations":[{"start":{"line":347,"column":29},"end":{"line":347,"column":42}},{"start":{"line":347,"column":46},"end":{"line":347,"column":65}}]}},"s":{"0":1,"1":1,"2":1,"3":1,"4":1,"5":1,"6":1,"7":1,"8":1,"9":103,"10":103,"11":73,"12":50,"13":50,"14":4,"15":46,"16":46,"17":9,"18":0,"19":9,"20":9,"21":9,"22":2,"23":0,"24":2,"25":2,"26":3,"27":0,"28":3,"29":3,"30":2,"31":2,"32":2,"33":2,"34":3,"35":3,"36":4,"37":3,"38":3,"39":2,"40":3,"41":2,"42":3,"43":0,"44":0,"45":0,"46":103,"47":99,"48":99,"49":99,"50":79,"51":69,"52":99,"53":79,"54":79,"55":55,"56":55,"57":5,"58":50,"59":79,"60":52,"61":47,"62":47,"63":47,"64":11,"65":11,"66":2,"67":9,"68":9,"69":9,"70":9,"71":3,"72":1,"73":2,"74":2,"75":2,"76":4,"77":1,"78":3,"79":3,"80":3,"81":2,"82":2,"83":2,"84":2,"85":2,"86":2,"87":2,"88":2,"89":2,"90":3,"91":3,"92":3,"93":3,"94":0,"95":70,"96":42,"97":0,"98":9,"99":9,"100":9,"101":9,"102":99,"103":0,"104":99,"105":0,"106":99},"f":{"0":1,"1":103,"2":73,"3":4,"4":3,"5":79,"6":69,"7":79,"8":55,"9":0,"10":0,"11":0},"b":{"0":[1,1],"1":[1],"2":[50,9,2,3,2,2,2,3,0,0,0],"3":[4],"4":[0],"5":[0],"6":[0],"7":[1,1],"8":[2],"9":[2,1],"10":[70],"11":[5],"12":[52,11,3,4,2,2,2,3,0],"13":[2],"14":[1],"15":[1],"16":[42],"17":[9,0]}}
,"/home/user/aplicativo-nova-estrutura-dados/src/components/DataStructures/Pilha/metodosPilha.ts": {"path":"/home/user/aplicativo-nova-estrutura-dados/src/components/DataStructures/Pilha/metodosPilha.ts","statementMap":{"0":{"start":{"line":164,"column":0},"end":{"line":164,"column":16}},"1":{"start":{"line":174,"column":0},"end":{"line":174,"column":16}},"2":{"start":{"line":21,"column":13},"end":{"line":26,"column":11}},"3":{"start":{"line":39,"column":13},"end":{"line":80,"column":2}},"4":{"start":{"line":99,"column":13},"end":{"line":156,"column":2}},"5":{"start":{"line":165,"column":2},"end":{"line":165,"column":31}},"6":{"start":{"line":175,"column":2},"end":{"line":175,"column":30}}},"fnMap":{"0":{"name":"obterInfoMetodo","decl":{"start":{"line":164,"column":16},"end":{"line":164,"column":31}},"loc":{"start":{"line":164,"column":48},"end":{"line":166,"column":1}}},"1":{"name":"obterMetodosDoGrupo","decl":{"start":{"line":174,"column":16},"end":{"line":174,"column":35}},"loc":{"start":{"line":174,"column":54},"end":{"line":176,"column":1}}}},"branchMap":{},"s":{"0":0,"1":0,"2":0,"3":0,"4":0,"5":0,"6":0},"f":{"0":0,"1":0},"b":{}}
,"/home/user/aplicativo-nova-estrutura-dados/src/components/DataStructures/Pilha/pilha.ts": {"path":"/home/user/aplicativo-nova-estrutura-dados/src/components/DataStructures/Pilha/pilha.ts","statementMap":{"0":{"start":{"line":21,"column":10},"end":{"line":21,"column":null}},"1":{"start":{"line":22,"column":10},"end":{"line":22,"column":null}},"2":{"start":{"line":31,"column":4},"end":{"line":33,"column":5}},"3":{"start":{"line":32,"column":6},"end":{"line":32,"column":70}},"4":{"start":{"line":34,"column":4},"end":{"line":34,"column":24}},"5":{"start":{"line":35,"column":4},"end":{"line":35,"column":40}},"6":{"start":{"line":46,"column":4},"end":{"line":48,"column":5}},"7":{"start":{"line":47,"column":6},"end":{"line":47,"column":64}},"8":{"start":{"line":49,"column":4},"end":{"line":51,"column":5}},"9":{"start":{"line":50,"column":6},"end":{"line":50,"column":63}},"10":{"start":{"line":66,"column":4},"end":{"line":68,"column":5}},"11":{"start":{"line":67,"column":6},"end":{"line":67,"column":44}},"12":{"start":{"line":69,"column":4},"end":{"line":69,"column":40}},"13":{"start":{"line":70,"column":4},"end":{"line":70,"column":34}},"14":{"start":{"line":85,"column":4},"end":{"line":87,"column":5}},"15":{"start":{"line":86,"column":6},"end":{"line":86,"column":42}},"16":{"start":{"line":88,"column":4},"end":{"line":88,"column":33}},"17":{"start":{"line":103,"column":4},"end":{"line":105,"column":5}},"18":{"start":{"line":104,"column":6},"end":{"line":104,"column":42}},"19":{"start":{"line":106,"column":4},"end":{"line":106,"column":53}},"20":{"start":{"line":120,"column":4},"end":{"line":120,"column":33}},"21":{"start":{"line":136,"column":4},"end":{"line":136,"column":39}},"22":{"start":{"line":148,"column":4},"end":{"line":148,"column":24}},"23":{"start":{"line":164,"column":4},"end":{"line":164,"column":40}},"24":{"start":{"line":165,"column":4},"end":{"line":165,"column":45}},"25":{"start":{"line":188,"column":4},"end":{"line":188,"column":40}},"26":{"start":{"line":191,"column":4},"end":{"line":196,"column":5}},"27":{"start":{"line":191,"column":17},"end":{"line":191,"column":42}},"28":{"start":{"line":192,"column":6},"end":{"line":195,"column":7}},"29":{"start":{"line":194,"column":8},"end":{"line":194,"column":41}},"30":{"start":{"line":198,"column":4},"end":{"line":198,"column":14}},"31":{"start":{"line":216,"column":4},"end":{"line":216,"column":31}},"32":{"start":{"line":230,"column":4},"end":{"line":230,"column":27}},"33":{"start":{"line":20,"column":0},"end":{"line":20,"column":13}}},"fnMap":{"0":{"name":"(anonymous_0)","decl":{"start":{"line":30,"column":2},"end":{"line":30,"column":14}},"loc":{"start":{"line":30,"column":44},"end":{"line":36,"column":3}}},"1":{"name":"(anonymous_1)","decl":{"start":{"line":45,"column":10},"end":{"line":45,"column":30}},"loc":{"start":{"line":45,"column":44},"end":{"line":52,"column":3}}},"2":{"name":"(anonymous_2)","decl":{"start":{"line":65,"column":2},"end":{"line":65,"column":6}},"loc":{"start":{"line":65,"column":23},"end":{"line":71,"column":3}}},"3":{"name":"(anonymous_3)","decl":{"start":{"line":84,"column":2},"end":{"line":84,"column":5}},"loc":{"start":{"line":84,"column":5},"end":{"line":89,"column":3}}},"4":{"name":"(anonymous_4)","decl":{"start":{"line":102,"column":2},"end":{"line":102,"column":6}},"loc":{"start":{"line":102,"column":6},"end":{"line":107,"column":3}}},"5":{"name":"(anonymous_5)","decl":{"start":{"line":119,"column":2},"end":{"line":119,"column":9}},"loc":{"start":{"line":119,"column":9},"end":{"line":121,"column":3}}},"6":{"name":"(anonymous_6)","decl":{"start":{"line":135,"column":2},"end":{"line":135,"column":11}},"loc":{"start":{"line":135,"column":11},"end":{"line":137,"column":3}}},"7":{"name":"(anonymous_7)","decl":{"start":{"line":147,"column":2},"end":{"line":147,"column":8}},"loc":{"start":{"line":147,"column":8},"end":{"line":149,"column":3}}},"8":{"name":"(anonymous_8)","decl":{"start":{"line":163,"column":2},"end":{"line":163,"column":8}},"loc":{"start":{"line":163,"column":25},"end":{"line":166,"column":3}}},"9":{"name":"(anonymous_9)","decl":{"start":{"line":187,"column":2},"end":{"line":187,"column":8}},"loc":{"start":{"line":187,"column":25},"end":{"line":199,"column":3}}},"10":{"name":"(anonymous_10)","decl":{"start":{"line":215,"column":2},"end":{"line":215,"column":11}},"loc":{"start":{"line":215,"column":11},"end":{"line":217,"column":3}}},"11":{"name":"(anonymous_11)","decl":{"start":{"line":229,"column":2},"end":{"line":229,"column":18}},"loc":{"start":{"line":229,"column":18},"end":{"line":231,"column":3}}}},"branchMap":{"0":{"loc":{"start":{"line":30,"column":14},"end":{"line":30,"column":44}},"type":"default-arg","locations":[{"start":{"line":30,"column":42},"end":{"line":30,"column":44}}]},"1":{"loc":{"start":{"line":31,"column":4},"end":{"line":33,"column":5}},"type":"if","locations":[{"start":{"line":31,"column":4},"end":{"line":33,"column":5}}]},"2":{"loc":{"start":{"line":46,"column":4},"end":{"line":48,"column":5}},"type":"if","locations":[{"start":{"line":46,"column":4},"end":{"line":48,"column":5}}]},"3":{"loc":{"start":{"line":49,"column":4},"end":{"line":51,"column":5}},"type":"if","locations":[{"start":{"line":49,"column":4},"end":{"line":51,"column":5}}]},"4":{"loc":{"start":{"line":49,"column":8},"end":{"line":49,"column":37}},"type":"binary-expr","locations":[{"start":{"line":49,"column":8},"end":{"line":49,"column":21}},{"start":{"line":49,"column":25},"end":{"line":49,"column":37}}]},"5":{"loc":{"start":{"line":66,"column":4},"end":{"line":68,"column":5}},"type":"if","locations":[{"start":{"line":66,"column":4},"end":{"line":68,"column":5}}]},"6":{"loc":{"start":{"line":85,"column":4},"end":{"line":87,"column":5}},"type":"if","locations":[{"start":{"line":85,"column":4},"end":{"line":87,"column":5}}]},"7":{"loc":{"start":{"line":103,"column":4},"end":{"line":105,"column":5}},"type":"if","locations":[{"start":{"line":103,"column":4},"end":{"line":105,"column":5}}]},"8":{"loc":{"start":{"line":192,"column":6},"end":{"line":195,"column":7}},"type":"if","locations":[{"start":{"line":192,"column":6},"end":{"line":195,"column":7}}]}},"s":{"0":0,"1":0,"2":0,"3":0,"4":0,"5":0,"6":0,"7":0,"8":0,"9":0,"10":0,"11":0,"12":0,"13":0,"14":0,"15":0,"16":0,"17":0,"18":0,"19":0,"20":0,"21":0,"22":0,"23":0,"24":0,"25":0,"26":0,"27":0,"28":0,"29":0,"30":0,"31":0,"32":0,"33":0},"f":{"0":0,"1":0,"2":0,"3":0,"4":0,"5":0,"6":0,"7":0,"8":0,"9":0,"10":0,"11":0},"b":{"0":[0],"1":[0],"2":[0],"3":[0],"4":[0,0],"5":[0],"6":[0],"7":[0],"8":[0]}}
,"/home/user/aplicativo-nova-estrutura-dados/src/components/DataStructures/Pilha/usePilha.ts": {"path":"/home/user/aplicativo-nova-estrutura-dados/src/components/DataStructures/Pilha/usePilha.ts","statementMap":{"0":{"start":{"line":80,"column":0},"end":{"line":80,"column":16}},"1":{"start":{"line":10,"column":0},"end":{"line":10,"column":58}},"2":{"start":{"line":11,"column":0},"end":{"line":11,"column":66}},"3":{"start":{"line":12,"column":0},"end":{"line":12,"column":36}},"4":{"start":{"line":25,"column":0},"end":{"line":25,"column":null}},"5":{"start":{"line":26,"column":2},"end":{"line":26,"column":null}},"6":{"start":{"line":27,"column":2},"end":{"line":27,"column":null}},"7":{"start":{"line":28,"column":2},"end":{"line":28,"column":null}},"8":{"start":{"line":29,"column":2},"end":{"line":29,"column":null}},"9":{"start":{"line":81,"column":30},"end":{"line":85,"column":4}},"10":{"start":{"line":95,"column":18},"end":{"line":222,"column":3}},"11":{"start":{"line":96,"column":4},"end":{"line":221,"column":5}},"12":{"start":{"line":98,"column":45},"end":{"line":98,"column":59}},"13":{"start":{"line":101,"column":8},"end":{"line":103,"column":9}},"14":{"start":{"line":102,"column":10},"end":{"line":102,"column":89}},"15":{"start":{"line":105,"column":43},"end":{"line":108,"column":10}},"16":{"start":{"line":110,"column":8},"end":{"line":115,"column":10}},"17":{"start":{"line":119,"column":8},"end":{"line":121,"column":9}},"18":{"start":{"line":120,"column":10},"end":{"line":120,"column":46}},"19":{"start":{"line":123,"column":30},"end":{"line":123,"column":79}},"20":{"start":{"line":124,"column":31},"end":{"line":124,"column":59}},"21":{"start":{"line":126,"column":8},"end":{"line":131,"column":10}},"22":{"start":{"line":135,"column":8},"end":{"line":137,"column":9}},"23":{"start":{"line":136,"column":10},"end":{"line":136,"column":46}},"24":{"start":{"line":139,"column":21},"end":{"line":139,"column":70}},"25":{"start":{"line":141,"column":8},"end":{"line":145,"column":10}},"26":{"start":{"line":149,"column":8},"end":{"line":152,"column":10}},"27":{"start":{"line":156,"column":22},"end":{"line":156,"column":50}},"28":{"start":{"line":157,"column":8},"end":{"line":160,"column":10}},"29":{"start":{"line":164,"column":8},"end":{"line":169,"column":10}},"30":{"start":{"line":173,"column":26},"end":{"line":173,"column":40}},"31":{"start":{"line":174,"column":23},"end":{"line":174,"column":71}},"32":{"start":{"line":174,"column":52},"end":{"line":174,"column":70}},"33":{"start":{"line":176,"column":46},"end":{"line":176,"column":50}},"34":{"start":{"line":177,"column":8},"end":{"line":180,"column":9}},"35":{"start":{"line":178,"column":22},"end":{"line":178,"column":75}},"36":{"start":{"line":178,"column":56},"end":{"line":178,"column":74}},"37":{"start":{"line":179,"column":10},"end":{"line":179,"column":33}},"38":{"start":{"line":182,"column":8},"end":{"line":186,"column":10}},"39":{"start":{"line":190,"column":26},"end":{"line":190,"column":40}},"40":{"start":{"line":191,"column":22},"end":{"line":191,"column":24}},"41":{"start":{"line":192,"column":46},"end":{"line":192,"column":50}},"42":{"start":{"line":195,"column":8},"end":{"line":201,"column":9}},"43":{"start":{"line":195,"column":21},"end":{"line":195,"column":47}},"44":{"start":{"line":196,"column":10},"end":{"line":200,"column":11}},"45":{"start":{"line":197,"column":12},"end":{"line":197,"column":49}},"46":{"start":{"line":198,"column":12},"end":{"line":198,"column":33}},"47":{"start":{"line":199,"column":12},"end":{"line":199,"column":18}},"48":{"start":{"line":203,"column":8},"end":{"line":210,"column":10}},"49":{"start":{"line":214,"column":8},"end":{"line":214,"column":61}},"50":{"start":{"line":217,"column":8},"end":{"line":217,"column":58}},"51":{"start":{"line":220,"column":8},"end":{"line":220,"column":21}},"52":{"start":{"line":224,"column":28},"end":{"line":224,"column":61}},"53":{"start":{"line":225,"column":55},"end":{"line":225,"column":60}},"54":{"start":{"line":226,"column":36},"end":{"line":226,"column":68}},"55":{"start":{"line":234,"column":28},"end":{"line":247,"column":null}},"56":{"start":{"line":236,"column":6},"end":{"line":245,"column":8}},"57":{"start":{"line":237,"column":8},"end":{"line":244,"column":22}},"58":{"start":{"line":265,"column":25},"end":{"line":361,"column":null}},"59":{"start":{"line":267,"column":6},"end":{"line":359,"column":7}},"60":{"start":{"line":269,"column":37},"end":{"line":275,"column":9}},"61":{"start":{"line":270,"column":28},"end":{"line":270,"column":64}},"62":{"start":{"line":271,"column":10},"end":{"line":273,"column":11}},"63":{"start":{"line":272,"column":12},"end":{"line":272,"column":48}},"64":{"start":{"line":274,"column":10},"end":{"line":274,"column":34}},"65":{"start":{"line":278,"column":8},"end":{"line":346,"column":9}},"66":{"start":{"line":280,"column":34},"end":{"line":280,"column":62}},"67":{"start":{"line":281,"column":12},"end":{"line":287,"column":15}},"68":{"start":{"line":288,"column":12},"end":{"line":288,"column":56}},"69":{"start":{"line":289,"column":12},"end":{"line":289,"column":18}},"70":{"start":{"line":293,"column":33},"end":{"line":293,"column":49}},"71":{"start":{"line":294,"column":12},"end":{"line":296,"column":13}},"72":{"start":{"line":295,"column":14},"end":{"line":295,"column":50}},"73":{"start":{"line":297,"column":34},"end":{"line":297,"column":67}},"74":{"start":{"line":298,"column":12},"end":{"line":298,"column":38}},"75":{"start":{"line":299,"column":12},"end":{"line":299,"column":55}},"76":{"start":{"line":300,"column":12},"end":{"line":300,"column":18}},"77":{"start":{"line":304,"column":12},"end":{"line":306,"column":13}},"78":{"start":{"line":305,"column":14},"end":{"line":305,"column":50}},"79":{"start":{"line":307,"column":12},"end":{"line":307,"column":39}},"80":{"start":{"line":308,"column":12},"end":{"line":308,"column":38}},"81":{"start":{"line":309,"column":12},"end":{"line":309,"column":18}},"82":{"start":{"line":313,"column":12},"end":{"line":313,"column":42}},"83":{"start":{"line":314,"column":12},"end":{"line":314,"column":52}},"84":{"start":{"line":315,"column":12},"end":{"line":315,"column":18}},"85":{"start":{"line":319,"column":12},"end":{"line":319,"column":44}},"86":{"start":{"line":320,"column":12},"end":{"line":320,"column":54}},"87":{"start":{"line":321,"column":12},"end":{"line":321,"column":18}},"88":{"start":{"line":325,"column":12},"end":{"line":325,"column":41}},"89":{"start":{"line":326,"column":12},"end":{"line":326,"column":45}},"90":{"start":{"line":327,"column":12},"end":{"line":327,"column":18}},"91":{"start":{"line":331,"column":34},"end":{"line":331,"column":62}},"92":{"start":{"line":332,"column":12},"end":{"line":332,"column":76}},"93":{"start":{"line":333,"column":12},"end":{"line":333,"column":58}},"94":{"start":{"line":334,"column":12},"end":{"line":334,"column":18}},"95":{"start":{"line":338,"column":34},"end":{"line":338,"column":62}},"96":{"start":{"line":339,"column":12},"end":{"line":339,"column":76}},"97":{"start":{"line":340,"column":12},"end":{"line":340,"column":58}},"98":{"start":{"line":341,"column":12},"end":{"line":341,"column":18}},"99":{"start":{"line":345,"column":12},"end":{"line":345,"column":66}},"100":{"start":{"line":349,"column":8},"end":{"line":353,"column":9}},"101":{"start":{"line":350,"column":10},"end":{"line":352,"column":19}},"102":{"start":{"line":351,"column":12},"end":{"line":351,"column":70}},"103":{"start":{"line":355,"column":29},"end":{"line":355,"column":65}},"104":{"start":{"line":356,"column":8},"end":{"line":356,"column":82}},"105":{"start":{"line":357,"column":8},"end":{"line":357,"column":73}},"106":{"start":{"line":358,"column":8},"end":{"line":358,"column":20}},"107":{"start":{"line":369,"column":29},"end":{"line":371,"column":8}},"108":{"start":{"line":370,"column":4},"end":{"line":370,"column":64}},"109":{"start":{"line":378,"column":26},"end":{"line":380,"column":8}},"110":{"start":{"line":379,"column":4},"end":{"line":379,"column":63}},"111":{"start":{"line":382,"column":2},"end":{"line":392,"column":4}}},"fnMap":{"0":{"name":"(anonymous_9)","decl":{"start":{"line":25,"column":0},"end":{"line":25,"column":12}},"loc":{"start":{"line":25,"column":26},"end":{"line":30,"column":1}}},"1":{"name":"usePilha","decl":{"start":{"line":80,"column":16},"end":{"line":80,"column":24}},"loc":{"start":{"line":80,"column":55},"end":{"line":393,"column":1}}},"2":{"name":"(anonymous_11)","decl":{"start":{"line":95,"column":18},"end":{"line":95,"column":19}},"loc":{"start":{"line":95,"column":58},"end":{"line":222,"column":3}}},"3":{"name":"(anonymous_12)","decl":{"start":{"line":174,"column":44},"end":{"line":174,"column":45}},"loc":{"start":{"line":174,"column":52},"end":{"line":174,"column":70}}},"4":{"name":"(anonymous_13)","decl":{"start":{"line":178,"column":48},"end":{"line":178,"column":49}},"loc":{"start":{"line":178,"column":56},"end":{"line":178,"column":74}}},"5":{"name":"(anonymous_14)","decl":{"start":{"line":235,"column":4},"end":{"line":235,"column":5}},"loc":{"start":{"line":235,"column":76},"end":{"line":246,"column":5}}},"6":{"name":"(anonymous_15)","decl":{"start":{"line":236,"column":19},"end":{"line":236,"column":20}},"loc":{"start":{"line":237,"column":8},"end":{"line":244,"column":22}}},"7":{"name":"(anonymous_16)","decl":{"start":{"line":266,"column":4},"end":{"line":266,"column":9}},"loc":{"start":{"line":266,"column":54},"end":{"line":360,"column":5}}},"8":{"name":"(anonymous_17)","decl":{"start":{"line":269,"column":37},"end":{"line":269,"column":38}},"loc":{"start":{"line":269,"column":72},"end":{"line":275,"column":9}}},"9":{"name":"(anonymous_18)","decl":{"start":{"line":350,"column":21},"end":{"line":350,"column":24}},"loc":{"start":{"line":350,"column":26},"end":{"line":352,"column":11}}},"10":{"name":"(anonymous_19)","decl":{"start":{"line":369,"column":41},"end":{"line":369,"column":42}},"loc":{"start":{"line":369,"column":67},"end":{"line":371,"column":3}}},"11":{"name":"(anonymous_20)","decl":{"start":{"line":378,"column":38},"end":{"line":378,"column":39}},"loc":{"start":{"line":378,"column":66},"end":{"line":380,"column":3}}}},"branchMap":{"0":{"loc":{"start":{"line":25,"column":12},"end":{"line":25,"column":null}},"type":"binary-expr","locations":[{"start":{"line":25,"column":12},"end":{"line":25,"column":26}},{"start":{"line":25,"column":26},"end":{"line":25,"column":null}}]},"1":{"loc":{"start":{"line":80,"column":25},"end":{"line":80,"column":55}},"type":"default-arg","locations":[{"start":{"line":80,"column":53},"end":{"line":80,"column":55}}]},"2":{"loc":{"start":{"line":96,"column":4},"end":{"line":221,"column":5}},"type":"switch","locations":[{"start":{"line":97,"column":6},"end":{"line":116,"column":7}},{"start":{"line":118,"column":6},"end":{"line":132,"column":7}},{"start":{"line":134,"column":6},"end":{"line":146,"column":7}},{"start":{"line":148,"column":6},"end":{"line":153,"column":7}},{"start":{"line":155,"column":6},"end":{"line":161,"column":7}},{"start":{"line":163,"column":6},"end":{"line":170,"column":7}},{"start":{"line":172,"column":6},"end":{"line":187,"column":7}},{"start":{"line":189,"column":6},"end":{"line":211,"column":7}},{"start":{"line":213,"column":6},"end":{"line":214,"column":61}},{"start":{"line":216,"column":6},"end":{"line":217,"column":58}},{"start":{"line":219,"column":6},"end":{"line":220,"column":21}}]},"3":{"loc":{"start":{"line":101,"column":8},"end":{"line":103,"column":9}},"type":"if","locations":[{"start":{"line":101,"column":8},"end":{"line":103,"column":9}}]},"4":{"loc":{"start":{"line":119,"column":8},"end":{"line":121,"column":9}},"type":"if","locations":[{"start":{"line":119,"column":8},"end":{"line":121,"column":9}}]},"5":{"loc":{"start":{"line":135,"column":8},"end":{"line":137,"column":9}},"type":"if","locations":[{"start":{"line":135,"column":8},"end":{"line":137,"column":9}}]},"6":{"loc":{"start":{"line":159,"column":40},"end":{"line":159,"column":59}},"type":"cond-expr","locations":[{"start":{"line":159,"column":48},"end":{"line":159,"column":50}},{"start":{"line":159,"column":53},"end":{"line":159,"column":59}}]},"7":{"loc":{"start":{"line":177,"column":8},"end":{"line":180,"column":9}},"type":"if","locations":[{"start":{"line":177,"column":8},"end":{"line":180,"column":9}}]},"8":{"loc":{"start":{"line":185,"column":35},"end":{"line":185,"column":67}},"type":"cond-expr","locations":[{"start":{"line":185,"column":44},"end":{"line":185,"column":52}},{"start":{"line":185,"column":55},"end":{"line":185,"column":67}}]},"9":{"loc":{"start":{"line":196,"column":10},"end":{"line":200,"column":11}},"type":"if","locations":[{"start":{"line":196,"column":10},"end":{"line":200,"column":11}}]},"10":{"loc":{"start":{"line":207,"column":12},"end":{"line":209,"column":50}},"type":"cond-expr","locations":[{"start":{"line":208,"column":16},"end":{"line":208,"column":102}},{"start":{"line":209,"column":16},"end":{"line":209,"column":50}}]},"11":{"loc":{"start":{"line":208,"column":68},"end":{"line":208,"column":92}},"type":"cond-expr","locations":[{"start":{"line":208,"column":82},"end":{"line":208,"column":87}},{"start":{"line":208,"column":90},"end":{"line":208,"column":92}}]},"12":{"loc":{"start":{"line":235,"column":23},"end":{"line":235,"column":72}},"type":"default-arg","locations":[{"start":{"line":235,"column":48},"end":{"line":235,"column":72}}]},"13":{"loc":{"start":{"line":271,"column":10},"end":{"line":273,"column":11}},"type":"if","locations":[{"start":{"line":271,"column":10},"end":{"line":273,"column":11}}]},"14":{"loc":{"start":{"line":278,"column":8},"end":{"line":346,"column":9}},"type":"switch","locations":[{"start":{"line":279,"column":10},"end":{"line":290,"column":11}},{"start":{"line":292,"column":10},"end":{"line":301,"column":11}},{"start":{"line":303,"column":10},"end":{"line":310,"column":11}},{"start":{"line":312,"column":10},"end":{"line":316,"column":11}},{"start":{"line":318,"column":10},"end":{"line":322,"column":11}},{"start":{"line":324,"column":10},"end":{"line":328,"column":11}},{"start":{"line":330,"column":10},"end":{"line":335,"column":11}},{"start":{"line":337,"column":10},"end":{"line":342,"column":11}},{"start":{"line":344,"column":10},"end":{"line":345,"column":66}}]},"15":{"loc":{"start":{"line":294,"column":12},"end":{"line":296,"column":13}},"type":"if","locations":[{"start":{"line":294,"column":12},"end":{"line":296,"column":13}}]},"16":{"loc":{"start":{"line":304,"column":12},"end":{"line":306,"column":13}},"type":"if","locations":[{"start":{"line":304,"column":12},"end":{"line":306,"column":13}}]},"17":{"loc":{"start":{"line":349,"column":8},"end":{"line":353,"column":9}},"type":"if","locations":[{"start":{"line":349,"column":8},"end":{"line":353,"column":9}}]},"18":{"loc":{"start":{"line":355,"column":29},"end":{"line":355,"column":65}},"type":"binary-expr","locations":[{"start":{"line":355,"column":29},"end":{"line":355,"column":42}},{"start":{"line":355,"column":46},"end":{"line":355,"column":65}}]}},"s":{"0":0,"1":0,"2":0,"3":0,"4":0,"5":0,"6":0,"7":0,"8":0,"9":0,"10":0,"11":0,"12":0,"13":0,"14":0,"15":0,"16":0,"17":0,"18":0,"19":0,"20":0,"21":0,"22":0,"23":0,"24":0,"25":0,"26":0,"27":0,"28":0,"29":0,"30":0,"31":0,"32":0,"33":0,"34":0,"35":0,"36":0,"37":0,"38":0,"39":0,"40":0,"41":0,"42":0,"43":0,"44":0,"45":0,"46":0,"47":0,"48":0,"49":0,"50":0,"51":0,"52":0,"53":0,"54":0,"55":0,"56":0,"57":0,"58":0,"59":0,"60":0,"61":0,"62":0,"63":0,"64":0,"65":0,"66":0,"67":0,"68":0,"69":0,"70":0,"71":0,"72":0,"73":0,"74":0,"75":0,"76":0,"77":0,"78":0,"79":0,"80":0,"81":0,"82":0,"83":0,"84":0,"85":0,"86":0,"87":0,"88":0,"89":0,"90":0,"91":0,"92":0,"93":0,"94":0,"95":0,"96":0,"97":0,"98":0,"99":0,"100":0,"101":0,"102":0,"103":0,"104":0,"105":0,"106":0,"107":0,"108":0,"109":0,"110":0,"111":0},"f":{"0":0,"1":0,"2":0,"3":0,"4":0,"5":0,"6":0,"7":0,"8":0,"9":0,"10":0,"11":0},"b":{"0":[0,0],"1":[0],"2":[0,0,0,0,0,0,0,0,0,0,0],"3":[0],"4":[0],"5":[0],"6":[0,0],"7":[0],"8":[0,0],"9":[0],"10":[0,0],"11":[0,0],"12":[0],"13":[0],"14":[0,0,0,0,0,0,0,0,0],"15":[0],"16":[0],"17":[0],"18":[0,0]}}
,"/home/user/aplicativo-nova-estrutura-dados/src/components/DataStructures/Vetor/metodosVetor.ts": {"path":"/home/user/aplicativo-nova-estrutura-dados/src/components/DataStructures/Vetor/metodosVetor.ts","statementMap":{"0":{"start":{"line":10,"column":13},"end":{"line":16,"column":11}},"1":{"start":{"line":22,"column":13},"end":{"line":103,"column":2}}},"fnMap":{},"branchMap":{},"s":{"0":0,"1":0},"f":{},"b":{}}
,"/home/user/aplicativo-nova-estrutura-dados/src/components/DataStructures/Vetor/useVetor.ts": {"path":"/home/user/aplicativo-nova-estrutura-dados/src/components/DataStructures/Vetor/useVetor.ts","statementMap":{"0":{"start":{"line":36,"column":0},"end":{"line":36,"column":16}},"1":{"start":{"line":2,"column":0},"end":{"line":2,"column":58}},"2":{"start":{"line":3,"column":0},"end":{"line":3,"column":56}},"3":{"start":{"line":4,"column":0},"end":{"line":4,"column":66}},"4":{"start":{"line":5,"column":0},"end":{"line":5,"column":36}},"5":{"start":{"line":12,"column":0},"end":{"line":12,"column":null}},"6":{"start":{"line":13,"column":2},"end":{"line":13,"column":null}},"7":{"start":{"line":14,"column":2},"end":{"line":14,"column":null}},"8":{"start":{"line":15,"column":2},"end":{"line":15,"column":null}},"9":{"start":{"line":16,"column":2},"end":{"line":16,"column":null}},"10":{"start":{"line":37,"column":30},"end":{"line":41,"column":4}},"11":{"start":{"line":43,"column":18},"end":{"line":215,"column":3}},"12":{"start":{"line":44,"column":35},"end":{"line":44,"column":37}},"13":{"start":{"line":45,"column":4},"end":{"line":214,"column":5}},"14":{"start":{"line":47,"column":53},"end":{"line":47,"column":67}},"15":{"start":{"line":48,"column":32},"end":{"line":48,"column":112}},"16":{"start":{"line":49,"column":8},"end":{"line":51,"column":9}},"17":{"start":{"line":50,"column":10},"end":{"line":50,"column":52}},"18":{"start":{"line":52,"column":8},"end":{"line":62,"column":9}},"19":{"start":{"line":53,"column":10},"end":{"line":53,"column":96}},"20":{"start":{"line":53,"column":71},"end":{"line":53,"column":78}},"21":{"start":{"line":54,"column":10},"end":{"line":59,"column":12}},"22":{"start":{"line":56,"column":52},"end":{"line":56,"column":75}},"23":{"start":{"line":61,"column":10},"end":{"line":61,"column":134}},"24":{"start":{"line":65,"column":27},"end":{"line":65,"column":41}},"25":{"start":{"line":66,"column":32},"end":{"line":66,"column":116}},"26":{"start":{"line":67,"column":8},"end":{"line":69,"column":9}},"27":{"start":{"line":68,"column":10},"end":{"line":68,"column":52}},"28":{"start":{"line":70,"column":8},"end":{"line":70,"column":87}},"29":{"start":{"line":70,"column":69},"end":{"line":70,"column":76}},"30":{"start":{"line":71,"column":8},"end":{"line":75,"column":10}},"31":{"start":{"line":73,"column":59},"end":{"line":73,"column":99}},"32":{"start":{"line":78,"column":26},"end":{"line":78,"column":40}},"33":{"start":{"line":79,"column":33},"end":{"line":79,"column":92}},"34":{"start":{"line":79,"column":76},"end":{"line":79,"column":83}},"35":{"start":{"line":80,"column":8},"end":{"line":84,"column":10}},"36":{"start":{"line":87,"column":27},"end":{"line":87,"column":41}},"37":{"start":{"line":88,"column":32},"end":{"line":88,"column":116}},"38":{"start":{"line":89,"column":8},"end":{"line":91,"column":9}},"39":{"start":{"line":90,"column":10},"end":{"line":90,"column":52}},"40":{"start":{"line":92,"column":25},"end":{"line":92,"column":84}},"41":{"start":{"line":92,"column":67},"end":{"line":92,"column":74}},"42":{"start":{"line":93,"column":8},"end":{"line":97,"column":10}},"43":{"start":{"line":100,"column":34},"end":{"line":100,"column":48}},"44":{"start":{"line":101,"column":32},"end":{"line":101,"column":116}},"45":{"start":{"line":102,"column":8},"end":{"line":104,"column":9}},"46":{"start":{"line":103,"column":10},"end":{"line":103,"column":52}},"47":{"start":{"line":105,"column":8},"end":{"line":105,"column":94}},"48":{"start":{"line":105,"column":69},"end":{"line":105,"column":76}},"49":{"start":{"line":106,"column":8},"end":{"line":111,"column":10}},"50":{"start":{"line":108,"column":59},"end":{"line":108,"column":99}},"51":{"start":{"line":114,"column":8},"end":{"line":117,"column":10}},"52":{"start":{"line":116,"column":89},"end":{"line":116,"column":96}},"53":{"start":{"line":119,"column":8},"end":{"line":122,"column":10}},"54":{"start":{"line":121,"column":86},"end":{"line":121,"column":93}},"55":{"start":{"line":124,"column":8},"end":{"line":128,"column":10}},"56":{"start":{"line":130,"column":8},"end":{"line":130,"column":79}},"57":{"start":{"line":130,"column":69},"end":{"line":130,"column":76}},"58":{"start":{"line":131,"column":8},"end":{"line":135,"column":10}},"59":{"start":{"line":133,"column":59},"end":{"line":133,"column":99}},"60":{"start":{"line":137,"column":8},"end":{"line":137,"column":80}},"61":{"start":{"line":137,"column":70},"end":{"line":137,"column":77}},"62":{"start":{"line":138,"column":8},"end":{"line":142,"column":10}},"63":{"start":{"line":140,"column":59},"end":{"line":140,"column":99}},"64":{"start":{"line":144,"column":45},"end":{"line":144,"column":59}},"65":{"start":{"line":145,"column":8},"end":{"line":155,"column":9}},"66":{"start":{"line":146,"column":10},"end":{"line":146,"column":97}},"67":{"start":{"line":146,"column":80},"end":{"line":146,"column":87}},"68":{"start":{"line":147,"column":10},"end":{"line":152,"column":12}},"69":{"start":{"line":149,"column":52},"end":{"line":149,"column":75}},"70":{"start":{"line":154,"column":10},"end":{"line":154,"column":134}},"71":{"start":{"line":158,"column":68},"end":{"line":158,"column":82}},"72":{"start":{"line":159,"column":8},"end":{"line":161,"column":9}},"73":{"start":{"line":160,"column":10},"end":{"line":160,"column":180}},"74":{"start":{"line":162,"column":8},"end":{"line":162,"column":89}},"75":{"start":{"line":162,"column":70},"end":{"line":162,"column":77}},"76":{"start":{"line":163,"column":8},"end":{"line":167,"column":10}},"77":{"start":{"line":165,"column":50},"end":{"line":165,"column":73}},"78":{"start":{"line":170,"column":8},"end":{"line":170,"column":86}},"79":{"start":{"line":170,"column":76},"end":{"line":170,"column":83}},"80":{"start":{"line":171,"column":8},"end":{"line":175,"column":10}},"81":{"start":{"line":173,"column":59},"end":{"line":173,"column":99}},"82":{"start":{"line":177,"column":32},"end":{"line":177,"column":46}},"83":{"start":{"line":178,"column":32},"end":{"line":178,"column":116}},"84":{"start":{"line":179,"column":29},"end":{"line":179,"column":106}},"85":{"start":{"line":180,"column":8},"end":{"line":182,"column":9}},"86":{"start":{"line":181,"column":10},"end":{"line":181,"column":91}},"87":{"start":{"line":183,"column":8},"end":{"line":183,"column":91}},"88":{"start":{"line":183,"column":68},"end":{"line":183,"column":75}},"89":{"start":{"line":184,"column":8},"end":{"line":188,"column":10}},"90":{"start":{"line":186,"column":50},"end":{"line":186,"column":73}},"91":{"start":{"line":191,"column":26},"end":{"line":191,"column":40}},"92":{"start":{"line":192,"column":8},"end":{"line":195,"column":10}},"93":{"start":{"line":194,"column":78},"end":{"line":194,"column":85}},"94":{"start":{"line":198,"column":26},"end":{"line":198,"column":40}},"95":{"start":{"line":199,"column":23},"end":{"line":199,"column":84}},"96":{"start":{"line":199,"column":68},"end":{"line":199,"column":75}},"97":{"start":{"line":200,"column":8},"end":{"line":204,"column":10}},"98":{"start":{"line":207,"column":8},"end":{"line":207,"column":55}},"99":{"start":{"line":209,"column":8},"end":{"line":209,"column":61}},"100":{"start":{"line":211,"column":8},"end":{"line":211,"column":58}},"101":{"start":{"line":213,"column":8},"end":{"line":213,"column":21}},"102":{"start":{"line":217,"column":28},"end":{"line":217,"column":61}},"103":{"start":{"line":218,"column":55},"end":{"line":218,"column":60}},"104":{"start":{"line":219,"column":36},"end":{"line":219,"column":68}},"105":{"start":{"line":221,"column":28},"end":{"line":227,"column":8}},"106":{"start":{"line":222,"column":4},"end":{"line":226,"column":30}},"107":{"start":{"line":222,"column":25},"end":{"line":226,"column":28}},"108":{"start":{"line":229,"column":25},"end":{"line":363,"column":null}},"109":{"start":{"line":231,"column":6},"end":{"line":361,"column":7}},"110":{"start":{"line":232,"column":37},"end":{"line":236,"column":9}},"111":{"start":{"line":233,"column":28},"end":{"line":233,"column":64}},"112":{"start":{"line":234,"column":10},"end":{"line":234,"column":69}},"113":{"start":{"line":234,"column":33},"end":{"line":234,"column":69}},"114":{"start":{"line":235,"column":10},"end":{"line":235,"column":34}},"115":{"start":{"line":238,"column":8},"end":{"line":353,"column":9}},"116":{"start":{"line":240,"column":12},"end":{"line":247,"column":15}},"117":{"start":{"line":248,"column":12},"end":{"line":248,"column":18}},"118":{"start":{"line":250,"column":12},"end":{"line":256,"column":15}},"119":{"start":{"line":257,"column":12},"end":{"line":257,"column":18}},"120":{"start":{"line":259,"column":12},"end":{"line":264,"column":15}},"121":{"start":{"line":265,"column":12},"end":{"line":265,"column":18}},"122":{"start":{"line":267,"column":12},"end":{"line":273,"column":15}},"123":{"start":{"line":274,"column":12},"end":{"line":274,"column":18}},"124":{"start":{"line":276,"column":12},"end":{"line":283,"column":15}},"125":{"start":{"line":284,"column":12},"end":{"line":284,"column":18}},"126":{"start":{"line":286,"column":12},"end":{"line":286,"column":42}},"127":{"start":{"line":287,"column":12},"end":{"line":287,"column":18}},"128":{"start":{"line":289,"column":12},"end":{"line":289,"column":44}},"129":{"start":{"line":290,"column":12},"end":{"line":290,"column":18}},"130":{"start":{"line":292,"column":12},"end":{"line":292,"column":41}},"131":{"start":{"line":293,"column":12},"end":{"line":293,"column":18}},"132":{"start":{"line":295,"column":12},"end":{"line":295,"column":42}},"133":{"start":{"line":296,"column":12},"end":{"line":296,"column":18}},"134":{"start":{"line":298,"column":12},"end":{"line":298,"column":43}},"135":{"start":{"line":299,"column":12},"end":{"line":299,"column":18}},"136":{"start":{"line":301,"column":12},"end":{"line":307,"column":15}},"137":{"start":{"line":308,"column":12},"end":{"line":308,"column":18}},"138":{"start":{"line":310,"column":28},"end":{"line":314,"column":26}},"139":{"start":{"line":313,"column":24},"end":{"line":313,"column":32}},"140":{"start":{"line":315,"column":12},"end":{"line":321,"column":13}},"141":{"start":{"line":316,"column":14},"end":{"line":318,"column":17}},"142":{"start":{"line":317,"column":16},"end":{"line":317,"column":51}},"143":{"start":{"line":320,"column":14},"end":{"line":320,"column":67}},"144":{"start":{"line":322,"column":12},"end":{"line":329,"column":15}},"145":{"start":{"line":330,"column":12},"end":{"line":330,"column":18}},"146":{"start":{"line":333,"column":12},"end":{"line":333,"column":49}},"147":{"start":{"line":334,"column":12},"end":{"line":334,"column":18}},"148":{"start":{"line":336,"column":12},"end":{"line":343,"column":15}},"149":{"start":{"line":344,"column":12},"end":{"line":344,"column":18}},"150":{"start":{"line":346,"column":12},"end":{"line":346,"column":77}},"151":{"start":{"line":347,"column":12},"end":{"line":347,"column":18}},"152":{"start":{"line":349,"column":12},"end":{"line":349,"column":79}},"153":{"start":{"line":350,"column":12},"end":{"line":350,"column":18}},"154":{"start":{"line":352,"column":12},"end":{"line":352,"column":55}},"155":{"start":{"line":355,"column":8},"end":{"line":357,"column":9}},"156":{"start":{"line":356,"column":10},"end":{"line":356,"column":92}},"157":{"start":{"line":356,"column":27},"end":{"line":356,"column":84}},"158":{"start":{"line":359,"column":8},"end":{"line":359,"column":83}},"159":{"start":{"line":360,"column":8},"end":{"line":360,"column":20}},"160":{"start":{"line":366,"column":2},"end":{"line":376,"column":4}},"161":{"start":{"line":374,"column":51},"end":{"line":374,"column":110}},"162":{"start":{"line":375,"column":50},"end":{"line":375,"column":108}}},"fnMap":{"0":{"name":"(anonymous_9)","decl":{"start":{"line":12,"column":0},"end":{"line":12,"column":12}},"loc":{"start":{"line":12,"column":26},"end":{"line":17,"column":1}}},"1":{"name":"useVetor","decl":{"start":{"line":36,"column":16},"end":{"line":36,"column":24}},"loc":{"start":{"line":36,"column":55},"end":{"line":377,"column":1}}},"2":{"name":"(anonymous_11)","decl":{"start":{"line":43,"column":18},"end":{"line":43,"column":19}},"loc":{"start":{"line":43,"column":58},"end":{"line":215,"column":3}}},"3":{"name":"(anonymous_12)","decl":{"start":{"line":53,"column":66},"end":{"line":53,"column":67}},"loc":{"start":{"line":53,"column":71},"end":{"line":53,"column":78}}},"4":{"name":"(anonymous_13)","decl":{"start":{"line":56,"column":42},"end":{"line":56,"column":47}},"loc":{"start":{"line":56,"column":52},"end":{"line":56,"column":75}}},"5":{"name":"(anonymous_14)","decl":{"start":{"line":70,"column":64},"end":{"line":70,"column":65}},"loc":{"start":{"line":70,"column":69},"end":{"line":70,"column":76}}},"6":{"name":"(anonymous_15)","decl":{"start":{"line":73,"column":40},"end":{"line":73,"column":41}},"loc":{"start":{"line":73,"column":59},"end":{"line":73,"column":99}}},"7":{"name":"(anonymous_16)","decl":{"start":{"line":79,"column":71},"end":{"line":79,"column":72}},"loc":{"start":{"line":79,"column":76},"end":{"line":79,"column":83}}},"8":{"name":"(anonymous_17)","decl":{"start":{"line":92,"column":62},"end":{"line":92,"column":63}},"loc":{"start":{"line":92,"column":67},"end":{"line":92,"column":74}}},"9":{"name":"(anonymous_18)","decl":{"start":{"line":105,"column":64},"end":{"line":105,"column":65}},"loc":{"start":{"line":105,"column":69},"end":{"line":105,"column":76}}},"10":{"name":"(anonymous_19)","decl":{"start":{"line":108,"column":40},"end":{"line":108,"column":41}},"loc":{"start":{"line":108,"column":59},"end":{"line":108,"column":99}}},"11":{"name":"(anonymous_20)","decl":{"start":{"line":116,"column":84},"end":{"line":116,"column":85}},"loc":{"start":{"line":116,"column":89},"end":{"line":116,"column":96}}},"12":{"name":"(anonymous_21)","decl":{"start":{"line":121,"column":81},"end":{"line":121,"column":82}},"loc":{"start":{"line":121,"column":86},"end":{"line":121,"column":93}}},"13":{"name":"(anonymous_22)","decl":{"start":{"line":130,"column":64},"end":{"line":130,"column":65}},"loc":{"start":{"line":130,"column":69},"end":{"line":130,"column":76}}},"14":{"name":"(anonymous_23)","decl":{"start":{"line":133,"column":40},"end":{"line":133,"column":41}},"loc":{"start":{"line":133,"column":59},"end":{"line":133,"column":99}}},"15":{"name":"(anonymous_24)","decl":{"start":{"line":137,"column":65},"end":{"line":137,"column":66}},"loc":{"start":{"line":137,"column":70},"end":{"line":137,"column":77}}},"16":{"name":"(anonymous_25)","decl":{"start":{"line":140,"column":40},"end":{"line":140,"column":41}},"loc":{"start":{"line":140,"column":59},"end":{"line":140,"column":99}}},"17":{"name":"(anonymous_26)","decl":{"start":{"line":146,"column":75},"end":{"line":146,"column":76}},"loc":{"start":{"line":146,"column":80},"end":{"line":146,"column":87}}},"18":{"name":"(anonymous_27)","decl":{"start":{"line":149,"column":42},"end":{"line":149,"column":47}},"loc":{"start":{"line":149,"column":52},"end":{"line":149,"column":75}}},"19":{"name":"(anonymous_28)","decl":{"start":{"line":162,"column":65},"end":{"line":162,"column":66}},"loc":{"start":{"line":162,"column":70},"end":{"line":162,"column":77}}},"20":{"name":"(anonymous_29)","decl":{"start":{"line":165,"column":40},"end":{"line":165,"column":45}},"loc":{"start":{"line":165,"column":50},"end":{"line":165,"column":73}}},"21":{"name":"(anonymous_30)","decl":{"start":{"line":170,"column":71},"end":{"line":170,"column":72}},"loc":{"start":{"line":170,"column":76},"end":{"line":170,"column":83}}},"22":{"name":"(anonymous_31)","decl":{"start":{"line":173,"column":40},"end":{"line":173,"column":41}},"loc":{"start":{"line":173,"column":59},"end":{"line":173,"column":99}}},"23":{"name":"(anonymous_32)","decl":{"start":{"line":183,"column":63},"end":{"line":183,"column":64}},"loc":{"start":{"line":183,"column":68},"end":{"line":183,"column":75}}},"24":{"name":"(anonymous_33)","decl":{"start":{"line":186,"column":40},"end":{"line":186,"column":45}},"loc":{"start":{"line":186,"column":50},"end":{"line":186,"column":73}}},"25":{"name":"(anonymous_34)","decl":{"start":{"line":194,"column":73},"end":{"line":194,"column":74}},"loc":{"start":{"line":194,"column":78},"end":{"line":194,"column":85}}},"26":{"name":"(anonymous_35)","decl":{"start":{"line":199,"column":63},"end":{"line":199,"column":64}},"loc":{"start":{"line":199,"column":68},"end":{"line":199,"column":75}}},"27":{"name":"(anonymous_36)","decl":{"start":{"line":221,"column":40},"end":{"line":221,"column":41}},"loc":{"start":{"line":221,"column":112},"end":{"line":227,"column":3}}},"28":{"name":"(anonymous_37)","decl":{"start":{"line":222,"column":17},"end":{"line":222,"column":21}},"loc":{"start":{"line":222,"column":25},"end":{"line":226,"column":28}}},"29":{"name":"(anonymous_38)","decl":{"start":{"line":230,"column":4},"end":{"line":230,"column":9}},"loc":{"start":{"line":230,"column":116},"end":{"line":362,"column":5}}},"30":{"name":"(anonymous_39)","decl":{"start":{"line":232,"column":37},"end":{"line":232,"column":38}},"loc":{"start":{"line":232,"column":64},"end":{"line":236,"column":9}}},"31":{"name":"(anonymous_40)","decl":{"start":{"line":313,"column":19},"end":{"line":313,"column":20}},"loc":{"start":{"line":313,"column":24},"end":{"line":313,"column":32}}},"32":{"name":"(anonymous_41)","decl":{"start":{"line":316,"column":30},"end":{"line":316,"column":31}},"loc":{"start":{"line":316,"column":34},"end":{"line":318,"column":15}}},"33":{"name":"(anonymous_42)","decl":{"start":{"line":356,"column":21},"end":{"line":356,"column":24}},"loc":{"start":{"line":356,"column":27},"end":{"line":356,"column":84}}},"34":{"name":"(anonymous_43)","decl":{"start":{"line":374,"column":24},"end":{"line":374,"column":25}},"loc":{"start":{"line":374,"column":51},"end":{"line":374,"column":110}}},"35":{"name":"(anonymous_44)","decl":{"start":{"line":375,"column":21},"end":{"line":375,"column":22}},"loc":{"start":{"line":375,"column":50},"end":{"line":375,"column":108}}}},"branchMap":{"0":{"loc":{"start":{"line":12,"column":12},"end":{"line":12,"column":null}},"type":"binary-expr","locations":[{"start":{"line":12,"column":12},"end":{"line":12,"column":26}},{"start":{"line":12,"column":26},"end":{"line":12,"column":null}}]},"1":{"loc":{"start":{"line":36,"column":25},"end":{"line":36,"column":55}},"type":"default-arg","locations":[{"start":{"line":36,"column":53},"end":{"line":36,"column":55}}]},"2":{"loc":{"start":{"line":45,"column":4},"end":{"line":214,"column":5}},"type":"switch","locations":[{"start":{"line":46,"column":6},"end":{"line":63,"column":7}},{"start":{"line":64,"column":6},"end":{"line":76,"column":7}},{"start":{"line":77,"column":6},"end":{"line":85,"column":7}},{"start":{"line":86,"column":6},"end":{"line":98,"column":7}},{"start":{"line":99,"column":6},"end":{"line":112,"column":7}},{"start":{"line":113,"column":6},"end":{"line":117,"column":10}},{"start":{"line":118,"column":6},"end":{"line":122,"column":10}},{"start":{"line":123,"column":6},"end":{"line":128,"column":10}},{"start":{"line":129,"column":6},"end":{"line":135,"column":10}},{"start":{"line":136,"column":6},"end":{"line":142,"column":10}},{"start":{"line":143,"column":6},"end":{"line":156,"column":7}},{"start":{"line":157,"column":6},"end":{"line":168,"column":7}},{"start":{"line":169,"column":6},"end":{"line":175,"column":10}},{"start":{"line":176,"column":6},"end":{"line":189,"column":7}},{"start":{"line":190,"column":6},"end":{"line":196,"column":7}},{"start":{"line":197,"column":6},"end":{"line":205,"column":7}},{"start":{"line":206,"column":6},"end":{"line":207,"column":55}},{"start":{"line":208,"column":6},"end":{"line":209,"column":61}},{"start":{"line":210,"column":6},"end":{"line":211,"column":58}},{"start":{"line":212,"column":6},"end":{"line":213,"column":21}}]},"3":{"loc":{"start":{"line":49,"column":8},"end":{"line":51,"column":9}},"type":"if","locations":[{"start":{"line":49,"column":8},"end":{"line":51,"column":9}}]},"4":{"loc":{"start":{"line":52,"column":8},"end":{"line":62,"column":9}},"type":"if","locations":[{"start":{"line":52,"column":8},"end":{"line":62,"column":9}},{"start":{"line":60,"column":15},"end":{"line":62,"column":9}}]},"5":{"loc":{"start":{"line":67,"column":8},"end":{"line":69,"column":9}},"type":"if","locations":[{"start":{"line":67,"column":8},"end":{"line":69,"column":9}}]},"6":{"loc":{"start":{"line":83,"column":45},"end":{"line":83,"column":133}},"type":"cond-expr","locations":[{"start":{"line":83,"column":71},"end":{"line":83,"column":114}},{"start":{"line":83,"column":117},"end":{"line":83,"column":133}}]},"7":{"loc":{"start":{"line":89,"column":8},"end":{"line":91,"column":9}},"type":"if","locations":[{"start":{"line":89,"column":8},"end":{"line":91,"column":9}}]},"8":{"loc":{"start":{"line":102,"column":8},"end":{"line":104,"column":9}},"type":"if","locations":[{"start":{"line":102,"column":8},"end":{"line":104,"column":9}}]},"9":{"loc":{"start":{"line":121,"column":40},"end":{"line":121,"column":109}},"type":"cond-expr","locations":[{"start":{"line":121,"column":98},"end":{"line":121,"column":100}},{"start":{"line":121,"column":103},"end":{"line":121,"column":109}}]},"10":{"loc":{"start":{"line":145,"column":8},"end":{"line":155,"column":9}},"type":"if","locations":[{"start":{"line":145,"column":8},"end":{"line":155,"column":9}},{"start":{"line":153,"column":15},"end":{"line":155,"column":9}}]},"11":{"loc":{"start":{"line":159,"column":8},"end":{"line":161,"column":9}},"type":"if","locations":[{"start":{"line":159,"column":8},"end":{"line":161,"column":9}}]},"12":{"loc":{"start":{"line":180,"column":8},"end":{"line":182,"column":9}},"type":"if","locations":[{"start":{"line":180,"column":8},"end":{"line":182,"column":9}}]},"13":{"loc":{"start":{"line":180,"column":12},"end":{"line":180,"column":59}},"type":"binary-expr","locations":[{"start":{"line":180,"column":12},"end":{"line":180,"column":35}},{"start":{"line":180,"column":39},"end":{"line":180,"column":59}}]},"14":{"loc":{"start":{"line":194,"column":35},"end":{"line":194,"column":120}},"type":"cond-expr","locations":[{"start":{"line":194,"column":97},"end":{"line":194,"column":105}},{"start":{"line":194,"column":108},"end":{"line":194,"column":120}}]},"15":{"loc":{"start":{"line":221,"column":59},"end":{"line":221,"column":108}},"type":"default-arg","locations":[{"start":{"line":221,"column":84},"end":{"line":221,"column":108}}]},"16":{"loc":{"start":{"line":234,"column":10},"end":{"line":234,"column":69}},"type":"if","locations":[{"start":{"line":234,"column":10},"end":{"line":234,"column":69}}]},"17":{"loc":{"start":{"line":238,"column":8},"end":{"line":353,"column":9}},"type":"switch","locations":[{"start":{"line":239,"column":10},"end":{"line":248,"column":18}},{"start":{"line":249,"column":10},"end":{"line":257,"column":18}},{"start":{"line":258,"column":10},"end":{"line":265,"column":18}},{"start":{"line":266,"column":10},"end":{"line":274,"column":18}},{"start":{"line":275,"column":10},"end":{"line":284,"column":18}},{"start":{"line":285,"column":10},"end":{"line":287,"column":18}},{"start":{"line":288,"column":10},"end":{"line":290,"column":18}},{"start":{"line":291,"column":10},"end":{"line":293,"column":18}},{"start":{"line":294,"column":10},"end":{"line":296,"column":18}},{"start":{"line":297,"column":10},"end":{"line":299,"column":18}},{"start":{"line":300,"column":10},"end":{"line":308,"column":18}},{"start":{"line":309,"column":10},"end":{"line":331,"column":11}},{"start":{"line":332,"column":10},"end":{"line":334,"column":18}},{"start":{"line":335,"column":10},"end":{"line":344,"column":18}},{"start":{"line":345,"column":10},"end":{"line":347,"column":18}},{"start":{"line":348,"column":10},"end":{"line":350,"column":18}},{"start":{"line":351,"column":10},"end":{"line":352,"column":55}}]},"18":{"loc":{"start":{"line":355,"column":8},"end":{"line":357,"column":9}},"type":"if","locations":[{"start":{"line":355,"column":8},"end":{"line":357,"column":9}}]}},"s":{"0":0,"1":0,"2":0,"3":0,"4":0,"5":0,"6":0,"7":0,"8":0,"9":0,"10":0,"11":0,"12":0,"13":0,"14":0,"15":0,"16":0,"17":0,"18":0,"19":0,"20":0,"21":0,"22":0,"23":0,"24":0,"25":0,"26":0,"27":0,"28":0,"29":0,"30":0,"31":0,"32":0,"33":0,"34":0,"35":0,"36":0,"37":0,"38":0,"39":0,"40":0,"41":0,"42":0,"43":0,"44":0,"45":0,"46":0,"47":0,"48":0,"49":0,"50":0,"51":0,"52":0,"53":0,"54":0,"55":0,"56":0,"57":0,"58":0,"59":0,"60":0,"61":0,"62":0,"63":0,"64":0,"65":0,"66":0,"67":0,"68":0,"69":0,"70":0,"71":0,"72":0,"73":0,"74":0,"75":0,"76":0,"77":0,"78":0,"79":0,"80":0,"81":0,"82":0,"83":0,"84":0,"85":0,"86":0,"87":0,"88":0,"89":0,"90":0,"91":0,"92":0,"93":0,"94":0,"95":0,"96":0,"97":0,"98":0,"99":0,"100":0,"101":0,"102":0,"103":0,"104":0,"105":0,"106":0,"107":0,"108":0,"109":0,"110":0,"111":0,"112":0,"113":0,"114":0,"115":0,"116":0,"117":0,"118":0,"119":0,"120":0,"121":0,"122":0,"123":0,"124":0,"125":0,"126":0,"127":0,"128":0,"129":0,"130":0,"131":0,"132":0,"133":0,"134":0,"135":0,"136":0,"137":0,"138":0,"139":0,"140":0,"141":0,"142":0,"143":0,"144":0,"145":0,"146":0,"147":0,"148":0,"149":0,"150":0,"151":0,"152":0,"153":0,"154":0,"155":0,"156":0,"157":0,"158":0,"159":0,"160":0,"161":0,"162":0},"f":{"0":0,"1":0,"2":0,"3":0,"4":0,"5":0,"6":0,"7":0,"8":0,"9":0,"10":0,"11":0,"12":0,"13":0,"14":0,"15":0,"16":0,"17":0,"18":0,"19":0,"20":0,"21":0,"22":0,"23":0,"24":0,"25":0,"26":0,"27":0,"28":0,"29":0,"30":0,"31":0,"32":0,"33":0,"34":0,"35":0},"b":{"0":[0,0],"1":[0],"2":[0,0,0,0,0,0,0,0,0,0,0,0,0,0,0,0,0,0,0,0],"3":[0],"4":[0,0],"5":[0],"6":[0,0],"7":[0],"8":[0],"9":[0,0],"10":[0,0],"11":[0],"12":[0],"13":[0,0],"14":[0,0],"15":[0],"16":[0],"17":[0,0,0,0,0,0,0,0,0,0,0,0,0,0,0,0,0],"18":[0]}}
,"/home/user/aplicativo-nova-estrutura-dados/src/components/DataStructures/Vetor/vetor.ts": {"path":"/home/user/aplicativo-nova-estrutura-dados/src/components/DataStructures/Vetor/vetor.ts","statementMap":{"0":{"start":{"line":3,"column":10},"end":{"line":3,"column":null}},"1":{"start":{"line":4,"column":10},"end":{"line":4,"column":null}},"2":{"start":{"line":7,"column":4},"end":{"line":7,"column":50}},"3":{"start":{"line":8,"column":4},"end":{"line":8,"column":40}},"4":{"start":{"line":12,"column":4},"end":{"line":14,"column":5}},"5":{"start":{"line":13,"column":6},"end":{"line":13,"column":64}},"6":{"start":{"line":15,"column":4},"end":{"line":17,"column":5}},"7":{"start":{"line":16,"column":6},"end":{"line":16,"column":63}},"8":{"start":{"line":21,"column":4},"end":{"line":28,"column":5}},"9":{"start":{"line":22,"column":6},"end":{"line":22,"column":27}},"10":{"start":{"line":23,"column":29},"end":{"line":23,"column":55}},"11":{"start":{"line":24,"column":6},"end":{"line":26,"column":7}},"12":{"start":{"line":24,"column":19},"end":{"line":24,"column":20}},"13":{"start":{"line":25,"column":8},"end":{"line":25,"column":46}},"14":{"start":{"line":27,"column":6},"end":{"line":27,"column":38}},"15":{"start":{"line":32,"column":4},"end":{"line":34,"column":5}},"16":{"start":{"line":33,"column":6},"end":{"line":33,"column":49}},"17":{"start":{"line":36,"column":4},"end":{"line":36,"column":40}},"18":{"start":{"line":37,"column":4},"end":{"line":37,"column":31}},"19":{"start":{"line":39,"column":4},"end":{"line":41,"column":5}},"20":{"start":{"line":39,"column":17},"end":{"line":39,"column":38}},"21":{"start":{"line":40,"column":6},"end":{"line":40,"column":48}},"22":{"start":{"line":42,"column":4},"end":{"line":42,"column":38}},"23":{"start":{"line":46,"column":4},"end":{"line":48,"column":5}},"24":{"start":{"line":47,"column":6},"end":{"line":47,"column":49}},"25":{"start":{"line":50,"column":21},"end":{"line":50,"column":43}},"26":{"start":{"line":51,"column":4},"end":{"line":53,"column":5}},"27":{"start":{"line":51,"column":17},"end":{"line":51,"column":23}},"28":{"start":{"line":52,"column":6},"end":{"line":52,"column":48}},"29":{"start":{"line":54,"column":4},"end":{"line":54,"column":28}},"30":{"start":{"line":55,"column":4},"end":{"line":55,"column":20}},"31":{"start":{"line":59,"column":4},"end":{"line":59,"column":40}},"32":{"start":{"line":60,"column":4},"end":{"line":64,"column":5}},"33":{"start":{"line":60,"column":17},"end":{"line":60,"column":18}},"34":{"start":{"line":61,"column":6},"end":{"line":63,"column":7}},"35":{"start":{"line":62,"column":8},"end":{"line":62,"column":17}},"36":{"start":{"line":65,"column":4},"end":{"line":65,"column":14}},"37":{"start":{"line":69,"column":4},"end":{"line":71,"column":5}},"38":{"start":{"line":70,"column":6},"end":{"line":70,"column":49}},"39":{"start":{"line":72,"column":4},"end":{"line":72,"column":34}},"40":{"start":{"line":76,"column":4},"end":{"line":78,"column":5}},"41":{"start":{"line":77,"column":6},"end":{"line":77,"column":49}},"42":{"start":{"line":79,"column":4},"end":{"line":7
[...]
,"/home/user/aplicativo-nova-estrutura-dados/src/errors/errorHandlers.ts": {"path":"/home/user/aplicativo-nova-estrutura-dados/src/errors/errorHandlers.ts","statementMap":{"0":{"start":{"line":2,"column":30},"end":{"line":13,"column":1}},"1":{"start":{"line":3,"column":2},"end":{"line":12,"column":3}},"2":{"start":{"line":5,"column":4},"end":{"line":5,"column":73}},"3":{"start":{"line":6,"column":9},"end":{"line":12,"column":3}},"4":{"start":{"line":8,"column":4},"end":{"line":8,"column":51}},"5":{"start":{"line":11,"column":4},"end":{"line":11,"column":57}},"6":{"start":{"line":2,"column":13},"end":{"line":2,"column":30}},"7":{"start":{"line":15,"column":24},"end":{"line":17,"column":1}},"8":{"start":{"line":16,"column":2},"end":{"line":16,"column":55}},"9":{"start":{"line":15,"column":13},"end":{"line":15,"column":24}}},"fnMap":{"0":{"name":"(anonymous_0)","decl":{"start":{"line":2,"column":30},"end":{"line":2,"column":31}},"loc":{"start":{"line":2,"column":53},"end":{"line":13,"column":1}}},"1":{"name":"(anonymous_1)","decl":{"start":{"line":15,"column":24},"end":{"line":15,"column":25}},"loc":{"start":{"line":15,"column":59},"end":{"line":17,"column":1}}}},"branchMap":{"0":{"loc":{"start":{"line":3,"column":2},"end":{"line":12,"column":3}},"type":"if","locations":[{"start":{"line":3,"column":2},"end":{"line":12,"column":3}},{"start":{"line":6,"column":9},"end":{"line":12,"column":3}}]},"1":{"loc":{"start":{"line":5,"column":11},"end":{"line":5,"column":72}},"type":"binary-expr","locations":[{"start":{"line":5,"column":11},"end":{"line":5,"column":38}},{"start":{"line":5,"column":42},"end":{"line":5,"column":72}}]},"2":{"loc":{"start":{"line":6,"column":9},"end":{"line":12,"column":3}},"type":"if","locations":[{"start":{"line":6,"column":9},"end":{"line":12,"column":3}},{"start":{"line":9,"column":9},"end":{"line":12,"column":3}}]},"3":{"loc":{"start":{"line":11,"column":11},"end":{"line":11,"column":56}},"type":"binary-expr","locations":[{"start":{"line":11,"column":11},"end":{"line":11,"column":24}},{"start":{"line":11,"column":28},"end":{"line":11,"column":56}}]},"4":{"loc":{"start":{"line":16,"column":20},"end":{"line":16,"column":36}},"type":"binary-expr","locations":[{"start":{"line":16,"column":20},"end":{"line":16,"column":27}},{"start":{"line":16,"column":31},"end":{"line":16,"column":36}}]}},"s":{"0":0,"1":0,"2":0,"3":0,"4":0,"5":0,"6":0,"7":0,"8":0,"9":0},"f":{"0":0,"1":0},"b":{"0":[0,0],"1":[0,0],"2":[0,0],"3":[0,0],"4":[0,0]}}
,"/home/user/aplicativo-nova-estrutura-dados/src/utils/arrayUtils.ts": {"path":"/home/user/aplicativo-nova-estrutura-dados/src/utils/arrayUtils.ts","statementMap":{"0":{"start":{"line":3,"column":0},"end":{"line":3,"column":16}},"1":{"start":{"line":10,"column":2},"end":{"line":10,"column":18}},"2":{"start":{"line":17,"column":2},"end":{"line":17,"column":18}},"3":{"start":{"line":21,"column":2},"end":{"line":21,"column":18}},"4":{"start":{"line":28,"column":2},"end":{"line":28,"column":18}},"5":{"start":{"line":38,"column":2},"end":{"line":38,"column":18}},"6":{"start":{"line":42,"column":2},"end":{"line":42,"column":18}},"7":{"start":{"line":46,"column":2},"end":{"line":46,"column":18}},"8":{"start":{"line":50,"column":2},"end":{"line":50,"column":18}},"9":{"start":{"line":54,"column":2},"end":{"line":54,"column":18}},"10":{"start":{"line":58,"column":2},"end":{"line":58,"column":18}},"11":{"start":{"line":62,"column":2},"end":{"line":62,"column":18}},"12":{"start":{"line":66,"column":2},"end":{"line":66,"column":18}},"13":{"start":{"line":73,"column":2},"end":{"line":73,"column":18}},"14":{"start":{"line":84,"column":2},"end":{"line":84,"column":18}},"15":{"start":{"line":88,"column":2},"end":{"line":88,"column":18}},"16":{"start":{"line":93,"column":2},"end":{"line":93,"column":18}},"17":{"start":{"line":4,"column":4},"end":{"line":6,"column":5}},"18":{"start":{"line":5,"column":6},"end":{"line":5,"column":49}},"19":{"start":{"line":7,"column":4},"end":{"line":7,"column":69}},"20":{"start":{"line":11,"column":4},"end":{"line":13,"column":5}},"21":{"start":{"line":12,"column":6},"end":{"line":12,"column":49}},"22":{"start":{"line":14,"column":4},"end":{"line":14,"column":63}},"23":{"start":{"line":18,"column":4},"end":{"line":18,"column":33}},"24":{"start":{"line":22,"column":4},"end":{"line":24,"column":5}},"25":{"start":{"line":23,"column":6},"end":{"line":23,"column":49}},"26":{"start":{"line":25,"column":4},"end":{"line":25,"column":23}},"27":{"start":{"line":29,"column":4},"end":{"line":31,"column":5}},"28":{"start":{"line":30,"column":6},"end":{"line":30,"column":49}},"29":{"start":{"line":32,"column":22},"end":{"line":32,"column":30}},"30":{"start":{"line":33,"column":4},"end":{"line":33,"column":33}},"31":{"start":{"line":34,"column":4},"end":{"line":34,"column":21}},"32":{"start":{"line":39,"column":4},"end":{"line":39,"column":22}},"33":{"start":{"line":43,"column":4},"end":{"line":43,"column":28}},"34":{"start":{"line":47,"column":4},"end":{"line":47,"column":33}},"35":{"start":{"line":51,"column":4},"end":{"line":51,"column":42}},"36":{"start":{"line":51,"column":35},"end":{"line":51,"column":40}},"37":{"start":{"line":55,"column":4},"end":{"line":55,"column":30}},"38":{"start":{"line":59,"column":4},"end":{"line":59,"column":30}},"39":{"start":{"line":63,"column":4},"end":{"line":63,"column":34}},"40":{"start":{"line":67,"column":4},"end":{"line":69,"column":5}},"41":{"start":{"line":68,"column":6},"end":{"line":68,"column":42}},"42":{"start":{"line":70,"column":4},"end":{"line":70,"column":28}},"43":{"start":{"line":74,"column":6},"end":{"line":76,"column":7}},"44":{"start":{"line":75,"column":8},"end":{"line":75,"column":59}},"45":{"start":{"line":77,"column":25},"end":{"line":77,"column":61}},"46":{"start":{"line":78,"column":6},"end":{"line":80,"column":7}},"47":{"start":{"line":79,"column":8},"end":{"line":79,"column":49}},"48":{"start":{"line":81,"column":6},"end":{"line":81,"column":43}},"49":{"start":{"line":85,"column":4},"end":{"line":85,"column":34}},"50":{"start":{"line":89,"column":4},"end":{"line":89,"column":33}},"51":{"start":{"line":94,"column":6},"end":{"line":96,"column":7}},"52":{"start":{"line":95,"column":8},"end":{"line":95,"column":66}},"53":{"start":{"line":97,"column":6},"end":{"line":99,"column":7}},"54":{"start":{"line":98,"column":8},"end":{"line":98,"column":65}}},"fnMap":{"0":{"name":"inserir","decl":{"start":{"line":3,"column":16},"end":{"line":3,"column":23}},"loc":{"start":{"line":3,"column":71},"end":{"line":8,"column":3}}},"1":{"name":"remover","decl":{"start":{"line":10,"column":18},"end":{"line":10,"column":25}},"loc":{"start":{"line":10,"column":55},"end":{"line":15,"column":3}}},"2":{"name":"buscar","decl":{"start":{"line":17,"column":18},"end":{"line":17,"column":24}},"loc":{"start":{"line":17,"column":56},"end":{"line":19,"column":3}}},"3":{"name":"obter","decl":{"start":{"line":21,"column":18},"end":{"line":21,"column":23}},"loc":{"start":{"line":21,"column":53},"end":{"line":26,"column":3}}},"4":{"name":"definir","decl":{"start":{"line":28,"column":18},"end":{"line":28,"column":25}},"loc":{"start":{"line":28,"column":73},"end":{"line":35,"column":3}}},"5":{"name":"tamanho","decl":{"start":{"line":38,"column":18},"end":{"line":38,"column":25}},"loc":{"start":{"line":38,"column":39},"end":{"line":40,"column":3}}},"6":{"name":"estaVazio","decl":{"start":{"line":42,"column":18},"end":{"line":42,"column":27}},"loc":{"start":{"line":42,"column":41},"end":{"line":44,"column":3}}},"7":{"name":"limpar","decl":{"start":{"line":46,"column":18},"end":{"line":46,"column":24}},"loc":{"start":{"line":46,"column":43},"end":{"line":48,"column":3}}},"8":{"name":"ordenar","decl":{"start":{"line":50,"column":18},"end":{"line":50,"column":25}},"loc":{"start":{"line":50,"column":39},"end":{"line":52,"column":3}}},"9":{"name":"(anonymous_9)","decl":{"start":{"line":51,"column":25},"end":{"line":51,"column":26}},"loc":{"start":{"line":51,"column":35},"end":{"line":51,"column":40}}},"10":{"name":"inverter","decl":{"start":{"line":54,"column":18},"end":{"line":54,"column":26}},"loc":{"start":{"line":54,"column":40},"end":{"line":56,"column":3}}},"11":{"name":"adicionarNoFinal","decl":{"start":{"line":58,"column":18},"end":{"line":58,"column":34}},"loc":{"start":{"line":58,"column":66},"end":{"line":60,"column":3}}},"12":{"name":"estender","decl":{"start":{"line":62,"column":18},"end":{"line":62,"column":26}},"loc":{"start":{"line":62,"column":61},"end":{"line":64,"column":3}}},"13":{"name":"removerDoFinal","decl":{"start":{"line":66,"column":18},"end":{"line":66,"column":32}},"loc":{"start":{"line":66,"column":46},"end":{"line":71,"column":3}}},"14":{"name":"fatiar","decl":{"start":{"line":73,"column":18},"end":{"line":73,"column":24}},"loc":{"start":{"line":73,"column":68},"end":{"line":82,"column":3}}},"15":{"name":"contem","decl":{"start":{"line":84,"column":18},"end":{"line":84,"column":24}},"loc":{"start":{"line":84,"column":56},"end":{"line":86,"column":3}}},"16":{"name":"indiceDe","decl":{"start":{"line":88,"column":18},"end":{"line":88,"column":26}},"loc":{"start":{"line":88,"column":58},"end":{"line":90,"column":3}}},"17":{"name":"validarNumeroInteiro","decl":{"start":{"line":93,"column":18},"end":{"line":93,"column":38}},"loc":{"start":{"line":93,"column":52},"end":{"line":100,"column":3}}}},"branchMap":{"0":{"loc":{"start":{"line":4,"column":4},"end":{"line":6,"column":5}},"type":"if","locations":[{"start":{"line":4,"column":4},"end":{"line":6,"column":5}}]},"1":{"loc":{"start":{"line":4,"column":8},"end":{"line":4,"column":41}},"type":"binary-expr","locations":[{"start":{"line":4,"column":8},"end":{"line":4,"column":18}},{"start":{"line":4,"column":22},"end":{"line":4,"column":41}}]},"2":{"loc":{"start":{"line":11,"column":4},"end":{"line":13,"column":5}},"type":"if","locations":[{"start":{"line":11,"column":4},"end":{"line":13,"column":5}}]},"3":{"loc":{"start":{"line":11,"column":8},"end":{"line":11,"column":42}},"type":"binary-expr","locations":[{"start":{"line":11,"column":8},"end":{"line":11,"column":18}},{"start":{"line":11,"column":22},"end":{"line":11,"column":42}}]},"4":{"loc":{"start":{"line":22,"column":4},"end":{"line":24,"column":5}},"type":"if","locations":[{"start":{"line":22,"column":4},"end":{"line":24,"column":5}}]},"5":{"loc":{"start":{"line":22,"column":8},"end":{"line":22,"column":42}},"type":"binary-expr","locations":[{"start":{"line":22,"column":8},"end":{"line":22,"column":18}},{"start":{"line":22,"column":22},"end":{"line":22,"column":42}}]},"6":{"loc":{"start":{"line":29,"column":4},"end":{"line":31,"column":5}},"type":"if","locations":[{"start":{"line":29,"column":4},"end":{"line":31,"column":5}}]},"7":{"loc":{"start":{"line":29,"column":8},"end":{"line":29,"column":42}},"type":"binary-expr","locations":[{"start":{"line":29,"column":8},"end":{"line":29,"column":18}},{"start":{"line":29,"column":22},"end":{"line":29,"column":42}}]},"8":{"loc":{"start":{"line":67,"column":4},"end":{"line":69,"column":5}},"type":"if","locations":[{"start":{"line":67,"column":4},"end":{"line":69,"column":5}}]},"9":{"loc":{"start":{"line":74,"column":6},"end":{"line":76,"column":7}},"type":"if","locations":[{"start":{"line":74,"column":6},"end":{"line":76,"column":7}}]},"10":{"loc":{"start":{"line":74,"column":10},"end":{"line":74,"column":44}},"type":"binary-expr","locations":[{"start":{"line":74,"column":10},"end":{"line":74,"column":20}},{"start":{"line":74,"column":24},"end":{"line":74,"column":44}}]},"11":{"loc":{"start":{"line":77,"column":25},"end":{"line":77,"column":61}},"type":"cond-expr","locations":[{"start":{"line":77,"column":45},"end":{"line":77,"column":55}},{"start":{"line":77,"column":58},"end":{"line":77,"column":61}}]},"12":{"loc":{"start":{"line":78,"column":6},"end":{"line":80,"column":7}},"type":"if","locations":[{"start":{"line":78,"column":6},"end":{"line":80,"column":7}}]},"13":{"loc":{"start":{"line":78,"column":10},"end":{"line":78,"column":56}},"type":"binary-expr","locations":[{"start":{"line":78,"column":10},"end":{"line":78,"column":29}},{"start":{"line":78,"column":33},"end":{"line":78,"column":56}}]},"14":{"loc":{"start":{"line":94,"column":6},"end":{"line":96,"column":7}},"type":"if","locations":[{"start":{"line":94,"column":6},"end":{"line":96,"column":7}}]},"15":{"loc":{"start":{"line":97,"column":6},"end":{"line":99,"column":7}},"type":"if","locations":[{"start":{"line":97,"column":6},"end":{"line":99,"column":7}}]},"16":{"loc":{"start":{"line":97,"column":10},"end":{"line":97,"column":39}},"type":"binary-expr","locations":[{"start":{"line":97,"column":10},"end":{"line":97,"column":23}},{"start":{"line":97,"column":27},"end":{"line":97,"column":39}}]}},"s":{"0":0,"1":0,"2":0,"3":0,"4":0,"5":0,"6":0,"7":0,"8":0,"9":0,"10":0,"11":0,"12":0,"13":0,"14":0,"15":0,"16":0,"17":0,"18":0,"19":0,"20":0,"21":0,"22":0,"23":0,"24":0,"25":0,"26":0,"27":0,"28":0,"29":0,"30":0,"31":0,"32":0,"33":0,"34":0,"35":0,"36":0,"37":0,"38":0,"39":0,"40":0,"41":0,"42":0,"43":0,"44":0,"45":0,"46":0,"47":0,"48":0,"49":0,"50":0,"51":0,"52":0,"53":0,"54":0},"f":{"0":0,"1":0,"2":0,"3":0,"4":0,"5":0,"6":0,"7":0,"8":0,"9":0,"10":0,"11":0,"12":0,"13":0,"14":0,"15":0,"16":0,"17":0},"b":{"0":[0],"1":[0,0],"2":[0],"3":[0,0],"4":[0],"5":[0,0],"6":[0],"7":[0,0],"8":[0],"9":[0],"10":[0,0],"11":[0,0],"12":[0],"13":[0,0],"14":[0],"15":[0],"16":[0,0]}}
,"/home/user/aplicativo-nova-estrutura-dados/src/utils/utils.ts": {"path":"/home/user/aplicativo-nova-estrutura-dados/src/utils/utils.ts","statementMap":{"0":{"start":{"line":5,"column":0},"end":{"line":5,"column":16}},"1":{"start":{"line":2,"column":0},"end":{"line":2,"column":44}},"2":{"start":{"line":3,"column":0},"end":{"line":3,"column":40}},"3":{"start":{"line":6,"column":2},"end":{"line":6,"column":null}}},"fnMap":{"0":{"name":"cn","decl":{"start":{"line":5,"column":16},"end":{"line":5,"column":18}},"loc":{"start":{"line":5,"column":42},"end":{"line":7,"column":1}}}},"branchMap":{},"s":{"0":0,"1":0,"2":0,"3":0},"f":{"0":0},"b":{}}
,"/home/user/aplicativo-nova-estrutura-dados/src/utils/validationUtils.ts": {"path":"/home/user/aplicativo-nova-estrutura-dados/src/utils/validationUtils.ts","statementMap":{"0":{"start":{"line":3,"column":0},"end":{"line":3,"column":16}},"1":{"start":{"line":25,"column":2},"end":{"line":25,"column":18}},"2":{"start":{"line":4,"column":4},"end":{"line":6,"column":5}},"3":{"start":{"line":5,"column":6},"end":{"line":5,"column":73}},"4":{"start":{"line":8,"column":19},"end":{"line":8,"column":32}},"5":{"start":{"line":10,"column":4},"end":{"line":12,"column":5}},"6":{"start":{"line":11,"column":6},"end":{"line":11,"column":71}},"7":{"start":{"line":14,"column":4},"end":{"line":16,"column":5}},"8":{"start":{"line":15,"column":6},"end":{"line":15,"column":79}},"9":{"start":{"line":18,"column":4},"end":{"line":20,"column":5}},"10":{"start":{"line":19,"column":6},"end":{"line":19,"column":82}},"11":{"start":{"line":22,"column":4},"end":{"line":22,"column":69}},"12":{"start":{"line":26,"column":4},"end":{"line":28,"column":5}},"13":{"start":{"line":27,"column":6},"end":{"line":27,"column":60}},"14":{"start":{"line":30,"column":4},"end":{"line":32,"column":5}},"15":{"start":{"line":31,"column":6},"end":{"line":31,"column":110}},"16":{"start":{"line":35,"column":4},"end":{"line":37,"column":5}},"17":{"start":{"line":36,"column":8},"end":{"line":36,"column":103}},"18":{"start":{"line":39,"column":4},"end":{"line":39,"column":55}}},"fnMap":{"0":{"name":"validarNumero","decl":{"start":{"line":3,"column":16},"end":{"line":3,"column":29}},"loc":{"start":{"line":3,"column":40},"end":{"line":23,"column":3}}},"1":{"name":"validarIndice","decl":{"start":{"line":25,"column":18},"end":{"line":25,"column":31}},"loc":{"start":{"line":25,"column":83},"end":{"line":40,"column":3}}}},"branchMap":{"0":{"loc":{"start":{"line":4,"column":4},"end":{"line":6,"column":5}},"type":"if","locations":[{"start":{"line":4,"column":4},"end":{"line":6,"column":5}}]},"1":{"loc":{"start":{"line":4,"column":8},"end":{"line":4,"column":79}},"type":"binary-expr","locations":[{"start":{"line":4,"column":8},"end":{"line":4,"column":27}},{"start":{"line":4,"column":31},"end":{"line":4,"column":45}},{"start":{"line":4,"column":49},"end":{"line":4,"column":79}}]},"2":{"loc":{"start":{"line":10,"column":4},"end":{"line":12,"column":5}},"type":"if","locations":[{"start":{"line":10,"column":4},"end":{"line":12,"column":5}}]},"3":{"loc":{"start":{"line":14,"column":4},"end":{"line":16,"column":5}},"type":"if","locations":[{"start":{"line":14,"column":4},"end":{"line":16,"column":5}}]},"4":{"loc":{"start":{"line":18,"column":4},"end":{"line":20,"column":5}},"type":"if","locations":[{"start":{"line":18,"column":4},"end":{"line":20,"column":5}}]},"5":{"loc":{"start":{"line":18,"column":8},"end":{"line":18,"column":39}},"type":"binary-expr","locations":[{"start":{"line":18,"column":8},"end":{"line":18,"column":22}},{"start":{"line":18,"column":26},"end":{"line":18,"column":39}}]},"6":{"loc":{"start":{"line":26,"column":4},"end":{"line":28,"column":5}},"type":"if","locations":[{"start":{"line":26,"column":4},"end":{"line":28,"column":5}}]},"7":{"loc":{"start":{"line":26,"column":8},"end":{"line":26,"column":64}},"type":"binary-expr","locations":[{"start":{"line":26,"column":8},"end":{"line":26,"column":21}},{"start":{"line":26,"column":25},"end":{"line":26,"column":50}},{"start":{"line":26,"column":54},"end":{"line":26,"column":64}}]},"8":{"loc":{"start":{"line":30,"column":4},"end":{"line":32,"column":5}},"type":"if","locations":[{"start":{"line":30,"column":4},"end":{"line":32,"column":5}}]},"9":{"loc":{"start":{"line":35,"column":4},"end":{"line":37,"column":5}},"type":"if","locations":[{"start":{"line":35,"column":4},"end":{"line":37,"column":5}}]},"10":{"loc":{"start":{"line":35,"column":8},"end":{"line":35,"column":46}},"type":"binary-expr","locations":[{"start":{"line":35,"column":8},"end":{"line":35,"column":24}},{"start":{"line":35,"column":28},"end":{"line":35,"column":46}}]}},"s":{"0":1,"1":1,"2":55,"3":1,"4":54,"5":54,"6":1,"7":53,"8":1,"9":52,"10":2,"11":50,"12":0,"13":0,"14":0,"15":0,"16":0,"17":0,"18":0},"f":{"0":55,"1":0},"b":{"0":[1],"1":[55,55,55],"2":[1],"3":[1],"4":[2],"5":[52,51],"6":[0],"7":[0,0,0],"8":[0],"9":[0],"10":[0,0]}}
}
