{"C:\\Users\\Projetos\\aplicativo-nova-estrutura-dados\\src\\App.tsx": {"path":"C:\\Users\\Projetos\\aplicativo-nova-estrutura-dados\\src\\App.tsx","statementMap":{"0":{"start":{"line":17,"column":9},"end":{"line":17,"column":12}},"1":{"start":{"line":2,"column":0},"end":{"line":2,"column":42}},"2":{"start":{"line":3,"column":0},"end":{"line":3,"column":62}},"3":{"start":{"line":4,"column":0},"end":{"line":4,"column":71}},"4":{"start":{"line":7,"column":2},"end":{"line":14,"column":4}}},"fnMap":{"0":{"name":"App","decl":{"start":{"line":6,"column":9},"end":{"line":6,"column":12}},"loc":{"start":{"line":6,"column":12},"end":{"line":15,"column":1}}}},"branchMap":{},"s":{"0":1,"1":1,"2":1,"3":1,"4":2},"f":{"0":2},"b":{}}
,"C:\\Users\\Projetos\\aplicativo-nova-estrutura-dados\\src\\main.tsx": {"path":"C:\\Users\\Projetos\\aplicativo-nova-estrutura-dados\\src\\main.tsx","statementMap":{"0":{"start":{"line":2,"column":0},"end":{"line":2,"column":26}},"1":{"start":{"line":3,"column":0},"end":{"line":3,"column":40}},"2":{"start":{"line":4,"column":0},"end":{"line":4,"column":71}},"3":{"start":{"line":5,"column":0},"end":{"line":5,"column":28}},"4":{"start":{"line":6,"column":0},"end":{"line":6,"column":21}},"5":{"start":{"line":7,"column":0},"end":{"line":7,"column":55}},"6":{"start":{"line":8,"column":0},"end":{"line":8,"column":52}},"7":{"start":{"line":9,"column":0},"end":{"line":9,"column":44}},"8":{"start":{"line":10,"column":0},"end":{"line":10,"column":54}},"9":{"start":{"line":13,"column":15},"end":{"line":33,"column":2}},"10":{"start":{"line":35,"column":0},"end":{"line":39,"column":2}}},"fnMap":{},"branchMap":{},"s":{"0":0,"1":0,"2":0,"3":0,"4":0,"5":0,"6":0,"7":0,"8":0,"9":0,"10":0},"f":{},"b":{}}
,"C:\\Users\\Projetos\\aplicativo-nova-estrutura-dados\\src\\teste.tsx": {"path":"C:\\Users\\Projetos\\aplicativo-nova-estrutura-dados\\src\\teste.tsx","statementMap":{"0":{"start":{"line":2,"column":0},"end":{"line":2,"column":57}},"1":{"start":{"line":3,"column":0},"end":{"line":3,"column":33}},"2":{"start":{"line":6,"column":30},"end":{"line":6,"column":41}},"3":{"start":{"line":7,"column":22},"end":{"line":7,"column":54}},"4":{"start":{"line":7,"column":28},"end":{"line":7,"column":54}},"5":{"start":{"line":7,"column":45},"end":{"line":7,"column":53}},"6":{"start":{"line":8,"column":4},"end":{"line":8,"column":32}},"7":{"start":{"line":11,"column":0},"end":{"line":17,"column":3}},"8":{"start":{"line":12,"column":23},"end":{"line":12,"column":53}},"9":{"start":{"line":12,"column":40},"end":{"line":12,"column":52}},"10":{"start":{"line":13,"column":4},"end":{"line":15,"column":7}},"11":{"start":{"line":14,"column":8},"end":{"line":14,"column":35}},"12":{"start":{"line":16,"column":4},"end":{"line":16,"column":41}}},"fnMap":{"0":{"name":"useCounter","decl":{"start":{"line":5,"column":9},"end":{"line":5,"column":19}},"loc":{"start":{"line":5,"column":19},"end":{"line":9,"column":1}}},"1":{"name":"(anonymous_1)","decl":{"start":{"line":7,"column":22},"end":{"line":7,"column":25}},"loc":{"start":{"line":7,"column":28},"end":{"line":7,"column":54}}},"2":{"name":"(anonymous_2)","decl":{"start":{"line":7,"column":37},"end":{"line":7,"column":41}},"loc":{"start":{"line":7,"column":45},"end":{"line":7,"column":53}}},"3":{"name":"(anonymous_3)","decl":{"start":{"line":11,"column":30},"end":{"line":11,"column":33}},"loc":{"start":{"line":11,"column":35},"end":{"line":17,"column":1}}},"4":{"name":"(anonymous_4)","decl":{"start":{"line":12,"column":34},"end":{"line":12,"column":37}},"loc":{"start":{"line":12,"column":40},"end":{"line":12,"column":52}}},"5":{"name":"(anonymous_5)","decl":{"start":{"line":13,"column":8},"end":{"line":13,"column":11}},"loc":{"start":{"line":13,"column":13},"end":{"line":15,"column":5}}}},"branchMap":{},"s":{"0":0,"1":0,"2":0,"3":0,"4":0,"5":0,"6":0,"7":0,"8":0,"9":0,"10":0,"11":0,"12":0},"f":{"0":0,"1":0,"2":0,"3":0,"4":0,"5":0},"b":{}}
,"C:\\Users\\Projetos\\aplicativo-nova-estrutura-dados\\src\\vite-env.d.ts": {"path":"C:\\Users\\Projetos\\aplicativo-nova-estrutura-dados\\src\\vite-env.d.ts","statementMap":{},"fnMap":{},"branchMap":{},"s":{},"f":{},"b":{}}
,"C:\\Users\\Projetos\\aplicativo-nova-estrutura-dados\\src\\components\\DataStructures\\Vetor\\metodosVetor.ts": {"path":"C:\\Users\\Projetos\\aplicativo-nova-estrutura-dados\\src\\components\\DataStructures\\Vetor\\metodosVetor.ts","statementMap":{"0":{"start":{"line":10,"column":13},"end":{"line":16,"column":11}},"1":{"start":{"line":22,"column":13},"end":{"line":103,"column":2}}},"fnMap":{},"branchMap":{},"s":{"0":0,"1":0},"f":{},"b":{}}
,"C:\\Users\\Projetos\\aplicativo-nova-estrutura-dados\\src\\components\\DataStructures\\Vetor\\useVetor.ts": {"path":"C:\\Users\\Projetos\\aplicativo-nova-estrutura-dados\\src\\components\\DataStructures\\Vetor\\useVetor.ts","statementMap":{"0":{"start":{"line":36,"column":0},"end":{"line":36,"column":16}},"1":{"start":{"line":2,"column":0},"end":{"line":2,"column":58}},"2":{"start":{"line":3,"column":0},"end":{"line":3,"column":56}},"3":{"start":{"line":4,"column":0},"end":{"line":4,"column":66}},"4":{"start":{"line":5,"column":0},"end":{"line":5,"column":36}},"5":{"start":{"line":12,"column":0},"end":{"line":12,"column":null}},"6":{"start":{"line":13,"column":2},"end":{"line":13,"column":null}},"7":{"start":{"line":14,"column":2},"end":{"line":14,"column":null}},"8":{"start":{"line":15,"column":2},"end":{"line":15,"column":null}},"9":{"start":{"line":16,"column":2},"end":{"line":16,"column":null}},"10":{"start":{"line":37,"column":30},"end":{"line":41,"column":4}},"11":{"start":{"line":43,"column":18},"end":{"line":215,"column":3}},"12":{"start":{"line":44,"column":35},"end":{"line":44,"column":37}},"13":{"start":{"line":45,"column":4},"end":{"line":214,"column":5}},"14":{"start":{"line":47,"column":53},"end":{"line":47,"column":67}},"15":{"start":{"line":48,"column":32},"end":{"line":48,"column":112}},"16":{"start":{"line":49,"column":8},"end":{"line":51,"column":9}},"17":{"start":{"line":50,"column":10},"end":{"line":50,"column":52}},"18":{"start":{"line":52,"column":8},"end":{"line":62,"column":9}},"19":{"start":{"line":53,"column":10},"end":{"line":53,"column":96}},"20":{"start":{"line":53,"column":71},"end":{"line":53,"column":78}},"21":{"start":{"line":54,"column":10},"end":{"line":59,"column":12}},"22":{"start":{"line":56,"column":52},"end":{"line":56,"column":75}},"23":{"start":{"line":61,"column":10},"end":{"line":61,"column":134}},"24":{"start":{"line":65,"column":27},"end":{"line":65,"column":41}},"25":{"start":{"line":66,"column":32},"end":{"line":66,"column":116}},"26":{"start":{"line":67,"column":8},"end":{"line":69,"column":9}},"27":{"start":{"line":68,"column":10},"end":{"line":68,"column":52}},"28":{"start":{"line":70,"column":8},"end":{"line":70,"column":87}},"29":{"start":{"line":70,"column":69},"end":{"line":70,"column":76}},"30":{"start":{"line":71,"column":8},"end":{"line":75,"column":10}},"31":{"start":{"line":73,"column":59},"end":{"line":73,"column":99}},"32":{"start":{"line":78,"column":26},"end":{"line":78,"column":40}},"33":{"start":{"line":79,"column":33},"end":{"line":79,"column":92}},"34":{"start":{"line":79,"column":76},"end":{"line":79,"column":83}},"35":{"start":{"line":80,"column":8},"end":{"line":84,"column":10}},"36":{"start":{"line":87,"column":27},"end":{"line":87,"column":41}},"37":{"start":{"line":88,"column":32},"end":{"line":88,"column":116}},"38":{"start":{"line":89,"column":8},"end":{"line":91,"column":9}},"39":{"start":{"line":90,"column":10},"end":{"line":90,"column":52}},"40":{"start":{"line":92,"column":25},"end":{"line":92,"column":84}},"41":{"start":{"line":92,"column":67},"end":{"line":92,"column":74}},"42":{"start":{"line":93,"column":8},"end":{"line":97,"column":10}},"43":{"start":{"line":100,"column":34},"end":{"line":100,"column":48}},"44":{"start":{"line":101,"column":32},"end":{"line":101,"column":116}},"45":{"start":{"line":102,"column":8},"end":{"line":104,"column":9}},"46":{"start":{"line":103,"column":10},"end":{"line":103,"column":52}},"47":{"start":{"line":105,"column":8},"end":{"line":105,"column":94}},"48":{"start":{"line":105,"column":69},"end":{"line":105,"column":76}},"49":{"start":{"line":106,"column":8},"end":{"line":111,"column":10}},"50":{"start":{"line":108,"column":59},"end":{"line":108,"column":99}},"51":{"start":{"line":114,"column":8},"end":{"line":117,"column":10}},"52":{"start":{"line":116,"column":89},"end":{"line":116,"column":96}},"53":{"start":{"line":119,"column":8},"end":{"line":122,"column":10}},"54":{"start":{"line":121,"column":86},"end":{"line":121,"column":93}},"55":{"start":{"line":124,"column":8},"end":{"line":128,"column":10}},"56":{"start":{"line":130,"column":8},"end":{"line":130,"column":79}},"57":{"start":{"line":130,"column":69},"end":{"line":130,"column":76}},"58":{"start":{"line":131,"column":8},"end":{"line":135,"column":10}},"59":{"start":{"line":133,"column":59},"end":{"line":133,"column":99}},"60":{"start":{"line":137,"column":8},"end":{"line":137,"column":80}},"61":{"start":{"line":137,"column":70},"end":{"line":137,"column":77}},"62":{"start":{"line":138,"column":8},"end":{"line":142,"column":10}},"63":{"start":{"line":140,"column":59},"end":{"line":140,"column":99}},"64":{"start":{"line":144,"column":45},"end":{"line":144,"column":59}},"65":{"start":{"line":145,"column":8},"end":{"line":155,"column":9}},"66":{"start":{"line":146,"column":10},"end":{"line":146,"column":97}},"67":{"start":{"line":146,"column":80},"end":{"line":146,"column":87}},"68":{"start":{"line":147,"column":10},"end":{"line":152,"column":12}},"69":{"start":{"line":149,"column":52},"end":{"line":149,"column":75}},"70":{"start":{"line":154,"column":10},"end":{"line":154,"column":134}},"71":{"start":{"line":158,"column":68},"end":{"line":158,"column":82}},"72":{"start":{"line":159,"column":8},"end":{"line":161,"column":9}},"73":{"start":{"line":160,"column":10},"end":{"line":160,"column":180}},"74":{"start":{"line":162,"column":8},"end":{"line":162,"column":89}},"75":{"start":{"line":162,"column":70},"end":{"line":162,"column":77}},"76":{"start":{"line":163,"column":8},"end":{"line":167,"column":10}},"77":{"start":{"line":165,"column":50},"end":{"line":165,"column":73}},"78":{"start":{"line":170,"column":8},"end":{"line":170,"column":86}},"79":{"start":{"line":170,"column":76},"end":{"line":170,"column":83}},"80":{"start":{"line":171,"column":8},"end":{"line":175,"column":10}},"81":{"start":{"line":173,"column":59},"end":{"line":173,"column":99}},"82":{"start":{"line":177,"column":32},"end":{"line":177,"column":46}},"83":{"start":{"line":178,"column":32},"end":{"line":178,"column":116}},"84":{"start":{"line":179,"column":29},"end":{"line":179,"column":106}},"85":{"start":{"line":180,"column":8},"end":{"line":182,"column":9}},"86":{"start":{"line":181,"column":10},"end":{"line":181,"column":91}},"87":{"start":{"line":183,"column":8},"end":{"line":183,"column":91}},"88":{"start":{"line":183,"column":68},"end":{"line":183,"column":75}},"89":{"start":{"line":184,"column":8},"end":{"line":188,"column":10}},"90":{"start":{"line":186,"column":50},"end":{"line":186,"column":73}},"91":{"start":{"line":191,"column":26},"end":{"line":191,"column":40}},"92":{"start":{"line":192,"column":8},"end":{"line":195,"column":10}},"93":{"start":{"line":194,"column":78},"end":{"line":194,"column":85}},"94":{"start":{"line":198,"column":26},"end":{"line":198,"column":40}},"95":{"start":{"line":199,"column":23},"end":{"line":199,"column":84}},"96":{"start":{"line":199,"column":68},"end":{"line":199,"column":75}},"97":{"start":{"line":200,"column":8},"end":{"line":204,"column":10}},"98":{"start":{"line":207,"column":8},"end":{"line":207,"column":55}},"99":{"start":{"line":209,"column":8},"end":{"line":209,"column":61}},"100":{"start":{"line":211,"column":8},"end":{"line":211,"column":58}},"101":{"start":{"line":213,"column":8},"end":{"line":213,"column":21}},"102":{"start":{"line":217,"column":28},"end":{"line":217,"column":61}},"103":{"start":{"line":218,"column":55},"end":{"line":218,"column":60}},"104":{"start":{"line":219,"column":36},"end":{"line":219,"column":68}},"105":{"start":{"line":221,"column":28},"end":{"line":227,"column":8}},"106":{"start":{"line":222,"column":4},"end":{"line":226,"column":30}},"107":{"start":{"line":222,"column":25},"end":{"line":226,"column":28}},"108":{"start":{"line":229,"column":25},"end":{"line":363,"column":null}},"109":{"start":{"line":231,"column":6},"end":{"line":361,"column":7}},"110":{"start":{"line":232,"column":37},"end":{"line":236,"column":9}},"111":{"start":{"line":233,"column":28},"end":{"line":233,"column":64}},"112":{"start":{"line":234,"column":10},"end":{"line":234,"column":69}},"113":{"start":{"line":234,"column":33},"end":{"line":234,"column":69}},"114":{"start":{"line":235,"column":10},"end":{"line":235,"column":34}},"115":{"start":{"line":238,"column":8},"end":{"line":353,"column":9}},"116":{"start":{"line":240,"column":12},"end":{"line":247,"column":15}},"117":{"start":{"line":248,"column":12},"end":{"line":248,"column":18}},"118":{"start":{"line":250,"column":12},"end":{"line":256,"column":15}},"119":{"start":{"line":257,"column":12},"end":{"line":257,"column":18}},"120":{"start":{"line":259,"column":12},"end":{"line":264,"column":15}},"121":{"start":{"line":265,"column":12},"end":{"line":265,"column":18}},"122":{"start":{"line":267,"column":12},"end":{"line":273,"column":15}},"123":{"start":{"line":274,"column":12},"end":{"line":274,"column":18}},"124":{"start":{"line":276,"column":12},"end":{"line":283,"column":15}},"125":{"start":{"line":284,"column":12},"end":{"line":284,"column":18}},"126":{"start":{"line":286,"column":12},"end":{"line":286,"column":42}},"127":{"start":{"line":287,"column":12},"end":{"line":287,"column":18}},"128":{"start":{"line":289,"column":12},"end":{"line":289,"column":44}},"129":{"start":{"line":290,"column":12},"end":{"line":290,"column":18}},"130":{"start":{"line":292,"column":12},"end":{"line":292,"column":41}},"131":{"start":{"line":293,"column":12},"end":{"line":293,"column":18}},"132":{"start":{"line":295,"column":12},"end":{"line":295,"column":42}},"133":{"start":{"line":296,"column":12},"end":{"line":296,"column":18}},"134":{"start":{"line":298,"column":12},"end":{"line":298,"column":43}},"135":{"start":{"line":299,"column":12},"end":{"line":299,"column":18}},"136":{"start":{"line":301,"column":12},"end":{"line":307,"column":15}},"137":{"start":{"line":308,"column":12},"end":{"line":308,"column":18}},"138":{"start":{"line":310,"column":28},"end":{"line":314,"column":26}},"139":{"start":{"line":313,"column":24},"end":{"line":313,"column":32}},"140":{"start":{"line":315,"column":12},"end":{"line":321,"column":13}},"141":{"start":{"line":316,"column":14},"end":{"line":318,"column":17}},"142":{"start":{"line":317,"column":16},"end":{"line":317,"column":51}},"143":{"start":{"line":320,"column":14},"end":{"line":320,"column":67}},"144":{"start":{"line":322,"column":12},"end":{"line":329,"column":15}},"145":{"start":{"line":330,"column":12},"end":{"line":330,"column":18}},"146":{"start":{"line":333,"column":12},"end":{"line":333,"column":49}},"147":{"start":{"line":334,"column":12},"end":{"line":334,"column":18}},"148":{"start":{"line":336,"column":12},"end":{"line":343,"column":15}},"149":{"start":{"line":344,"column":12},"end":{"line":344,"column":18}},"150":{"start":{"line":346,"column":12},"end":{"line":346,"column":77}},"151":{"start":{"line":347,"column":12},"end":{"line":347,"column":18}},"152":{"start":{"line":349,"column":12},"end":{"line":349,"column":79}},"153":{"start":{"line":350,"column":12},"end":{"line":350,"column":18}},"154":{"start":{"line":352,"column":12},"end":{"line":352,"column":55}},"155":{"start":{"line":355,"column":8},"end":{"line":357,"column":9}},"156":{"start":{"line":356,"column":10},"end":{"line":356,"column":92}},"157":{"start":{"line":356,"column":27},"end":{"line":356,"column":84}},"158":{"start":{"line":359,"column":8},"end":{"line":359,"column":83}},"159":{"start":{"line":360,"column":8},"end":{"line":360,"column":20}},"160":{"start":{"line":366,"column":2},"end":{"line":376,"column":4}},"161":{"start":{"line":374,"column":51},"end":{"line":374,"column":110}},"162":{"start":{"line":375,"column":50},"end":{"line":375,"column":108}}},"fnMap":{"0":{"name":"(anonymous_9)","decl":{"start":{"line":12,"column":0},"end":{"line":12,"column":12}},"loc":{"start":{"line":12,"column":26},"end":{"line":17,"column":1}}},"1":{"name":"useVetor","decl":{"start":{"line":36,"column":16},"end":{"line":36,"column":24}},"loc":{"start":{"line":36,"column":55},"end":{"line":377,"column":1}}},"2":{"name":"(anonymous_11)","decl":{"start":{"line":43,"column":18},"end":{"line":43,"column":19}},"loc":{"start":{"line":43,"column":58},"end":{"line":215,"column":3}}},"3":{"name":"(anonymous_12)","decl":{"start":{"line":53,"column":66},"end":{"line":53,"column":67}},"loc":{"start":{"line":53,"column":71},"end":{"line":53,"column":78}}},"4":{"name":"(anonymous_13)","decl":{"start":{"line":56,"column":42},"end":{"line":56,"column":47}},"loc":{"start":{"line":56,"column":52},"end":{"line":56,"column":75}}},"5":{"name":"(anonymous_14)","decl":{"start":{"line":70,"column":64},"end":{"line":70,"column":65}},"loc":{"start":{"line":70,"column":69},"end":{"line":70,"column":76}}},"6":{"name":"(anonymous_15)","decl":{"start":{"line":73,"column":40},"end":{"line":73,"column":41}},"loc":{"start":{"line":73,"column":59},"end":{"line":73,"column":99}}},"7":{"name":"(anonymous_16)","decl":{"start":{"line":79,"column":71},"end":{"line":79,"column":72}},"loc":{"start":{"line":79,"column":76},"end":{"line":79,"column":83}}},"8":{"name":"(anonymous_17)","decl":{"start":{"line":92,"column":62},"end":{"line":92,"column":63}},"loc":{"start":{"line":92,"column":67},"end":{"line":92,"column":74}}},"9":{"name":"(anonymous_18)","decl":{"start":{"line":105,"column":64},"end":{"line":105,"column":65}},"loc":{"start":{"line":105,"column":69},"end":{"line":105,"column":76}}},"10":{"name":"(anonymous_19)","decl":{"start":{"line":108,"column":40},"end":{"line":108,"column":41}},"loc":{"start":{"line":108,"column":59},"end":{"line":108,"column":99}}},"11":{"name":"(anonymous_20)","decl":{"start":{"line":116,"column":84},"end":{"line":116,"column":85}},"loc":{"start":{"line":116,"column":89},"end":{"line":116,"column":96}}},"12":{"name":"(anonymous_21)","decl":{"start":{"line":121,"column":81},"end":{"line":121,"column":82}},"loc":{"start":{"line":121,"column":86},"end":{"line":121,"column":93}}},"13":{"name":"(anonymous_22)","decl":{"start":{"line":130,"column":64},"end":{"line":130,"column":65}},"loc":{"start":{"line":130,"column":69},"end":{"line":130,"column":76}}},"14":{"name":"(anonymous_23)","decl":{"start":{"line":133,"column":40},"end":{"line":133,"column":41}},"loc":{"start":{"line":133,"column":59},"end":{"line":133,"column":99}}},"15":{"name":"(anonymous_24)","decl":{"start":{"line":137,"column":65},"end":{"line":137,"column":66}},"loc":{"start":{"line":137,"column":70},"end":{"line":137,"column":77}}},"16":{"name":"(anonymous_25)","decl":{"start":{"line":140,"column":40},"end":{"line":140,"column":41}},"loc":{"start":{"line":140,"column":59},"end":{"line":140,"column":99}}},"17":{"name":"(anonymous_26)","decl":{"start":{"line":146,"column":75},"end":{"line":146,"column":76}},"loc":{"start":{"line":146,"column":80},"end":{"line":146,"column":87}}},"18":{"name":"(anonymous_27)","decl":{"start":{"line":149,"column":42},"end":{"line":149,"column":47}},"loc":{"start":{"line":149,"column":52},"end":{"line":149,"column":75}}},"19":{"name":"(anonymous_28)","decl":{"start":{"line":162,"column":65},"end":{"line":162,"column":66}},"loc":{"start":{"line":162,"column":70},"end":{"line":162,"column":77}}},"20":{"name":"(anonymous_29)","decl":{"start":{"line":165,"column":40},"end":{"line":165,"column":45}},"loc":{"start":{"line":165,"column":50},"end":{"line":165,"column":73}}},"21":{"name":"(anonymous_30)","decl":{"start":{"line":170,"column":71},"end":{"line":170,"column":72}},"loc":{"start":{"line":170,"column":76},"end":{"line":170,"column":83}}},"22":{"name":"(anonymous_31)","decl":{"start":{"line":173,"column":40},"end":{"line":173,"column":41}},"loc":{"start":{"line":173,"column":59},"end":{"line":173,"column":99}}},"23":{"name":"(anonymous_32)","decl":{"start":{"line":183,"column":63},"end":{"line":183,"column":64}},"loc":{"start":{"line":183,"column":68},"end":{"line":183,"column":75}}},"24":{"name":"(anonymous_33)","decl":{"start":{"line":186,"column":40},"end":{"line":186,"column":45}},"loc":{"start":{"line":186,"column":50},"end":{"line":186,"column":73}}},"25":{"name":"(anonymous_34)","decl":{"start":{"line":194,"column":73},"end":{"line":194,"column":74}},"loc":{"start":{"line":194,"column":78},"end":{"line":194,"column":85}}},"26":{"name":"(anonymous_35)","decl":{"start":{"line":199,"column":63},"end":{"line":199,"column":64}},"loc":{"start":{"line":199,"column":68},"end":{"line":199,"column":75}}},"27":{"name":"(anonymous_36)","decl":{"start":{"line":221,"column":40},"end":{"line":221,"column":41}},"loc":{"start":{"line":221,"column":112},"end":{"line":227,"column":3}}},"28":{"name":"(anonymous_37)","decl":{"start":{"line":222,"column":17},"end":{"line":222,"column":21}},"loc":{"start":{"line":222,"column":25},"end":{"line":226,"column":28}}},"29":{"name":"(anonymous_38)","decl":{"start":{"line":230,"column":4},"end":{"line":230,"column":9}},"loc":{"start":{"line":230,"column":116},"end":{"line":362,"column":5}}},"30":{"name":"(anonymous_39)","decl":{"start":{"line":232,"column":37},"end":{"line":232,"column":38}},"loc":{"start":{"line":232,"column":64},"end":{"line":236,"column":9}}},"31":{"name":"(anonymous_40)","decl":{"start":{"line":313,"column":19},"end":{"line":313,"column":20}},"loc":{"start":{"line":313,"column":24},"end":{"line":313,"column":32}}},"32":{"name":"(anonymous_41)","decl":{"start":{"line":316,"column":30},"end":{"line":316,"column":31}},"loc":{"start":{"line":316,"column":34},"end":{"line":318,"column":15}}},"33":{"name":"(anonymous_42)","decl":{"start":{"line":356,"column":21},"end":{"line":356,"column":24}},"loc":{"start":{"line":356,"column":27},"end":{"line":356,"column":84}}},"34":{"name":"(anonymous_43)","decl":{"start":{"line":374,"column":24},"end":{"line":374,"column":25}},"loc":{"start":{"line":374,"column":51},"end":{"line":374,"column":110}}},"35":{"name":"(anonymous_44)","decl":{"start":{"line":375,"column":21},"end":{"line":375,"column":22}},"loc":{"start":{"line":375,"column":50},"end":{"line":375,"column":108}}}},"branchMap":{"0":{"loc":{"start":{"line":12,"column":12},"end":{"line":12,"column":null}},"type":"binary-expr","locations":[{"start":{"line":12,"column":12},"end":{"line":12,"column":26}},{"start":{"line":12,"column":26},"end":{"line":12,"column":null}}]},"1":{"loc":{"start":{"line":36,"column":25},"end":{"line":36,"column":55}},"type":"default-arg","locations":[{"start":{"line":36,"column":53},"end":{"line":36,"column":55}}]},"2":{"loc":{"start":{"line":45,"column":4},"end":{"line":214,"column":5}},"type":"switch","locations":[{"start":{"line":46,"column":6},"end":{"line":63,"column":7}},{"start":{"line":64,"column":6},"end":{"line":76,"column":7}},{"start":{"line":77,"column":6},"end":{"line":85,"column":7}},{"start":{"line":86,"column":6},"end":{"line":98,"column":7}},{"start":{"line":99,"column":6},"end":{"line":112,"column":7}},{"start":{"line":113,"column":6},"end":{"line":117,"column":10}},{"start":{"line":118,"column":6},"end":{"line":122,"column":10}},{"start":{"line":123,"column":6},"end":{"line":128,"column":10}},{"start":{"line":129,"column":6},"end":{"line":135,"column":10}},{"start":{"line":136,"column":6},"end":{"line":142,"column":10}},{"start":{"line":143,"column":6},"end":{"line":156,"column":7}},{"start":{"line":157,"column":6},"end":{"line":168,"column":7}},{"start":{"line":169,"column":6},"end":{"line":175,"column":10}},{"start":{"line":176,"column":6},"end":{"line":189,"column":7}},{"start":{"line":190,"column":6},"end":{"line":196,"column":7}},{"start":{"line":197,"column":6},"end":{"line":205,"column":7}},{"start":{"line":206,"column":6},"end":{"line":207,"column":55}},{"start":{"line":208,"column":6},"end":{"line":209,"column":61}},{"start":{"line":210,"column":6},"end":{"line":211,"column":58}},{"start":{"line":212,"column":6},"end":{"line":213,"column":21}}]},"3":{"loc":{"start":{"line":49,"column":8},"end":{"line":51,"column":9}},"type":"if","locations":[{"start":{"line":49,"column":8},"end":{"line":51,"column":9}}]},"4":{"loc":{"start":{"line":52,"column":8},"end":{"line":62,"column":9}},"type":"if","locations":[{"start":{"line":52,"column":8},"end":{"line":62,"column":9}},{"start":{"line":60,"column":15},"end":{"line":62,"column":9}}]},"5":{"loc":{"start":{"line":67,"column":8},"end":{"line":69,"column":9}},"type":"if","locations":[{"start":{"line":67,"column":8},"end":{"line":69,"column":9}}]},"6":{"loc":{"start":{"line":83,"column":45},"end":{"line":83,"column":133}},"type":"cond-expr","locations":[{"start":{"line":83,"column":71},"end":{"line":83,"column":114}},{"start":{"line":83,"column":117},"end":{"line":83,"column":133}}]},"7":{"loc":{"start":{"line":89,"column":8},"end":{"line":91,"column":9}},"type":"if","locations":[{"start":{"line":89,"column":8},"end":{"line":91,"column":9}}]},"8":{"loc":{"start":{"line":102,"column":8},"end":{"line":104,"column":9}},"type":"if","locations":[{"start":{"line":102,"column":8},"end":{"line":104,"column":9}}]},"9":{"loc":{"start":{"line":121,"column":40},"end":{"line":121,"column":109}},"type":"cond-expr","locations":[{"start":{"line":121,"column":98},"end":{"line":121,"column":100}},{"start":{"line":121,"column":103},"end":{"line":121,"column":109}}]},"10":{"loc":{"start":{"line":145,"column":8},"end":{"line":155,"column":9}},"type":"if","locations":[{"start":{"line":145,"column":8},"end":{"line":155,"column":9}},{"start":{"line":153,"column":15},"end":{"line":155,"column":9}}]},"11":{"loc":{"start":{"line":159,"column":8},"end":{"line":161,"column":9}},"type":"if","locations":[{"start":{"line":159,"column":8},"end":{"line":161,"column":9}}]},"12":{"loc":{"start":{"line":180,"column":8},"end":{"line":182,"column":9}},"type":"if","locations":[{"start":{"line":180,"column":8},"end":{"line":182,"column":9}}]},"13":{"loc":{"start":{"line":180,"column":12},"end":{"line":180,"column":59}},"type":"binary-expr","locations":[{"start":{"line":180,"column":12},"end":{"line":180,"column":35}},{"start":{"line":180,"column":39},"end":{"line":180,"column":59}}]},"14":{"loc":{"start":{"line":194,"column":35},"end":{"line":194,"column":120}},"type":"cond-expr","locations":[{"start":{"line":194,"column":97},"end":{"line":194,"column":105}},{"start":{"line":194,"column":108},"end":{"line":194,"column":120}}]},"15":{"loc":{"start":{"line":221,"column":59},"end":{"line":221,"column":108}},"type":"default-arg","locations":[{"start":{"line":221,"column":84},"end":{"line":221,"column":108}}]},"16":{"loc":{"start":{"line":234,"column":10},"end":{"line":234,"column":69}},"type":"if","locations":[{"start":{"line":234,"column":10},"end":{"line":234,"column":69}}]},"17":{"loc":{"start":{"line":238,"column":8},"end":{"line":353,"column":9}},"type":"switch","locations":[{"start":{"line":239,"column":10},"end":{"line":248,"column":18}},{"start":{"line":249,"column":10},"end":{"line":257,"column":18}},{"start":{"line":258,"column":10},"end":{"line":265,"column":18}},{"start":{"line":266,"column":10},"end":{"line":274,"column":18}},{"start":{"line":275,"column":10},"end":{"line":284,"column":18}},{"start":{"line":285,"column":10},"end":{"line":287,"column":18}},{"start":{"line":288,"column":10},"end":{"line":290,"column":18}},{"start":{"line":291,"column":10},"end":{"line":293,"column":18}},{"start":{"line":294,"column":10},"end":{"line":296,"column":18}},{"start":{"line":297,"column":10},"end":{"line":299,"column":18}},{"start":{"line":300,"column":10},"end":{"line":308,"column":18}},{"start":{"line":309,"column":10},"end":{"line":331,"column":11}},{"start":{"line":332,"column":10},"end":{"line":334,"column":18}},{"start":{"line":335,"column":10},"end":{"line":344,"column":18}},{"start":{"line":345,"column":10},"end":{"line":347,"column":18}},{"start":{"line":348,"column":10},"end":{"line":350,"column":18}},{"start":{"line":351,"column":10},"end":{"line":352,"column":55}}]},"18":{"loc":{"start":{"line":355,"column":8},"end":{"line":357,"column":9}},"type":"if","locations":[{"start":{"line":355,"column":8},"end":{"line":357,"column":9}}]}},"s":{"0":0,"1":0,"2":0,"3":0,"4":0,"5":0,"6":0,"7":0,"8":0,"9":0,"10":0,"11":0,"12":0,"13":0,"14":0,"15":0,"16":0,"17":0,"18":0,"19":0,"20":0,"21":0,"22":0,"23":0,"24":0,"25":0,"26":0,"27":0,"28":0,"29":0,"30":0,"31":0,"32":0,"33":0,"34":0,"35":0,"36":0,"37":0,"38":0,"39":0,"40":0,"41":0,"42":0,"43":0,"44":0,"45":0,"46":0,"47":0,"48":0,"49":0,"50":0,"51":0,"52":0,"53":0,"54":0,"55":0,"56":0,"57":0,"58":0,"59":0,"60":0,"61":0,"62":0,"63":0,"64":0,"65":0,"66":0,"67":0,"68":0,"69":0,"70":0,"71":0,"72":0,"73":0,"74":0,"75":0,"76":0,"77":0,"78":0,"79":0,"80":0,"81":0,"82":0,"83":0,"84":0,"85":0,"86":0,"87":0,"88":0,"89":0,"90":0,"91":0,"92":0,"93":0,"94":0,"95":0,"96":0,"97":0,"98":0,"99":0,"100":0,"101":0,"102":0,"103":0,"104":0,"105":0,"106":0,"107":0,"108":0,"109":0,"110":0,"111":0,"112":0,"113":0,"114":0,"115":0,"116":0,"117":0,"118":0,"119":0,"120":0,"121":0,"122":0,"123":0,"124":0,"125":0,"126":0,"127":0,"128":0,"129":0,"130":0,"131":0,"132":0,"133":0,"134":0,"135":0,"136":0,"137":0,"138":0,"139":0,"140":0,"141":0,"142":0,"143":0,"144":0,"145":0,"146":0,"147":0,"148":0,"149":0,"150":0,"151":0,"152":0,"153":0,"154":0,"155":0,"156":0,"157":0,"158":0,"159":0,"160":0,"161":0,"162":0},"f":{"0":0,"1":0,"2":0,"3":0,"4":0,"5":0,"6":0,"7":0,"8":0,"9":0,"10":0,"11":0,"12":0,"13":0,"14":0,"15":0,"16":0,"17":0,"18":0,"19":0,"20":0,"21":0,"22":0,"23":0,"24":0,"25":0,"26":0,"27":0,"28":0,"29":0,"30":0,"31":0,"32":0,"33":0,"34":0,"35":0},"b":{"0":[0,0],"1":[0],"2":[0,0,0,0,0,0,0,0,0,0,0,0,0,0,0,0,0,0,0,0],"3":[0],"4":[0,0],"5":[0],"6":[0,0],"7":[0],"8":[0],"9":[0,0],"10":[0,0],"11":[0],"12":[0],"13":[0,0],"14":[0,0],"15":[0],"16":[0],"17":[0,0,0,0,0,0,0,0,0,0,0,0,0,0,0,0,0],"18":[0]}}
,"C:\\Users\\Projetos\\aplicativo-nova-estrutura-dados\\src\\components\\DataStructures\\Vetor\\vetor.ts": {"path":"C:\\Users\\Projetos\\aplicativo-nova-estrutura-dados\\src\\components\\DataStructures\\Vetor\\vetor.ts","statementMap":{"0":{"start":{"line":3,"column":10},"end":{"line":3,"column":null}},"1":{"start":{"line":4,"column":10},"end":{"line":4,"column":null}},"2":{"start":{"line":7,"column":4},"end":{"line":7,"column":50}},"3":{"start":{"line":8,"column":4},"end":{"line":8,"column":40}},"4":{"start":{"line":12,"column":4},"end":{"line":14,"column":5}},"5":{"start":{"line":13,"column":6},"end":{"line":13,"column":64}},"6":{"start":{"line":15,"column":4},"end":{"line":17,"column":5}},"7":{"start":{"line":16,"column":6},"end":{"line":16,"column":63}},"8":{"start":{"line":21,"column":4},"end":{"line":28,"column":5}},"9":{"start":{"line":22,"column":6},"end":{"line":22,"column":27}},"10":{"start":{"line":23,"column":29},"end":{"line":23,"column":55}},"11":{"start":{"line":24,"column":6},"end":{"line":26,"column":7}},"12":{"start":{"line":24,"column":19},"end":{"line":24,"column":20}},"13":{"start":{"line":25,"column":8},"end":{"line":25,"column":46}},"14":{"start":{"line":27,"column":6},"end":{"line":27,"column":38}},"15":{"start":{"line":32,"column":4},"end":{"line":34,"column":5}},"16":{"start":{"line":33,"column":6},"end":{"line":33,"column":49}},"17":{"start":{"line":36,"column":4},"end":{"line":36,"column":40}},"18":{"start":{"line":37,"column":4},"end":{"line":37,"column":31}},"19":{"start":{"line":39,"column":4},"end":{"line":41,"column":5}},"20":{"start":{"line":39,"column":17},"end":{"line":39,"column":38}},"21":{"start":{"line":40,"column":6},"end":{"line":40,"column":48}},"22":{"start":{"line":42,"column":4},"end":{"line":42,"column":38}},"23":{"start":{"line":46,"column":4},"end":{"line":48,"column":5}},"24":{"start":{"line":47,"column":6},"end":{"line":47,"column":49}},"25":{"start":{"line":50,"column":21},"end":{"line":50,"column":43}},"26":{"start":{"line":51,"column":4},"end":{"line":53,"column":5}},"27":{"start":{"line":51,"column":17},"end":{"line":51,"column":23}},"28":{"start":{"line":52,"column":6},"end":{"line":52,"column":48}},"29":{"start":{"line":54,"column":4},"end":{"line":54,"column":28}},"30":{"start":{"line":55,"column":4},"end":{"line":55,"column":20}},"31":{"start":{"line":59,"column":4},"end":{"line":59,"column":40}},"32":{"start":{"line":60,"column":4},"end":{"line":64,"column":5}},"33":{"start":{"line":60,"column":17},"end":{"line":60,"column":18}},"34":{"start":{"line":61,"column":6},"end":{"line":63,"column":7}},"35":{"start":{"line":62,"column":8},"end":{"line":62,"column":17}},"36":{"start":{"line":65,"column":4},"end":{"line":65,"column":14}},"37":{"start":{"line":69,"column":4},"end":{"line":71,"column":5}},"38":{"start":{"line":70,"column":6},"end":{"line":70,"column":49}},"39":{"start":{"line":72,"column":4},"end":{"line":72,"column":34}},"40":{"start":{"line":76,"column":4},"end":{"line":78,"column":5}},"41":{"start":{"line":77,"column":6},"end":{"line":77,"column":49}},"42":{"start":{"line":79,"column":4},"end":{"line":79,"column":40}},"43":{"start":{"line":80,"column":4},"end":{"line":80,"column":38}},"44":{"start":{"line":84,"column":4},"end":{"line":84,"column":33}},"45":{"start":{"line":88,"column":4},"end":{"line":88,"column":39}},"46":{"start":{"line":92,"column":4},"end":{"line":92,"column":48}},"47":{"start":{"line":96,"column":4},"end":{"line":96,"column":41}},"48":{"start":{"line":96,"column":34},"end":{"line":96,"column":39}},"49":{"start":{"line":100,"column":17},"end":{"line":100,"column":18}},"50":{"start":{"line":101,"column":14},"end":{"line":101,"column":39}},"51":{"start":{"line":103,"column":4},"end":{"line":109,"column":5}},"52":{"start":{"line":104,"column":19},"end":{"line":104,"column":41}},"53":{"start":{"line":105,"column":6},"end":{"line":105,"column":51}},"54":{"start":{"line":106,"column":6},"end":{"line":106,"column":33}},"55":{"start":{"line":107,"column":6},"end":{"line":107,"column":15}},"56":{"start":{"line":108,"column":6},"end":{"line":108,"column":12}},"57":{"start":{"line":113,"column":4},"end":{"line":113,"column":40}},"58":{"start":{"line":114,"column":4},"end":{"line":114,"column":31}},"59":{"start":{"line":115,"column":4},"end":{"line":115,"column":34}},"60":{"start":{"line":119,"column":4},"end":{"line":121,"column":5}},"61":{"start":{"line":120,"column":6},"end":{"line":120,"column":42}},"62":{"start":{"line":122,"column":4},"end":{"line":124,"column":5}},"63":{"start":{"line":123,"column":6},"end":{"line":123,"column":38}},"64":{"start":{"line":128,"column":4},"end":{"line":130,"column":5}},"65":{"start":{"line":129,"column":6},"end":{"line":129,"column":42}},"66":{"start":{"line":131,"column":4},"end":{"line":131,"column":33}},"67":{"start":{"line":135,"column":4},"end":{"line":137,"column":5}},"68":{"start":{"line":136,"column":6},"end":{"line":136,"column":57}},"69":{"start":{"line":139,"column":23},"end":{"line":139,"column":70}},"70":{"start":{"line":140,"column":4},"end":{"line":142,"column":5}},"71":{"start":{"line":141,"column":6},"end":{"line":141,"column":47}},"72":{"start":{"line":144,"column":4},"end":{"line":144,"column":52}},"73":{"start":{"line":148,"column":4},"end":{"line":148,"column":40}},"74":{"start":{"line":149,"column":4},"end":{"line":149,"column":40}},"75":{"start":{"line":153,"column":4},"end":{"line":153,"column":40}},"76":{"start":{"line":154,"column":4},"end":{"line":154,"column":33}},"77":{"start":{"line":158,"column":4},"end":{"line":158,"column":31}},"78":{"start":{"line":2,"column":0},"end":{"line":2,"column":13}}},"fnMap":{"0":{"name":"(anonymous_0)","decl":{"start":{"line":6,"column":2},"end":{"line":6,"column":14}},"loc":{"start":{"line":6,"column":44},"end":{"line":9,"column":3}}},"1":{"name":"(anonymous_1)","decl":{"start":{"line":11,"column":10},"end":{"line":11,"column":30}},"loc":{"start":{"line":11,"column":44},"end":{"line":18,"column":3}}},"2":{"name":"(anonymous_2)","decl":{"start":{"line":20,"column":10},"end":{"line":20,"column":29}},"loc":{"start":{"line":20,"column":29},"end":{"line":29,"column":3}}},"3":{"name":"(anonymous_3)","decl":{"start":{"line":31,"column":2},"end":{"line":31,"column":9}},"loc":{"start":{"line":31,"column":42},"end":{"line":43,"column":3}}},"4":{"name":"(anonymous_4)","decl":{"start":{"line":45,"column":2},"end":{"line":45,"column":9}},"loc":{"start":{"line":45,"column":24},"end":{"line":56,"column":3}}},"5":{"name":"(anonymous_5)","decl":{"start":{"line":58,"column":2},"end":{"line":58,"column":8}},"loc":{"start":{"line":58,"column":25},"end":{"line":66,"column":3}}},"6":{"name":"(anonymous_6)","decl":{"start":{"line":68,"column":2},"end":{"line":68,"column":7}},"loc":{"start":{"line":68,"column":22},"end":{"line":73,"column":3}}},"7":{"name":"(anonymous_7)","decl":{"start":{"line":75,"column":2},"end":{"line":75,"column":9}},"loc":{"start":{"line":75,"column":42},"end":{"line":81,"column":3}}},"8":{"name":"(anonymous_8)","decl":{"start":{"line":83,"column":2},"end":{"line":83,"column":9}},"loc":{"start":{"line":83,"column":9},"end":{"line":85,"column":3}}},"9":{"name":"(anonymous_9)","decl":{"start":{"line":87,"column":2},"end":{"line":87,"column":11}},"loc":{"start":{"line":87,"column":11},"end":{"line":89,"column":3}}},"10":{"name":"(anonymous_10)","decl":{"start":{"line":91,"column":2},"end":{"line":91,"column":8}},"loc":{"start":{"line":91,"column":8},"end":{"line":93,"column":3}}},"11":{"name":"(anonymous_11)","decl":{"start":{"line":95,"column":2},"end":{"line":95,"column":9}},"loc":{"start":{"line":95,"column":9},"end":{"line":97,"column":3}}},"12":{"name":"(anonymous_12)","decl":{"start":{"line":96,"column":24},"end":{"line":96,"column":25}},"loc":{"start":{"line":96,"column":34},"end":{"line":96,"column":39}}},"13":{"name":"(anonymous_13)","decl":{"start":{"line":99,"column":2},"end":{"line":99,"column":10}},"loc":{"start":{"line":99,"column":10},"end":{"line":110,"column":3}}},"14":{"name":"(anonymous_14)","decl":{"start":{"line":112,"column":2},"end":{"line":112,"column":18}},"loc":{"start":{"line":112,"column":35},"end":{"line":116,"column":3}}},"15":{"name":"(anonymous_15)","decl":{"start":{"line":118,"column":2},"end":{"line":118,"column":10}},"loc":{"start":{"line":118,"column":30},"end":{"line":125,"column":3}}},"16":{"name":"(anonymous_16)","decl":{"start":{"line":127,"column":2},"end":{"line":127,"column":16}},"loc":{"start":{"line":127,"column":16},"end":{"line":132,"column":3}}},"17":{"name":"(anonymous_17)","decl":{"start":{"line":134,"column":2},"end":{"line":134,"column":8}},"loc":{"start":{"line":134,"column":37},"end":{"line":145,"column":3}}},"18":{"name":"(anonymous_18)","decl":{"start":{"line":147,"column":2},"end":{"line":147,"column":8}},"loc":{"start":{"line":147,"column":25},"end":{"line":150,"column":3}}},"19":{"name":"(anonymous_19)","decl":{"start":{"line":152,"column":2},"end":{"line":152,"column":10}},"loc":{"start":{"line":152,"column":27},"end":{"line":155,"column":3}}},"20":{"name":"(anonymous_20)","decl":{"start":{"line":157,"column":2},"end":{"line":157,"column":11}},"loc":{"start":{"line":157,"column":11},"end":{"line":159,"column":3}}}},"branchMap":{"0":{"loc":{"start":{"line":6,"column":14},"end":{"line":6,"column":44}},"type":"default-arg","locations":[{"start":{"line":6,"column":42},"end":{"line":6,"column":44}}]},"1":{"loc":{"start":{"line":12,"column":4},"end":{"line":14,"column":5}},"type":"if","locations":[{"start":{"line":12,"column":4},"end":{"line":14,"column":5}}]},"2":{"loc":{"start":{"line":15,"column":4},"end":{"line":17,"column":5}},"type":"if","locations":[{"start":{"line":15,"column":4},"end":{"line":17,"column":5}}]},"3":{"loc":{"start":{"line":15,"column":8},"end":{"line":15,"column":37}},"type":"binary-expr","locations":[{"start":{"line":15,"column":8},"end":{"line":15,"column":21}},{"start":{"line":15,"column":25},"end":{"line":15,"column":37}}]},"4":{"loc":{"start":{"line":21,"column":4},"end":{"line":28,"column":5}},"type":"if","locations":[{"start":{"line":21,"column":4},"end":{"line":28,"column":5}}]},"5":{"loc":{"start":{"line":32,"column":4},"end":{"line":34,"column":5}},"type":"if","locations":[{"start":{"line":32,"column":4},"end":{"line":34,"column":5}}]},"6":{"loc":{"start":{"line":32,"column":8},"end":{"line":32,"column":52}},"type":"binary-expr","locations":[{"start":{"line":32,"column":8},"end":{"line":32,"column":18}},{"start":{"line":32,"column":22},"end":{"line":32,"column":52}}]},"7":{"loc":{"start":{"line":46,"column":4},"end":{"line":48,"column":5}},"type":"if","locations":[{"start":{"line":46,"column":4},"end":{"line":48,"column":5}}]},"8":{"loc":{"start":{"line":46,"column":8},"end":{"line":46,"column":53}},"type":"binary-expr","locations":[{"start":{"line":46,"column":8},"end":{"line":46,"column":18}},{"start":{"line":46,"column":22},"end":{"line":46,"column":53}}]},"9":{"loc":{"start":{"line":61,"column":6},"end":{"line":63,"column":7}},"type":"if","locations":[{"start":{"line":61,"column":6},"end":{"line":63,"column":7}}]},"10":{"loc":{"start":{"line":69,"column":4},"end":{"line":71,"column":5}},"type":"if","locations":[{"start":{"line":69,"column":4},"end":{"line":71,"column":5}}]},"11":{"loc":{"start":{"line":69,"column":8},"end":{"line":69,"column":53}},"type":"binary-expr","locations":[{"start":{"line":69,"column":8},"end":{"line":69,"column":18}},{"start":{"line":69,"column":22},"end":{"line":69,"column":53}}]},"12":{"loc":{"start":{"line":76,"column":4},"end":{"line":78,"column":5}},"type":"if","locations":[{"start":{"line":76,"column":4},"end":{"line":78,"column":5}}]},"13":{"loc":{"start":{"line":76,"column":8},"end":{"line":76,"column":53}},"type":"binary-expr","locations":[{"start":{"line":76,"column":8},"end":{"line":76,"column":18}},{"start":{"line":76,"column":22},"end":{"line":76,"column":53}}]},"14":{"loc":{"start":{"line":128,"column":4},"end":{"line":130,"column":5}},"type":"if","locations":[{"start":{"line":128,"column":4},"end":{"line":130,"column":5}}]},"15":{"loc":{"start":{"line":135,"column":4},"end":{"line":137,"column":5}},"type":"if","locations":[{"start":{"line":135,"column":4},"end":{"line":137,"column":5}}]},"16":{"loc":{"start":{"line":135,"column":8},"end":{"line":135,"column":53}},"type":"binary-expr","locations":[{"start":{"line":135,"column":8},"end":{"line":135,"column":18}},{"start":{"line":135,"column":22},"end":{"line":135,"column":53}}]},"17":{"loc":{"start":{"line":139,"column":23},"end":{"line":139,"column":70}},"type":"cond-expr","locations":[{"start":{"line":139,"column":43},"end":{"line":139,"column":64}},{"start":{"line":139,"column":67},"end":{"line":139,"column":70}}]},"18":{"loc":{"start":{"line":140,"column":4},"end":{"line":142,"column":5}},"type":"if","locations":[{"start":{"line":140,"column":4},"end":{"line":142,"column":5}}]},"19":{"loc":{"start":{"line":140,"column":8},"end":{"line":140,"column":65}},"type":"binary-expr","locations":[{"start":{"line":140,"column":8},"end":{"line":140,"column":27}},{"start":{"line":140,"column":31},"end":{"line":140,"column":65}}]}},"s":{"0":0,"1":0,"2":0,"3":0,"4":0,"5":0,"6":0,"7":0,"8":0,"9":0,"10":0,"11":0,"12":0,"13":0,"14":0,"15":0,"16":0,"17":0,"18":0,"19":0,"20":0,"21":0,"22":0,"23":0,"24":0,"25":0,"26":0,"27":0,"28":0,"29":0,"30":0,"31":0,"32":0,"33":0,"34":0,"35":0,"36":0,"37":0,"38":0,"39":0,"40":0,"41":0,"42":0,"43":0,"44":0,"45":0,"46":0,"47":0,"48":0,"49":0,"50":0,"51":0,"52":0,"53":0,"54":0,"55":0,"56":0,"57":0,"58":0,"59":0,"60":0,"61":0,"62":0,"63":0,"64":0,"65":0,"66":0,"67":0,"68":0,"69":0,"70":0,"71":0,"72":0,"73":0,"74":0,"75":0,"76":0,"77":0,"78":0},"f":{"0":0,"1":0,"2":0,"3":0,"4":0,"5":0,"6":0,"7":0,"8":0,"9":0,"10":0,"11":0,"12":0,"13":0,"14":0,"15":0,"16":0,"17":0,"18":0,"19":0,"20":0},"b":{"0":[0],"1":[0],"2":[0],"3":[0,0],"4":[0],"5":[0],"6":[0,0],"7":[0],"8":[0,0],"9":[0],"10":[0],"11":[0,0],"12":[0],"13":[0,0],"14":[0],"15":[0],"16":[0,0],"17":[0,0],"18":[0],"19":[0,0]}}
,"C:\\Users\\Projetos\\aplicativo-nova-estrutura-dados\\src\\components\\shared\\Breadcrumbs.tsx": {"path":"C:\\Users\\Projetos\\aplicativo-nova-estrutura-dados\\src\\components\\shared\\Breadcrumbs.tsx","statementMap":{"0":{"start":{"line":8,"column":0},"end":{"line":8,"column":16}},"1":{"start":{"line":2,"column":0},"end":{"line":2,"column":66}},"2":{"start":{"line":3,"column":0},"end":{"line":3,"column":57}},"3":{"start":{"line":4,"column":0},"end":{"line":4,"column":38}},"4":{"start":{"line":5,"column":0},"end":{"line":5,"column":35}},"5":{"start":{"line":6,"column":0},"end":{"line":6,"column":54}},"6":{"start":{"line":9,"column":21},"end":{"line":9,"column":34}},"7":{"start":{"line":10,"column":21},"end":{"line":10,"column":34}},"8":{"start":{"line":11,"column":23},"end":{"line":11,"column":45}},"9":{"start":{"line":13,"column":18},"end":{"line":13,"column":62}},"10":{"start":{"line":14,"column":28},"end":{"line":14,"column":53}},"11":{"start":{"line":16,"column":23},"end":{"line":20,"column":5}},"12":{"start":{"line":17,"column":8},"end":{"line":19,"column":9}},"13":{"start":{"line":18,"column":12},"end":{"line":18,"column":21}},"14":{"start":{"line":22,"column":4},"end":{"line":91,"column":6}},"15":{"start":{"line":31,"column":47},"end":{"line":31,"column":59}},"16":{"start":{"line":65,"column":43},"end":{"line":65,"column":69}},"17":{"start":{"line":66,"column":39},"end":{"line":66,"column":80}},"18":{"start":{"line":67,"column":50},"end":{"line":67,"column":73}},"19":{"start":{"line":69,"column":28},"end":{"line":85,"column":30}}},"fnMap":{"0":{"name":"Breadcrumbs","decl":{"start":{"line":8,"column":16},"end":{"line":8,"column":27}},"loc":{"start":{"line":8,"column":27},"end":{"line":92,"column":1}}},"1":{"name":"(anonymous_1)","decl":{"start":{"line":16,"column":23},"end":{"line":16,"column":26}},"loc":{"start":{"line":16,"column":28},"end":{"line":20,"column":5}}},"2":{"name":"(anonymous_2)","decl":{"start":{"line":31,"column":41},"end":{"line":31,"column":44}},"loc":{"start":{"line":31,"column":47},"end":{"line":31,"column":59}}},"3":{"name":"(anonymous_3)","decl":{"start":{"line":64,"column":35},"end":{"line":64,"column":36}},"loc":{"start":{"line":64,"column":51},"end":{"line":86,"column":25}}}},"branchMap":{"0":{"loc":{"start":{"line":17,"column":8},"end":{"line":19,"column":9}},"type":"if","locations":[{"start":{"line":17,"column":8},"end":{"line":19,"column":9}}]},"1":{"loc":{"start":{"line":27,"column":25},"end":{"line":35,"column":null}},"type":"binary-expr","locations":[{"start":{"line":27,"column":25},"end":{"line":27,"column":41}},{"start":{"line":28,"column":28},"end":{"line":34,"column":null}}]},"2":{"loc":{"start":{"line":72,"column":37},"end":{"line":82,"column":null}},"type":"cond-expr","locations":[{"start":{"line":73,"column":40},"end":{"line":74,"column":null}},{"start":{"line":77,"column":40},"end":{"line":81,"column":null}}]}},"s":{"0":1,"1":1,"2":1,"3":1,"4":1,"5":1,"6":2,"7":2,"8":2,"9":2,"10":2,"11":2,"12":0,"13":0,"14":2,"15":0,"16":2,"17":2,"18":2,"19":2},"f":{"0":2,"1":0,"2":0,"3":2},"b":{"0":[0],"1":[2,1],"2":[1,1]}}
,"C:\\Users\\Projetos\\aplicativo-nova-estrutura-dados\\src\\components\\shared\\DataStructureCard.tsx": {"path":"C:\\Users\\Projetos\\aplicativo-nova-estrutura-dados\\src\\components\\shared\\DataStructureCard.tsx","statementMap":{"0":{"start":{"line":2,"column":0},"end":{"line":2,"column":50}},"1":{"start":{"line":10,"column":47},"end":{"line":14,"column":2}},"2":{"start":{"line":16,"column":13},"end":{"line":16,"column":90}},"3":{"start":{"line":18,"column":51},"end":{"line":21,"column":null}},"4":{"start":{"line":19,"column":2},"end":{"line":19,"column":null}},"5":{"start":{"line":18,"column":13},"end":{"line":18,"column":51}},"6":{"start":{"line":25,"column":32},"end":{"line":38,"column":1}},"7":{"start":{"line":26,"column":18},"end":{"line":26,"column":50}},"8":{"start":{"line":28,"column":2},"end":{"line":32,"column":3}},"9":{"start":{"line":29,"column":4},"end":{"line":31,"column":6}},"10":{"start":{"line":33,"column":2},"end":{"line":35,"column":3}},"11":{"start":{"line":34,"column":4},"end":{"line":34,"column":58}},"12":{"start":{"line":37,"column":2},"end":{"line":37,"column":17}},"13":{"start":{"line":25,"column":13},"end":{"line":25,"column":32}}},"fnMap":{"0":{"name":"(anonymous_0)","decl":{"start":{"line":12,"column":22},"end":{"line":12,"column":25}},"loc":{"start":{"line":12,"column":27},"end":{"line":12,"column":30}}},"1":{"name":"(anonymous_1)","decl":{"start":{"line":18,"column":51},"end":{"line":18,"column":52}},"loc":{"start":{"line":19,"column":2},"end":{"line":19,"column":null}}},"2":{"name":"(anonymous_2)","decl":{"start":{"line":25,"column":32},"end":{"line":25,"column":35}},"loc":{"start":{"line":25,"column":37},"end":{"line":38,"column":1}}}},"branchMap":{"0":{"loc":{"start":{"line":28,"column":2},"end":{"line":32,"column":3}},"type":"if","locations":[{"start":{"line":28,"column":2},"end":{"line":32,"column":3}}]},"1":{"loc":{"start":{"line":33,"column":2},"end":{"line":35,"column":3}},"type":"if","locations":[{"start":{"line":33,"column":2},"end":{"line":35,"column":3}}]}},"s":{"0":0,"1":0,"2":0,"3":0,"4":0,"5":0,"6":0,"7":0,"8":0,"9":0,"10":0,"11":0,"12":0,"13":0},"f":{"0":0,"1":0,"2":0},"b":{"0":[0],"1":[0]}}
,"C:\\Users\\Projetos\\aplicativo-nova-estrutura-dados\\src\\components\\ui\\Alert.tsx": {"path":"C:\\Users\\Projetos\\aplicativo-nova-estrutura-dados\\src\\components\\ui\\Alert.tsx","statementMap":{"0":{"start":{"line":9,"column":0},"end":{"line":9,"column":16}},"1":{"start":{"line":10,"column":21},"end":{"line":10,"column":44}},"2":{"start":{"line":11,"column":24},"end":{"line":14,"column":4}},"3":{"start":{"line":16,"column":18},"end":{"line":16,"column":78}},"4":{"start":{"line":18,"column":2},"end":{"line":22,"column":4}}},"fnMap":{"0":{"name":"Alert","decl":{"start":{"line":9,"column":16},"end":{"line":9,"column":21}},"loc":{"start":{"line":9,"column":78},"end":{"line":23,"column":1}}}},"branchMap":{"0":{"loc":{"start":{"line":9,"column":34},"end":{"line":9,"column":53}},"type":"default-arg","locations":[{"start":{"line":9,"column":44},"end":{"line":9,"column":53}}]},"1":{"loc":{"start":{"line":16,"column":61},"end":{"line":16,"column":76}},"type":"binary-expr","locations":[{"start":{"line":16,"column":61},"end":{"line":16,"column":70}},{"start":{"line":16,"column":74},"end":{"line":16,"column":76}}]}},"s":{"0":0,"1":0,"2":0,"3":0,"4":0},"f":{"0":0},"b":{"0":[0],"1":[0,0]}}
,"C:\\Users\\Projetos\\aplicativo-nova-estrutura-dados\\src\\components\\ui\\Button.tsx": {"path":"C:\\Users\\Projetos\\aplicativo-nova-estrutura-dados\\src\\components\\ui\\Button.tsx","statementMap":{"0":{"start":{"line":9,"column":0},"end":{"line":9,"column":16}},"1":{"start":{"line":16,"column":20},"end":{"line":16,"column":227}},"2":{"start":{"line":18,"column":19},"end":{"line":23,"column":4}},"3":{"start":{"line":25,"column":16},"end":{"line":30,"column":4}},"4":{"start":{"line":32,"column":2},"end":{"line":39,"column":4}}},"fnMap":{"0":{"name":"Button","decl":{"start":{"line":9,"column":16},"end":{"line":9,"column":22}},"loc":{"start":{"line":15,"column":14},"end":{"line":40,"column":1}}}},"branchMap":{"0":{"loc":{"start":{"line":11,"column":2},"end":{"line":11,"column":16}},"type":"default-arg","locations":[{"start":{"line":11,"column":14},"end":{"line":11,"column":16}}]},"1":{"loc":{"start":{"line":12,"column":2},"end":{"line":12,"column":21}},"type":"default-arg","locations":[{"start":{"line":12,"column":12},"end":{"line":12,"column":21}}]},"2":{"loc":{"start":{"line":13,"column":2},"end":{"line":13,"column":18}},"type":"default-arg","locations":[{"start":{"line":13,"column":9},"end":{"line":13,"column":18}}]}},"s":{"0":1,"1":3,"2":3,"3":3,"4":3},"f":{"0":3},"b":{"0":[3],"1":[0],"2":[0]}}
,"C:\\Users\\Projetos\\aplicativo-nova-estrutura-dados\\src\\components\\ui\\Card.tsx": {"path":"C:\\Users\\Projetos\\aplicativo-nova-estrutura-dados\\src\\components\\ui\\Card.tsx","statementMap":{"0":{"start":{"line":2,"column":0},"end":{"line":2,"column":30}},"1":{"start":{"line":5,"column":11},"end":{"line":5,"column":84}},"2":{"start":{"line":5,"column":51},"end":{"line":5,"column":84}},"3":{"start":{"line":7,"column":13},"end":{"line":19,"column":2}},"4":{"start":{"line":11,"column":2},"end":{"line":17,"column":null}},"5":{"start":{"line":82,"column":2},"end":{"line":82,"column":6}},"6":{"start":{"line":20,"column":0},"end":{"line":20,"column":null}},"7":{"start":{"line":22,"column":19},"end":{"line":31,"column":2}},"8":{"start":{"line":26,"column":2},"end":{"line":29,"column":null}},"9":{"start":{"line":83,"column":2},"end":{"line":83,"column":12}},"10":{"start":{"line":32,"column":0},"end":{"line":32,"column":null}},"11":{"start":{"line":34,"column":18},"end":{"line":46,"column":2}},"12":{"start":{"line":38,"column":2},"end":{"line":44,"column":null}},"13":{"start":{"line":85,"column":2},"end":{"line":85,"column":11}},"14":{"start":{"line":47,"column":0},"end":{"line":47,"column":null}},"15":{"start":{"line":49,"column":24},"end":{"line":58,"column":2}},"16":{"start":{"line":53,"column":2},"end":{"line":56,"column":null}},"17":{"start":{"line":86,"column":2},"end":{"line":86,"column":17}},"18":{"start":{"line":59,"column":0},"end":{"line":59,"column":null}},"19":{"start":{"line":61,"column":20},"end":{"line":66,"column":2}},"20":{"start":{"line":65,"column":2},"end":{"line":65,"column":68}},"21":{"start":{"line":87,"column":2},"end":{"line":87,"column":13}},"22":{"start":{"line":67,"column":0},"end":{"line":67,"column":null}},"23":{"start":{"line":69,"column":19},"end":{"line":78,"column":2}},"24":{"start":{"line":73,"column":2},"end":{"line":76,"column":null}},"25":{"start":{"line":84,"column":2},"end":{"line":84,"column":12}},"26":{"start":{"line":79,"column":0},"end":{"line":79,"column":null}}},"fnMap":{"0":{"name":"(anonymous_9)","decl":{"start":{"line":5,"column":11},"end":{"line":5,"column":12}},"loc":{"start":{"line":5,"column":51},"end":{"line":5,"column":84}}},"1":{"name":"(anonymous_10)","decl":{"start":{"line":10,"column":2},"end":{"line":10,"column":3}},"loc":{"start":{"line":11,"column":2},"end":{"line":17,"column":null}}},"2":{"name":"(anonymous_11)","decl":{"start":{"line":25,"column":2},"end":{"line":25,"column":3}},"loc":{"start":{"line":26,"column":2},"end":{"line":29,"column":null}}},"3":{"name":"(anonymous_12)","decl":{"start":{"line":37,"column":2},"end":{"line":37,"column":3}},"loc":{"start":{"line":38,"column":2},"end":{"line":44,"column":null}}},"4":{"name":"(anonymous_13)","decl":{"start":{"line":52,"column":2},"end":{"line":52,"column":3}},"loc":{"start":{"line":53,"column":2},"end":{"line":56,"column":null}}},"5":{"name":"(anonymous_14)","decl":{"start":{"line":64,"column":2},"end":{"line":64,"column":3}},"loc":{"start":{"line":65,"column":2},"end":{"line":65,"column":68}}},"6":{"name":"(anonymous_15)","decl":{"start":{"line":72,"column":2},"end":{"line":72,"column":3}},"loc":{"start":{"line":73,"column":2},"end":{"line":76,"column":null}}}},"branchMap":{},"s":{"0":0,"1":0,"2":0,"3":0,"4":0,"5":0,"6":0,"7":0,"8":0,"9":0,"10":0,"11":0,"12":0,"13":0,"14":0,"15":0,"16":0,"17":0,"18":0,"19":0,"20":0,"21":0,"22":0,"23":0,"24":0,"25":0,"26":0},"f":{"0":0,"1":0,"2":0,"3":0,"4":0,"5":0,"6":0},"b":{}}
,"C:\\Users\\Projetos\\aplicativo-nova-estrutura-dados\\src\\components\\ui\\Input.tsx": {"path":"C:\\Users\\Projetos\\aplicativo-nova-estrutura-dados\\src\\components\\ui\\Input.tsx","statementMap":{"0":{"start":{"line":7,"column":0},"end":{"line":7,"column":16}},"1":{"start":{"line":8,"column":18},"end":{"line":8,"column":141}},"2":{"start":{"line":10,"column":2},"end":{"line":12,"column":4}}},"fnMap":{"0":{"name":"Input","decl":{"start":{"line":7,"column":16},"end":{"line":7,"column":21}},"loc":{"start":{"line":7,"column":57},"end":{"line":13,"column":1}}}},"branchMap":{"0":{"loc":{"start":{"line":8,"column":124},"end":{"line":8,"column":139}},"type":"binary-expr","locations":[{"start":{"line":8,"column":124},"end":{"line":8,"column":133}},{"start":{"line":8,"column":137},"end":{"line":8,"column":139}}]}},"s":{"0":0,"1":0,"2":0},"f":{"0":0},"b":{"0":[0,0]}}
,"C:\\Users\\Projetos\\aplicativo-nova-estrutura-dados\\src\\components\\ui\\progress.tsx": {"path":"C:\\Users\\Projetos\\aplicativo-nova-estrutura-dados\\src\\components\\ui\\progress.tsx","statementMap":{"0":{"start":{"line":2,"column":0},"end":{"line":2,"column":31}},"1":{"start":{"line":3,"column":0},"end":{"line":3,"column":62}},"2":{"start":{"line":16,"column":17},"end":{"line":46,"column":2}},"3":{"start":{"line":21,"column":23},"end":{"line":21,"column":56}},"4":{"start":{"line":23,"column":2},"end":{"line":45,"column":4}},"5":{"start":{"line":50,"column":9},"end":{"line":50,"column":17}},"6":{"start":{"line":48,"column":0},"end":{"line":48,"column":34}}},"fnMap":{"0":{"name":"(anonymous_9)","decl":{"start":{"line":19,"column":2},"end":{"line":19,"column":3}},"loc":{"start":{"line":19,"column":77},"end":{"line":46,"column":1}}}},"branchMap":{"0":{"loc":{"start":{"line":19,"column":16},"end":{"line":19,"column":25}},"type":"default-arg","locations":[{"start":{"line":19,"column":24},"end":{"line":19,"column":25}}]},"1":{"loc":{"start":{"line":19,"column":27},"end":{"line":19,"column":45}},"type":"default-arg","locations":[{"start":{"line":19,"column":40},"end":{"line":19,"column":45}}]},"2":{"loc":{"start":{"line":28,"column":10},"end":{"line":28,"column":25}},"type":"binary-expr","locations":[{"start":{"line":28,"column":10},"end":{"line":28,"column":19}},{"start":{"line":28,"column":23},"end":{"line":28,"column":25}}]},"3":{"loc":{"start":{"line":32,"column":18},"end":{"line":32,"column":41}},"type":"binary-expr","locations":[{"start":{"line":32,"column":18},"end":{"line":32,"column":27}},{"start":{"line":32,"column":31},"end":{"line":32,"column":41}}]},"4":{"loc":{"start":{"line":40,"column":12},"end":{"line":40,"column":57}},"type":"cond-expr","locations":[{"start":{"line":40,"column":25},"end":{"line":40,"column":39}},{"start":{"line":40,"column":42},"end":{"line":40,"column":57}}]}},"s":{"0":0,"1":0,"2":0,"3":0,"4":0,"5":0,"6":0},"f":{"0":0},"b":{"0":[0],"1":[0],"2":[0,0],"3":[0,0],"4":[0,0]}}
,"C:\\Users\\Projetos\\aplicativo-nova-estrutura-dados\\src\\components\\ui\\slider.tsx": {"path":"C:\\Users\\Projetos\\aplicativo-nova-estrutura-dados\\src\\components\\ui\\slider.tsx","statementMap":{"0":{"start":{"line":2,"column":0},"end":{"line":2,"column":31}},"1":{"start":{"line":3,"column":0},"end":{"line":3,"column":58}},"2":{"start":{"line":24,"column":15},"end":{"line":74,"column":2}},"3":{"start":{"line":38,"column":2},"end":{"line":73,"column":4}},"4":{"start":{"line":78,"column":9},"end":{"line":78,"column":15}},"5":{"start":{"line":76,"column":0},"end":{"line":76,"column":30}}},"fnMap":{"0":{"name":"(anonymous_9)","decl":{"start":{"line":27,"column":2},"end":{"line":27,"column":3}},"loc":{"start":{"line":37,"column":10},"end":{"line":74,"column":1}}}},"branchMap":{"0":{"loc":{"start":{"line":31,"column":2},"end":{"line":31,"column":9}},"type":"default-arg","locations":[{"start":{"line":31,"column":8},"end":{"line":31,"column":9}}]},"1":{"loc":{"start":{"line":32,"column":2},"end":{"line":32,"column":11}},"type":"default-arg","locations":[{"start":{"line":32,"column":8},"end":{"line":32,"column":11}}]},"2":{"loc":{"start":{"line":33,"column":2},"end":{"line":33,"column":10}},"type":"default-arg","locations":[{"start":{"line":33,"column":9},"end":{"line":33,"column":10}}]},"3":{"loc":{"start":{"line":44,"column":12},"end":{"line":44,"column":27}},"type":"binary-expr","locations":[{"start":{"line":44,"column":12},"end":{"line":44,"column":21}},{"start":{"line":44,"column":25},"end":{"line":44,"column":27}}]},"4":{"loc":{"start":{"line":69,"column":7},"end":{"line":70,"column":null}},"type":"binary-expr","locations":[{"start":{"line":69,"column":7},"end":{"line":69,"column":15}},{"start":{"line":70,"column":8},"end":{"line":70,"column":59}}]}},"s":{"0":0,"1":0,"2":0,"3":0,"4":0,"5":0},"f":{"0":0},"b":{"0":[0],"1":[0],"2":[0],"3":[0,0],"4":[0,0]}}
,"C:\\Users\\Projetos\\aplicativo-nova-estrutura-dados\\src\\errors\\ErrorBoundary.tsx": {"path":"C:\\Users\\Projetos\\aplicativo-nova-estrutura-dados\\src\\errors\\ErrorBoundary.tsx","statementMap":{"0":{"start":{"line":2,"column":0},"end":{"line":2,"column":52}},"1":{"start":{"line":15,"column":4},"end":{"line":15,"column":17}},"2":{"start":{"line":16,"column":4},"end":{"line":19,"column":6}},"3":{"start":{"line":23,"column":4},"end":{"line":26,"column":6}},"4":{"start":{"line":30,"column":4},"end":{"line":30,"column":54}},"5":{"start":{"line":31,"column":4},"end":{"line":31,"column":44}},"6":{"start":{"line":35,"column":4},"end":{"line":50,"column":5}},"7":{"start":{"line":36,"column":6},"end":{"line":49,"column":8}},"8":{"start":{"line":43,"column":29},"end":{"line":43,"column":53}},"9":{"start":{"line":52,"column":4},"end":{"line":52,"column":31}},"10":{"start":{"line":13,"column":0},"end":{"line":13,"column":13}}},"fnMap":{"0":{"name":"(anonymous_0)","decl":{"start":{"line":14,"column":2},"end":{"line":14,"column":14}},"loc":{"start":{"line":14,"column":26},"end":{"line":20,"column":3}}},"1":{"name":"(anonymous_1)","decl":{"start":{"line":22,"column":2},"end":{"line":22,"column":8}},"loc":{"start":{"line":22,"column":46},"end":{"line":27,"column":3}}},"2":{"name":"(anonymous_2)","decl":{"start":{"line":29,"column":2},"end":{"line":29,"column":19}},"loc":{"start":{"line":29,"column":54},"end":{"line":32,"column":3}}},"3":{"name":"(anonymous_3)","decl":{"start":{"line":34,"column":2},"end":{"line":34,"column":8}},"loc":{"start":{"line":34,"column":8},"end":{"line":53,"column":3}}},"4":{"name":"(anonymous_4)","decl":{"start":{"line":43,"column":23},"end":{"line":43,"column":26}},"loc":{"start":{"line":43,"column":29},"end":{"line":43,"column":53}}}},"branchMap":{"0":{"loc":{"start":{"line":35,"column":4},"end":{"line":50,"column":5}},"type":"if","locations":[{"start":{"line":35,"column":4},"end":{"line":50,"column":5}}]}},"s":{"0":0,"1":0,"2":0,"3":0,"4":0,"5":0,"6":0,"7":0,"8":0,"9":0,"10":0},"f":{"0":0,"1":0,"2":0,"3":0,"4":0},"b":{"0":[0]}}
,"C:\\Users\\Projetos\\aplicativo-nova-estrutura-dados\\src\\errors\\errorHandlers.ts": {"path":"C:\\Users\\Projetos\\aplicativo-nova-estrutura-dados\\src\\errors\\errorHandlers.ts","statementMap":{"0":{"start":{"line":2,"column":30},"end":{"line":13,"column":1}},"1":{"start":{"line":3,"column":2},"end":{"line":12,"column":3}},"2":{"start":{"line":5,"column":4},"end":{"line":5,"column":73}},"3":{"start":{"line":6,"column":9},"end":{"line":12,"column":3}},"4":{"start":{"line":8,"column":4},"end":{"line":8,"column":51}},"5":{"start":{"line":11,"column":4},"end":{"line":11,"column":57}},"6":{"start":{"line":2,"column":13},"end":{"line":2,"column":30}},"7":{"start":{"line":15,"column":24},"end":{"line":17,"column":1}},"8":{"start":{"line":16,"column":2},"end":{"line":16,"column":55}},"9":{"start":{"line":15,"column":13},"end":{"line":15,"column":24}}},"fnMap":{"0":{"name":"(anonymous_0)","decl":{"start":{"line":2,"column":30},"end":{"line":2,"column":31}},"loc":{"start":{"line":2,"column":53},"end":{"line":13,"column":1}}},"1":{"name":"(anonymous_1)","decl":{"start":{"line":15,"column":24},"end":{"line":15,"column":25}},"loc":{"start":{"line":15,"column":59},"end":{"line":17,"column":1}}}},"branchMap":{"0":{"loc":{"start":{"line":3,"column":2},"end":{"line":12,"column":3}},"type":"if","locations":[{"start":{"line":3,"column":2},"end":{"line":12,"column":3}},{"start":{"line":6,"column":9},"end":{"line":12,"column":3}}]},"1":{"loc":{"start":{"line":5,"column":11},"end":{"line":5,"column":72}},"type":"binary-expr","locations":[{"start":{"line":5,"column":11},"end":{"line":5,"column":38}},{"start":{"line":5,"column":42},"end":{"line":5,"column":72}}]},"2":{"loc":{"start":{"line":6,"column":9},"end":{"line":12,"column":3}},"type":"if","locations":[{"start":{"line":6,"column":9},"end":{"line":12,"column":3}},{"start":{"line":9,"column":9},"end":{"line":12,"column":3}}]},"3":{"loc":{"start":{"line":11,"column":11},"end":{"line":11,"column":56}},"type":"binary-expr","locations":[{"start":{"line":11,"column":11},"end":{"line":11,"column":24}},{"start":{"line":11,"column":28},"end":{"line":11,"column":56}}]},"4":{"loc":{"start":{"line":16,"column":20},"end":{"line":16,"column":36}},"type":"binary-expr","locations":[{"start":{"line":16,"column":20},"end":{"line":16,"column":27}},{"start":{"line":16,"column":31},"end":{"line":16,"column":36}}]}},"s":{"0":0,"1":0,"2":0,"3":0,"4":0,"5":0,"6":0,"7":0,"8":0,"9":0},"f":{"0":0,"1":0},"b":{"0":[0,0],"1":[0,0],"2":[0,0],"3":[0,0],"4":[0,0]}}
,"C:\\Users\\Projetos\\aplicativo-nova-estrutura-dados\\src\\utils\\arrayUtils.ts": {"path":"C:\\Users\\Projetos\\aplicativo-nova-estrutura-dados\\src\\utils\\arrayUtils.ts","statementMap":{"0":{"start":{"line":3,"column":0},"end":{"line":3,"column":16}},"1":{"start":{"line":10,"column":2},"end":{"line":10,"column":18}},"2":{"start":{"line":17,"column":2},"end":{"line":17,"column":18}},"3":{"start":{"line":21,"column":2},"end":{"line":21,"column":18}},"4":{"start":{"line":28,"column":2},"end":{"line":28,"column":18}},"5":{"start":{"line":38,"column":2},"end":{"line":38,"column":18}},"6":{"start":{"line":42,"column":2},"end":{"line":42,"column":18}},"7":{"start":{"line":46,"column":2},"end":{"line":46,"column":18}},"8":{"start":{"line":50,"column":2},"end":{"line":50,"column":18}},"9":{"start":{"line":54,"column":2},"end":{"line":54,"column":18}},"10":{"start":{"line":58,"column":2},"end":{"line":58,"column":18}},"11":{"start":{"line":62,"column":2},"end":{"line":62,"column":18}},"12":{"start":{"line":66,"column":2},"end":{"line":66,"column":18}},"13":{"start":{"line":73,"column":2},"end":{"line":73,"column":18}},"14":{"start":{"line":84,"column":2},"end":{"line":84,"column":18}},"15":{"start":{"line":88,"column":2},"end":{"line":88,"column":18}},"16":{"start":{"line":93,"column":2},"end":{"line":93,"column":18}},"17":{"start":{"line":4,"column":4},"end":{"line":6,"column":5}},"18":{"start":{"line":5,"column":6},"end":{"line":5,"column":49}},"19":{"start":{"line":7,"column":4},"end":{"line":7,"column":69}},"20":{"start":{"line":11,"column":4},"end":{"line":13,"column":5}},"21":{"start":{"line":12,"column":6},"end":{"line":12,"column":49}},"22":{"start":{"line":14,"column":4},"end":{"line":14,"column":63}},"23":{"start":{"line":18,"column":4},"end":{"line":18,"column":33}},"24":{"start":{"line":22,"column":4},"end":{"line":24,"column":5}},"25":{"start":{"line":23,"column":6},"end":{"line":23,"column":49}},"26":{"start":{"line":25,"column":4},"end":{"line":25,"column":23}},"27":{"start":{"line":29,"column":4},"end":{"line":31,"column":5}},"28":{"start":{"line":30,"column":6},"end":{"line":30,"column":49}},"29":{"start":{"line":32,"column":22},"end":{"line":32,"column":30}},"30":{"start":{"line":33,"column":4},"end":{"line":33,"column":33}},"31":{"start":{"line":34,"column":4},"end":{"line":34,"column":21}},"32":{"start":{"line":39,"column":4},"end":{"line":39,"column":22}},"33":{"start":{"line":43,"column":4},"end":{"line":43,"column":28}},"34":{"start":{"line":47,"column":4},"end":{"line":47,"column":33}},"35":{"start":{"line":51,"column":4},"end":{"line":51,"column":42}},"36":{"start":{"line":51,"column":35},"end":{"line":51,"column":40}},"37":{"start":{"line":55,"column":4},"end":{"line":55,"column":30}},"38":{"start":{"line":59,"column":4},"end":{"line":59,"column":30}},"39":{"start":{"line":63,"column":4},"end":{"line":63,"column":34}},"40":{"start":{"line":67,"column":4},"end":{"line":69,"column":5}},"41":{"start":{"line":68,"column":6},"end":{"line":68,"column":42}},"42":{"start":{"line":70,"column":4},"end":{"line":70,"column":28}},"43":{"start":{"line":74,"column":6},"end":{"line":76,"column":7}},"44":{"start":{"line":75,"column":8},"end":{"line":75,"column":59}},"45":{"start":{"line":77,"column":25},"end":{"line":77,"column":61}},"46":{"start":{"line":78,"column":6},"end":{"line":80,"column":7}},"47":{"start":{"line":79,"column":8},"end":{"line":79,"column":49}},"48":{"start":{"line":81,"column":6},"end":{"line":81,"column":43}},"49":{"start":{"line":85,"column":4},"end":{"line":85,"column":34}},"50":{"start":{"line":89,"column":4},"end":{"line":89,"column":33}},"51":{"start":{"line":94,"column":6},"end":{"line":96,"column":7}},"52":{"start":{"line":95,"column":8},"end":{"line":95,"column":66}},"53":{"start":{"line":97,"column":6},"end":{"line":99,"column":7}},"54":{"start":{"line":98,"column":8},"end":{"line":98,"column":65}}},"fnMap":{"0":{"name":"inserir","decl":{"start":{"line":3,"column":16},"end":{"line":3,"column":23}},"loc":{"start":{"line":3,"column":71},"end":{"line":8,"column":3}}},"1":{"name":"remover","decl":{"start":{"line":10,"column":18},"end":{"line":10,"column":25}},"loc":{"start":{"line":10,"column":55},"end":{"line":15,"column":3}}},"2":{"name":"buscar","decl":{"start":{"line":17,"column":18},"end":{"line":17,"column":24}},"loc":{"start":{"line":17,"column":56},"end":{"line":19,"column":3}}},"3":{"name":"obter","decl":{"start":{"line":21,"column":18},"end":{"line":21,"column":23}},"loc":{"start":{"line":21,"column":53},"end":{"line":26,"column":3}}},"4":{"name":"definir","decl":{"start":{"line":28,"column":18},"end":{"line":28,"column":25}},"loc":{"start":{"line":28,"column":73},"end":{"line":35,"column":3}}},"5":{"name":"tamanho","decl":{"start":{"line":38,"column":18},"end":{"line":38,"column":25}},"loc":{"start":{"line":38,"column":39},"end":{"line":40,"column":3}}},"6":{"name":"estaVazio","decl":{"start":{"line":42,"column":18},"end":{"line":42,"column":27}},"loc":{"start":{"line":42,"column":41},"end":{"line":44,"column":3}}},"7":{"name":"limpar","decl":{"start":{"line":46,"column":18},"end":{"line":46,"column":24}},"loc":{"start":{"line":46,"column":43},"end":{"line":48,"column":3}}},"8":{"name":"ordenar","decl":{"start":{"line":50,"column":18},"end":{"line":50,"column":25}},"loc":{"start":{"line":50,"column":39},"end":{"line":52,"column":3}}},"9":{"name":"(anonymous_9)","decl":{"start":{"line":51,"column":25},"end":{"line":51,"column":26}},"loc":{"start":{"line":51,"column":35},"end":{"line":51,"column":40}}},"10":{"name":"inverter","decl":{"start":{"line":54,"column":18},"end":{"line":54,"column":26}},"loc":{"start":{"line":54,"column":40},"end":{"line":56,"column":3}}},"11":{"name":"adicionarNoFinal","decl":{"start":{"line":58,"column":18},"end":{"line":58,"column":34}},"loc":{"start":{"line":58,"column":66},"end":{"line":60,"column":3}}},"12":{"name":"estender","decl":{"start":{"line":62,"column":18},"end":{"line":62,"column":26}},"loc":{"start":{"line":62,"column":61},"end":{"line":64,"column":3}}},"13":{"name":"removerDoFinal","decl":{"start":{"line":66,"column":18},"end":{"line":66,"column":32}},"loc":{"start":{"line":66,"column":46},"end":{"line":71,"column":3}}},"14":{"name":"fatiar","decl":{"start":{"line":73,"column":18},"end":{"line":73,"column":24}},"loc":{"start":{"line":73,"column":68},"end":{"line":82,"column":3}}},"15":{"name":"contem","decl":{"start":{"line":84,"column":18},"end":{"line":84,"column":24}},"loc":{"start":{"line":84,"column":56},"end":{"line":86,"column":3}}},"16":{"name":"indiceDe","decl":{"start":{"line":88,"column":18},"end":{"line":88,"column":26}},"loc":{"start":{"line":88,"column":58},"end":{"line":90,"column":3}}},"17":{"name":"validarNumeroInteiro","decl":{"start":{"line":93,"column":18},"end":{"line":93,"column":38}},"loc":{"start":{"line":93,"column":52},"end":{"line":100,"column":3}}}},"branchMap":{"0":{"loc":{"start":{"line":4,"column":4},"end":{"line":6,"column":5}},"type":"if","locations":[{"start":{"line":4,"column":4},"end":{"line":6,"column":5}}]},"1":{"loc":{"start":{"line":4,"column":8},"end":{"line":4,"column":41}},"type":"binary-expr","locations":[{"start":{"line":4,"column":8},"end":{"line":4,"column":18}},{"start":{"line":4,"column":22},"end":{"line":4,"column":41}}]},"2":{"loc":{"start":{"line":11,"column":4},"end":{"line":13,"column":5}},"type":"if","locations":[{"start":{"line":11,"column":4},"end":{"line":13,"column":5}}]},"3":{"loc":{"start":{"line":11,"column":8},"end":{"line":11,"column":42}},"type":"binary-expr","locations":[{"start":{"line":11,"column":8},"end":{"line":11,"column":18}},{"start":{"line":11,"column":22},"end":{"line":11,"column":42}}]},"4":{"loc":{"start":{"line":22,"column":4},"end":{"line":24,"column":5}},"type":"if","locations":[{"start":{"line":22,"column":4},"end":{"line":24,"column":5}}]},"5":{"loc":{"start":{"line":22,"column":8},"end":{"line":22,"column":42}},"type":"binary-expr","locations":[{"start":{"line":22,"column":8},"end":{"line":22,"column":18}},{"start":{"line":22,"column":22},"end":{"line":22,"column":42}}]},"6":{"loc":{"start":{"line":29,"column":4},"end":{"line":31,"column":5}},"type":"if","locations":[{"start":{"line":29,"column":4},"end":{"line":31,"column":5}}]},"7":{"loc":{"start":{"line":29,"column":8},"end":{"line":29,"column":42}},"type":"binary-expr","locations":[{"start":{"line":29,"column":8},"end":{"line":29,"column":18}},{"start":{"line":29,"column":22},"end":{"line":29,"column":42}}]},"8":{"loc":{"start":{"line":67,"column":4},"end":{"line":69,"column":5}},"type":"if","locations":[{"start":{"line":67,"column":4},"end":{"line":69,"column":5}}]},"9":{"loc":{"start":{"line":74,"column":6},"end":{"line":76,"column":7}},"type":"if","locations":[{"start":{"line":74,"column":6},"end":{"line":76,"column":7}}]},"10":{"loc":{"start":{"line":74,"column":10},"end":{"line":74,"column":44}},"type":"binary-expr","locations":[{"start":{"line":74,"column":10},"end":{"line":74,"column":20}},{"start":{"line":74,"column":24},"end":{"line":74,"column":44}}]},"11":{"loc":{"start":{"line":77,"column":25},"end":{"line":77,"column":61}},"type":"cond-expr","locations":[{"start":{"line":77,"column":45},"end":{"line":77,"column":55}},{"start":{"line":77,"column":58},"end":{"line":77,"column":61}}]},"12":{"loc":{"start":{"line":78,"column":6},"end":{"line":80,"column":7}},"type":"if","locations":[{"start":{"line":78,"column":6},"end":{"line":80,"column":7}}]},"13":{"loc":{"start":{"line":78,"column":10},"end":{"line":78,"column":56}},"type":"binary-expr","locations":[{"start":{"line":78,"column":10},"end":{"line":78,"column":29}},{"start":{"line":78,"column":33},"end":{"line":78,"column":56}}]},"14":{"loc":{"start":{"line":94,"column":6},"end":{"line":96,"column":7}},"type":"if","locations":[{"start":{"line":94,"column":6},"end":{"line":96,"column":7}}]},"15":{"loc":{"start":{"line":97,"column":6},"end":{"line":99,"column":7}},"type":"if","locations":[{"start":{"line":97,"column":6},"end":{"line":99,"column":7}}]},"16":{"loc":{"start":{"line":97,"column":10},"end":{"line":97,"column":39}},"type":"binary-expr","locations":[{"start":{"line":97,"column":10},"end":{"line":97,"column":23}},{"start":{"line":97,"column":27},"end":{"line":97,"column":39}}]}},"s":{"0":1,"1":1,"2":1,"3":1,"4":1,"5":1,"6":1,"7":1,"8":1,"9":1,"10":1,"11":1,"12":1,"13":1,"14":1,"15":1,"16":1,"17":5,"18":2,"19":3,"20":5,"21":2,"22":3,"23":2,"24":3,"25":2,"26":1,"27":4,"28":2,"29":2,"30":2,"31":2,"32":2,"33":4,"34":1,"35":2,"36":30,"37":2,"38":2,"39":2,"40":2,"41":1,"42":1,"43":6,"44":2,"45":4,"46":4,"47":2,"48":2,"49":2,"50":2,"51":7,"52":1,"53":6,"54":2},"f":{"0":5,"1":5,"2":2,"3":3,"4":4,"5":2,"6":4,"7":1,"8":2,"9":30,"10":2,"11":2,"12":2,"13":2,"14":6,"15":2,"16":2,"17":7},"b":{"0":[2],"1":[5,4],"2":[2],"3":[5,4],"4":[2],"5":[3,2],"6":[2],"7":[4,3],"8":[1],"9":[2],"10":[6,5],"11":[1,3],"12":[2],"13":[4,3],"14":[1],"15":[2],"16":[6,5]}}
,"C:\\Users\\Projetos\\aplicativo-nova-estrutura-dados\\src\\utils\\utils.ts": {"path":"C:\\Users\\Projetos\\aplicativo-nova-estrutura-dados\\src\\utils\\utils.ts","statementMap":{"0":{"start":{"line":5,"column":0},"end":{"line":5,"column":16}},"1":{"start":{"line":2,"column":0},"end":{"line":2,"column":44}},"2":{"start":{"line":3,"column":0},"end":{"line":3,"column":40}},"3":{"start":{"line":6,"column":2},"end":{"line":6,"column":null}}},"fnMap":{"0":{"name":"cn","decl":{"start":{"line":5,"column":16},"end":{"line":5,"column":18}},"loc":{"start":{"line":5,"column":42},"end":{"line":7,"column":1}}}},"branchMap":{},"s":{"0":0,"1":0,"2":0,"3":0},"f":{"0":0},"b":{}}
,"C:\\Users\\Projetos\\aplicativo-nova-estrutura-dados\\src\\utils\\validationUtils.ts": {"path":"C:\\Users\\Projetos\\aplicativo-nova-estrutura-dados\\src\\utils\\validationUtils.ts","statementMap":{"0":{"start":{"line":3,"column":0},"end":{"line":3,"column":16}},"1":{"start":{"line":25,"column":2},"end":{"line":25,"column":18}},"2":{"start":{"line":4,"column":4},"end":{"line":6,"column":5}},"3":{"start":{"line":5,"column":6},"end":{"line":5,"column":73}},"4":{"start":{"line":8,"column":19},"end":{"line":8,"column":32}},"5":{"start":{"line":10,"column":4},"end":{"line":12,"column":5}},"6":{"start":{"line":11,"column":6},"end":{"line":11,"column":71}},"7":{"start":{"line":14,"column":4},"end":{"line":16,"column":5}},"8":{"start":{"line":15,"column":6},"end":{"line":15,"column":79}},"9":{"start":{"line":18,"column":4},"end":{"line":20,"column":5}},"10":{"start":{"line":19,"column":6},"end":{"line":19,"column":82}},"11":{"start":{"line":22,"column":4},"end":{"line":22,"column":69}},"12":{"start":{"line":26,"column":4},"end":{"line":28,"column":5}},"13":{"start":{"line":27,"column":6},"end":{"line":27,"column":60}},"14":{"start":{"line":30,"column":4},"end":{"line":32,"column":5}},"15":{"start":{"line":31,"column":6},"end":{"line":31,"column":110}},"16":{"start":{"line":35,"column":4},"end":{"line":37,"column":5}},"17":{"start":{"line":36,"column":8},"end":{"line":36,"column":103}},"18":{"start":{"line":39,"column":4},"end":{"line":39,"column":55}}},"fnMap":{"0":{"name":"validarNumero","decl":{"start":{"line":3,"column":16},"end":{"line":3,"column":29}},"loc":{"start":{"line":3,"column":40},"end":{"line":23,"column":3}}},"1":{"name":"validarIndice","decl":{"start":{"line":25,"column":18},"end":{"line":25,"column":31}},"loc":{"start":{"line":25,"column":83},"end":{"line":40,"column":3}}}},"branchMap":{"0":{"loc":{"start":{"line":4,"column":4},"end":{"line":6,"column":5}},"type":"if","locations":[{"start":{"line":4,"column":4},"end":{"line":6,"column":5}}]},"1":{"loc":{"start":{"line":4,"column":8},"end":{"line":4,"column":79}},"type":"binary-expr","locations":[{"start":{"line":4,"column":8},"end":{"line":4,"column":27}},{"start":{"line":4,"column":31},"end":{"line":4,"column":45}},{"start":{"line":4,"column":49},"end":{"line":4,"column":79}}]},"2":{"loc":{"start":{"line":10,"column":4},"end":{"line":12,"column":5}},"type":"if","locations":[{"start":{"line":10,"column":4},"end":{"line":12,"column":5}}]},"3":{"loc":{"start":{"line":14,"column":4},"end":{"line":16,"column":5}},"type":"if","locations":[{"start":{"line":14,"column":4},"end":{"line":16,"column":5}}]},"4":{"loc":{"start":{"line":18,"column":4},"end":{"line":20,"column":5}},"type":"if","locations":[{"start":{"line":18,"column":4},"end":{"line":20,"column":5}}]},"5":{"loc":{"start":{"line":18,"column":8},"end":{"line":18,"column":39}},"type":"binary-expr","locations":[{"start":{"line":18,"column":8},"end":{"line":18,"column":22}},{"start":{"line":18,"column":26},"end":{"line":18,"column":39}}]},"6":{"loc":{"start":{"line":26,"column":4},"end":{"line":28,"column":5}},"type":"if","locations":[{"start":{"line":26,"column":4},"end":{"line":28,"column":5}}]},"7":{"loc":{"start":{"line":26,"column":8},"end":{"line":26,"column":64}},"type":"binary-expr","locations":[{"start":{"line":26,"column":8},"end":{"line":26,"column":21}},{"start":{"line":26,"column":25},"end":{"line":26,"column":50}},{"start":{"line":26,"column":54},"end":{"line":26,"column":64}}]},"8":{"loc":{"start":{"line":30,"column":4},"end":{"line":32,"column":5}},"type":"if","locations":[{"start":{"line":30,"column":4},"end":{"line":32,"column":5}}]},"9":{"loc":{"start":{"line":35,"column":4},"end":{"line":37,"column":5}},"type":"if","locations":[{"start":{"line":35,"column":4},"end":{"line":37,"column":5}}]},"10":{"loc":{"start":{"line":35,"column":8},"end":{"line":35,"column":46}},"type":"binary-expr","locations":[{"start":{"line":35,"column":8},"end":{"line":35,"column":24}},{"start":{"line":35,"column":28},"end":{"line":35,"column":46}}]}},"s":{"0":1,"1":1,"2":11,"3":3,"4":8,"5":8,"6":1,"7":7,"8":1,"9":6,"10":2,"11":4,"12":6,"13":1,"14":5,"15":1,"16":4,"17":1,"18":3},"f":{"0":11,"1":6},"b":{"0":[3],"1":[11,10,9],"2":[1],"3":[1],"4":[2],"5":[6,5],"6":[1],"7":[6,6,6],"8":[1],"9":[1],"10":[4,1]}}
}
