TN:
SF:src\App.tsx
FN:6,App
FNF:1
FNH:1
FNDA:2,App
DA:2,1
DA:3,1
DA:4,1
DA:7,2
DA:17,1
LF:5
LH:5
BRF:0
BRH:0
end_of_record
TN:
SF:src\main.tsx
FNF:0
FNH:0
DA:2,0
DA:3,0
DA:4,0
DA:5,0
DA:6,0
DA:7,0
DA:8,0
DA:9,0
DA:10,0
DA:13,0
DA:35,0
LF:11
LH:0
BRF:0
BRH:0
end_of_record
TN:
SF:src\teste.tsx
FN:5,useCounter
FN:7,(anonymous_1)
FN:7,(anonymous_2)
FN:11,(anonymous_3)
FN:12,(anonymous_4)
FN:13,(anonymous_5)
FNF:6
FNH:0
FNDA:0,useCounter
FNDA:0,(anonymous_1)
FNDA:0,(anonymous_2)
FNDA:0,(anonymous_3)
FNDA:0,(anonymous_4)
FNDA:0,(anonymous_5)
DA:2,0
DA:3,0
DA:6,0
DA:7,0
DA:8,0
DA:11,0
DA:12,0
DA:13,0
DA:14,0
DA:16,0
LF:10
LH:0
BRF:0
BRH:0
end_of_record
TN:
SF:src\vite-env.d.ts
FNF:0
FNH:0
LF:0
LH:0
BRF:0
BRH:0
end_of_record
TN:
SF:src\components\DataStructures\Vetor\metodosVetor.ts
FNF:0
FNH:0
DA:10,0
DA:22,0
LF:2
LH:0
BRF:0
BRH:0
end_of_record
TN:
SF:src\components\DataStructures\Vetor\useVetor.ts
FN:12,(anonymous_9)
FN:36,useVetor
FN:43,(anonymous_11)
FN:53,(anonymous_12)
FN:56,(anonymous_13)
FN:70,(anonymous_14)
FN:73,(anonymous_15)
FN:79,(anonymous_16)
FN:92,(anonymous_17)
FN:105,(anonymous_18)
FN:108,(anonymous_19)
FN:116,(anonymous_20)
FN:121,(anonymous_21)
FN:130,(anonymous_22)
FN:133,(anonymous_23)
FN:137,(anonymous_24)
FN:140,(anonymous_25)
FN:146,(anonymous_26)
FN:149,(anonymous_27)
FN:162,(anonymous_28)
FN:165,(anonymous_29)
FN:170,(anonymous_30)
FN:173,(anonymous_31)
FN:183,(anonymous_32)
FN:186,(anonymous_33)
FN:194,(anonymous_34)
FN:199,(anonymous_35)
FN:221,(anonymous_36)
FN:222,(anonymous_37)
FN:230,(anonymous_38)
FN:232,(anonymous_39)
FN:313,(anonymous_40)
FN:316,(anonymous_41)
FN:356,(anonymous_42)
FN:374,(anonymous_43)
FN:375,(anonymous_44)
FNF:36
FNH:0
FNDA:0,(anonymous_9)
FNDA:0,useVetor
FNDA:0,(anonymous_11)
FNDA:0,(anonymous_12)
FNDA:0,(anonymous_13)
FNDA:0,(anonymous_14)
FNDA:0,(anonymous_15)
FNDA:0,(anonymous_16)
FNDA:0,(anonymous_17)
FNDA:0,(anonymous_18)
FNDA:0,(anonymous_19)
FNDA:0,(anonymous_20)
FNDA:0,(anonymous_21)
FNDA:0,(anonymous_22)
FNDA:0,(anonymous_23)
FNDA:0,(anonymous_24)
FNDA:0,(anonymous_25)
FNDA:0,(anonymous_26)
FNDA:0,(anonymous_27)
FNDA:0,(anonymous_28)
FNDA:0,(anonymous_29)
FNDA:0,(anonymous_30)
FNDA:0,(anonymous_31)
FNDA:0,(anonymous_32)
FNDA:0,(anonymous_33)
FNDA:0,(anonymous_34)
FNDA:0,(anonymous_35)
FNDA:0,(anonymous_36)
FNDA:0,(anonymous_37)
FNDA:0,(anonymous_38)
FNDA:0,(anonymous_39)
FNDA:0,(anonymous_40)
FNDA:0,(anonymous_41)
FNDA:0,(anonymous_42)
FNDA:0,(anonymous_43)
FNDA:0,(anonymous_44)
DA:2,0
DA:3,0
DA:4,0
DA:5,0
DA:12,0
DA:13,0
DA:14,0
DA:15,0
DA:16,0
DA:36,0
DA:37,0
DA:43,0
DA:44,0
DA:45,0
DA:47,0
DA:48,0
DA:49,0
DA:50,0
DA:52,0
DA:53,0
DA:54,0
DA:56,0
DA:61,0
DA:65,0
DA:66,0
DA:67,0
DA:68,0
DA:70,0
DA:71,0
DA:73,0
DA:78,0
DA:79,0
DA:80,0
DA:87,0
DA:88,0
DA:89,0
DA:90,0
DA:92,0
DA:93,0
DA:100,0
DA:101,0
DA:102,0
DA:103,0
DA:105,0
DA:106,0
DA:108,0
DA:114,0
DA:116,0
DA:119,0
DA:121,0
DA:124,0
DA:130,0
DA:131,0
DA:133,0
DA:137,0
DA:138,0
DA:140,0
DA:144,0
DA:145,0
DA:146,0
DA:147,0
DA:149,0
DA:154,0
DA:158,0
DA:159,0
DA:160,0
DA:162,0
DA:163,0
DA:165,0
DA:170,0
DA:171,0
DA:173,0
DA:177,0
DA:178,0
DA:179,0
DA:180,0
DA:181,0
DA:183,0
DA:184,0
DA:186,0
DA:191,0
DA:192,0
DA:194,0
DA:198,0
DA:199,0
DA:200,0
DA:207,0
DA:209,0
DA:211,0
DA:213,0
DA:217,0
DA:218,0
DA:219,0
DA:221,0
DA:222,0
DA:229,0
DA:231,0
DA:232,0
DA:233,0
DA:234,0
DA:235,0
DA:238,0
DA:240,0
DA:248,0
DA:250,0
DA:257,0
DA:259,0
DA:265,0
DA:267,0
DA:274,0
DA:276,0
DA:284,0
DA:286,0
DA:287,0
DA:289,0
DA:290,0
DA:292,0
DA:293,0
DA:295,0
DA:296,0
DA:298,0
DA:299,0
DA:301,0
DA:308,0
DA:310,0
DA:313,0
DA:315,0
DA:316,0
DA:317,0
DA:320,0
DA:322,0
DA:330,0
DA:333,0
DA:334,0
DA:336,0
DA:344,0
DA:346,0
DA:347,0
DA:349,0
DA:350,0
DA:352,0
DA:355,0
DA:356,0
DA:359,0
DA:360,0
DA:366,0
DA:374,0
DA:375,0
LF:148
LH:0
BRDA:12,0,0,0
BRDA:12,0,1,0
BRDA:36,1,0,0
BRDA:45,2,0,0
BRDA:45,2,1,0
BRDA:45,2,2,0
BRDA:45,2,3,0
BRDA:45,2,4,0
BRDA:45,2,5,0
BRDA:45,2,6,0
BRDA:45,2,7,0
BRDA:45,2,8,0
BRDA:45,2,9,0
BRDA:45,2,10,0
BRDA:45,2,11,0
BRDA:45,2,12,0
BRDA:45,2,13,0
BRDA:45,2,14,0
BRDA:45,2,15,0
BRDA:45,2,16,0
BRDA:45,2,17,0
BRDA:45,2,18,0
BRDA:45,2,19,0
BRDA:49,3,0,0
BRDA:52,4,0,0
BRDA:52,4,1,0
BRDA:67,5,0,0
BRDA:83,6,0,0
BRDA:83,6,1,0
BRDA:89,7,0,0
BRDA:102,8,0,0
BRDA:121,9,0,0
BRDA:121,9,1,0
BRDA:145,10,0,0
BRDA:145,10,1,0
BRDA:159,11,0,0
BRDA:180,12,0,0
BRDA:180,13,0,0
BRDA:180,13,1,0
BRDA:194,14,0,0
BRDA:194,14,1,0
BRDA:221,15,0,0
BRDA:234,16,0,0
BRDA:238,17,0,0
BRDA:238,17,1,0
BRDA:238,17,2,0
BRDA:238,17,3,0
BRDA:238,17,4,0
BRDA:238,17,5,0
BRDA:238,17,6,0
BRDA:238,17,7,0
BRDA:238,17,8,0
BRDA:238,17,9,0
BRDA:238,17,10,0
BRDA:238,17,11,0
BRDA:238,17,12,0
BRDA:238,17,13,0
BRDA:238,17,14,0
BRDA:238,17,15,0
BRDA:238,17,16,0
BRDA:355,18,0,0
BRF:61
BRH:0
end_of_record
TN:
SF:src\components\DataStructures\Vetor\vetor.ts
FN:6,(anonymous_0)
FN:11,(anonymous_1)
FN:20,(anonymous_2)
FN:31,(anonymous_3)
FN:45,(anonymous_4)
FN:58,(anonymous_5)
FN:68,(anonymous_6)
FN:75,(anonymous_7)
FN:83,(anonymous_8)
FN:87,(anonymous_9)
FN:91,(anonymous_10)
FN:95,(anonymous_11)
FN:96,(anonymous_12)
FN:99,(anonymous_13)
FN:112,(anonymous_14)
FN:118,(anonymous_15)
FN:127,(anonymous_16)
FN:134,(anonymous_17)
FN:147,(anonymous_18)
FN:152,(anonymous_19)
FN:157,(anonymous_20)
FNF:21
FNH:0
FNDA:0,(anonymous_0)
FNDA:0,(anonymous_1)
FNDA:0,(anonymous_2)
FNDA:0,(anonymous_3)
FNDA:0,(anonymous_4)
FNDA:0,(anonymous_5)
FNDA:0,(anonymous_6)
FNDA:0,(anonymous_7)
FNDA:0,(anonymous_8)
FNDA:0,(anonymous_9)
FNDA:0,(anonymous_10)
FNDA:0,(anonymous_11)
FNDA:0,(anonymous_12)
FNDA:0,(anonymous_13)
FNDA:0,(anonymous_14)
FNDA:0,(anonymous_15)
FNDA:0,(anonymous_16)
FNDA:0,(anonymous_17)
FNDA:0,(anonymous_18)
FNDA:0,(anonymous_19)
FNDA:0,(anonymous_20)
DA:2,0
DA:3,0
DA:4,0
DA:7,0
DA:8,0
DA:12,0
DA:13,0
DA:15,0
DA:16,0
DA:21,0
DA:22,0
DA:23,0
DA:24,0
DA:25,0
DA:27,0
DA:32,0
DA:33,0
DA:36,0
DA:37,0
DA:39,0
DA:40,0
DA:42,0
DA:46,0
DA:47,0
DA:50,0
DA:51,0
DA:52,0
DA:54,0
DA:55,0
DA:59,0
DA:60,0
DA:61,0
DA:62,0
DA:65,0
DA:69,0
DA:70,0
DA:72,0
DA:76,0
DA:77,0
DA:79,0
DA:80,0
DA:84,0
DA:88,0
DA:92,0
DA:96,0
DA:100,0
DA:101,0
DA:103,0
DA:104,0
DA:105,0
DA:106,0
DA:107,0
DA:108,0
DA:113,0
DA:114,0
DA:115,0
DA:119,0
DA:120,0
DA:122,0
DA:123,0
DA:128,0
DA:129,0
DA:131,0
DA:135,0
DA:136,0
DA:139,0
DA:140,0
DA:141,0
DA:144,0
DA:148,0
DA:149,0
DA:153,0
DA:154,0
DA:158,0
LF:74
LH:0
BRDA:6,0,0,0
BRDA:12,1,0,0
BRDA:15,2,0,0
BRDA:15,3,0,0
BRDA:15,3,1,0
BRDA:21,4,0,0
BRDA:32,5,0,0
BRDA:32,6,0,0
BRDA:32,6,1,0
BRDA:46,7,0,0
BRDA:46,8,0,0
BRDA:46,8,1,0
BRDA:61,9,0,0
BRDA:69,10,0,0
BRDA:69,11,0,0
BRDA:69,11,1,0
BRDA:76,12,0,0
BRDA:76,13,0,0
BRDA:76,13,1,0
BRDA:128,14,0,0
BRDA:135,15,0,0
BRDA:135,16,0,0
BRDA:135,16,1,0
BRDA:139,17,0,0
BRDA:139,17,1,0
BRDA:140,18,0,0
BRDA:140,19,0,0
BRDA:140,19,1,0
BRF:28
BRH:0
end_of_record
TN:
SF:src\components\shared\Breadcrumbs.tsx
FN:8,Breadcrumbs
FN:16,(anonymous_1)
FN:31,(anonymous_2)
FN:64,(anonymous_3)
FNF:4
FNH:2
FNDA:2,Breadcrumbs
FNDA:0,(anonymous_1)
FNDA:0,(anonymous_2)
FNDA:2,(anonymous_3)
DA:2,1
DA:3,1
DA:4,1
DA:5,1
DA:6,1
DA:8,1
DA:9,2
DA:10,2
DA:11,2
DA:13,2
DA:14,2
DA:16,2
DA:17,0
DA:18,0
DA:22,2
DA:31,0
DA:65,2
DA:66,2
DA:67,2
DA:69,2
LF:20
LH:17
BRDA:17,0,0,0
BRDA:27,1,0,2
BRDA:27,1,1,1
BRDA:72,2,0,1
BRDA:72,2,1,1
BRF:5
BRH:4
end_of_record
TN:
SF:src\components\shared\DataStructureCard.tsx
FN:12,(anonymous_0)
FN:18,(anonymous_1)
FN:25,(anonymous_2)
FNF:3
FNH:0
FNDA:0,(anonymous_0)
FNDA:0,(anonymous_1)
FNDA:0,(anonymous_2)
DA:2,0
DA:10,0
DA:16,0
DA:18,0
DA:19,0
DA:25,0
DA:26,0
DA:28,0
DA:29,0
DA:33,0
DA:34,0
DA:37,0
LF:12
LH:0
BRDA:28,0,0,0
BRDA:33,1,0,0
BRF:2
BRH:0
end_of_record
TN:
SF:src\components\ui\Alert.tsx
FN:9,Alert
FNF:1
FNH:0
FNDA:0,Alert
DA:9,0
DA:10,0
DA:11,0
DA:16,0
DA:18,0
LF:5
LH:0
BRDA:9,0,0,0
BRDA:16,1,0,0
BRDA:16,1,1,0
BRF:3
BRH:0
end_of_record
TN:
SF:src\components\ui\Button.tsx
FN:9,Button
FNF:1
FNH:1
FNDA:3,Button
DA:9,1
DA:16,3
DA:18,3
DA:25,3
DA:32,3
LF:5
LH:5
BRDA:11,0,0,3
BRDA:12,1,0,0
BRDA:13,2,0,0
BRF:3
BRH:1
end_of_record
TN:
SF:src\components\ui\Card.tsx
FN:5,(anonymous_9)
FN:10,(anonymous_10)
FN:25,(anonymous_11)
FN:37,(anonymous_12)
FN:52,(anonymous_13)
FN:64,(anonymous_14)
FN:72,(anonymous_15)
FNF:7
FNH:0
FNDA:0,(anonymous_9)
FNDA:0,(anonymous_10)
FNDA:0,(anonymous_11)
FNDA:0,(anonymous_12)
FNDA:0,(anonymous_13)
FNDA:0,(anonymous_14)
FNDA:0,(anonymous_15)
DA:2,0
DA:5,0
DA:7,0
DA:11,0
DA:20,0
DA:22,0
DA:26,0
DA:32,0
DA:34,0
DA:38,0
DA:47,0
DA:49,0
DA:53,0
DA:59,0
DA:61,0
DA:65,0
DA:67,0
DA:69,0
DA:73,0
DA:79,0
DA:82,0
DA:83,0
DA:84,0
DA:85,0
DA:86,0
DA:87,0
LF:26
LH:0
BRF:0
BRH:0
end_of_record
TN:
SF:src\components\ui\Input.tsx
FN:7,Input
FNF:1
FNH:0
FNDA:0,Input
DA:7,0
DA:8,0
DA:10,0
LF:3
LH:0
BRDA:8,0,0,0
BRDA:8,0,1,0
BRF:2
BRH:0
end_of_record
TN:
SF:src\components\ui\progress.tsx
FN:19,(anonymous_9)
FNF:1
FNH:0
FNDA:0,(anonymous_9)
DA:2,0
DA:3,0
DA:16,0
DA:21,0
DA:23,0
DA:48,0
DA:50,0
LF:7
LH:0
BRDA:19,0,0,0
BRDA:19,1,0,0
BRDA:28,2,0,0
BRDA:28,2,1,0
BRDA:32,3,0,0
BRDA:32,3,1,0
BRDA:40,4,0,0
BRDA:40,4,1,0
BRF:8
BRH:0
end_of_record
TN:
SF:src\components\ui\slider.tsx
FN:27,(anonymous_9)
FNF:1
FNH:0
FNDA:0,(anonymous_9)
DA:2,0
DA:3,0
DA:24,0
DA:38,0
DA:76,0
DA:78,0
LF:6
LH:0
BRDA:31,0,0,0
BRDA:32,1,0,0
BRDA:33,2,0,0
BRDA:44,3,0,0
BRDA:44,3,1,0
BRDA:69,4,0,0
BRDA:69,4,1,0
BRF:7
BRH:0
end_of_record
TN:
SF:src\errors\ErrorBoundary.tsx
FN:14,(anonymous_0)
FN:22,(anonymous_1)
FN:29,(anonymous_2)
FN:34,(anonymous_3)
FN:43,(anonymous_4)
FNF:5
FNH:0
FNDA:0,(anonymous_0)
FNDA:0,(anonymous_1)
FNDA:0,(anonymous_2)
FNDA:0,(anonymous_3)
FNDA:0,(anonymous_4)
DA:2,0
DA:13,0
DA:15,0
DA:16,0
DA:23,0
DA:30,0
DA:31,0
DA:35,0
DA:36,0
DA:43,0
DA:52,0
LF:11
LH:0
BRDA:35,0,0,0
BRF:1
BRH:0
end_of_record
TN:
SF:src\errors\errorHandlers.ts
FN:2,(anonymous_0)
FN:15,(anonymous_1)
FNF:2
FNH:0
FNDA:0,(anonymous_0)
FNDA:0,(anonymous_1)
DA:2,0
DA:3,0
DA:5,0
DA:6,0
DA:8,0
DA:11,0
DA:15,0
DA:16,0
LF:8
LH:0
BRDA:3,0,0,0
BRDA:3,0,1,0
BRDA:5,1,0,0
BRDA:5,1,1,0
BRDA:6,2,0,0
BRDA:6,2,1,0
BRDA:11,3,0,0
BRDA:11,3,1,0
BRDA:16,4,0,0
BRDA:16,4,1,0
BRF:10
BRH:0
end_of_record
TN:
SF:src\utils\arrayUtils.ts
FN:3,inserir
FN:10,remover
FN:17,buscar
FN:21,obter
FN:28,definir
FN:38,tamanho
FN:42,estaVazio
FN:46,limpar
FN:50,ordenar
FN:51,(anonymous_9)
FN:54,inverter
FN:58,adicionarNoFinal
FN:62,estender
FN:66,removerDoFinal
FN:73,fatiar
FN:84,contem
FN:88,indiceDe
FN:93,validarNumeroInteiro
FNF:18
FNH:18
FNDA:5,inserir
FNDA:5,remover
FNDA:2,buscar
FNDA:3,obter
FNDA:4,definir
FNDA:2,tamanho
FNDA:4,estaVazio
FNDA:1,limpar
FNDA:2,ordenar
FNDA:30,(anonymous_9)
FNDA:2,inverter
FNDA:2,adicionarNoFinal
FNDA:2,estender
FNDA:2,removerDoFinal
FNDA:6,fatiar
FNDA:2,contem
FNDA:2,indiceDe
FNDA:7,validarNumeroInteiro
DA:3,1
DA:4,5
DA:5,2
DA:7,3
DA:10,1
DA:11,5
DA:12,2
DA:14,3
DA:17,1
DA:18,2
DA:21,1
DA:22,3
DA:23,2
DA:25,1
DA:28,1
DA:29,4
DA:30,2
DA:32,2
DA:33,2
DA:34,2
DA:38,1
DA:39,2
DA:42,1
DA:43,4
DA:46,1
DA:47,1
DA:50,1
DA:51,30
DA:54,1
DA:55,2
DA:58,1
DA:59,2
DA:62,1
DA:63,2
DA:66,1
DA:67,2
DA:68,1
DA:70,1
DA:73,1
DA:74,6
DA:75,2
DA:77,4
DA:78,4
DA:79,2
DA:81,2
DA:84,1
DA:85,2
DA:88,1
DA:89,2
DA:93,1
DA:94,7
DA:95,1
DA:97,6
DA:98,2
LF:54
LH:54
BRDA:4,0,0,2
BRDA:4,1,0,5
BRDA:4,1,1,4
BRDA:11,2,0,2
BRDA:11,3,0,5
BRDA:11,3,1,4
BRDA:22,4,0,2
BRDA:22,5,0,3
BRDA:22,5,1,2
BRDA:29,6,0,2
BRDA:29,7,0,4
BRDA:29,7,1,3
BRDA:67,8,0,1
BRDA:74,9,0,2
BRDA:74,10,0,6
BRDA:74,10,1,5
BRDA:77,11,0,1
BRDA:77,11,1,3
BRDA:78,12,0,2
BRDA:78,13,0,4
BRDA:78,13,1,3
BRDA:94,14,0,1
BRDA:97,15,0,2
BRDA:97,16,0,6
BRDA:97,16,1,5
BRF:25
BRH:25
end_of_record
TN:
SF:src\utils\utils.ts
FN:5,cn
FNF:1
FNH:0
FNDA:0,cn
DA:2,0
DA:3,0
DA:5,0
DA:6,0
LF:4
LH:0
BRF:0
BRH:0
end_of_record
TN:
SF:src\utils\validationUtils.ts
FN:3,validarNumero
FN:25,validarIndice
FNF:2
FNH:2
FNDA:11,validarNumero
FNDA:6,validarIndice
DA:3,1
DA:4,11
DA:5,3
DA:8,8
DA:10,8
DA:11,1
DA:14,7
DA:15,1
DA:18,6
DA:19,2
DA:22,4
DA:25,1
DA:26,6
DA:27,1
DA:30,5
DA:31,1
DA:35,4
DA:36,1
DA:39,3
LF:19
LH:19
BRDA:4,0,0,3
BRDA:4,1,0,11
BRDA:4,1,1,10
BRDA:4,1,2,9
BRDA:10,2,0,1
BRDA:14,3,0,1
BRDA:18,4,0,2
BRDA:18,5,0,6
BRDA:18,5,1,5
BRDA:26,6,0,1
BRDA:26,7,0,6
BRDA:26,7,1,6
BRDA:26,7,2,6
BRDA:30,8,0,1
BRDA:35,9,0,1
BRDA:35,10,0,4
BRDA:35,10,1,1
BRF:17
BRH:17
end_of_record
