TN:
SF:src/App.tsx
FN:6,App
FNF:1
FNH:0
FNDA:0,App
DA:2,0
DA:3,0
DA:4,0
DA:7,0
DA:17,0
LF:5
LH:0
BRF:0
BRH:0
end_of_record
TN:
SF:src/main.tsx
FNF:0
FNH:0
DA:2,0
DA:3,0
DA:4,0
DA:5,0
DA:6,0
DA:7,0
DA:8,0
DA:9,0
DA:10,0
DA:13,0
DA:35,0
LF:11
LH:0
BRF:0
BRH:0
end_of_record
TN:
SF:src/teste.tsx
FN:5,useCounter
FN:7,(anonymous_1)
FN:7,(anonymous_2)
FN:11,(anonymous_3)
FN:12,(anonymous_4)
FN:13,(anonymous_5)
FNF:6
FNH:0
FNDA:0,useCounter
FNDA:0,(anonymous_1)
FNDA:0,(anonymous_2)
FNDA:0,(anonymous_3)
FNDA:0,(anonymous_4)
FNDA:0,(anonymous_5)
DA:2,0
DA:3,0
DA:6,0
DA:7,0
DA:8,0
DA:11,0
DA:12,0
DA:13,0
DA:14,0
DA:16,0
LF:10
LH:0
BRF:0
BRH:0
end_of_record
TN:
SF:src/vite-env.d.ts
FNF:0
FNH:0
LF:0
LH:0
BRF:0
BRH:0
end_of_record
TN:
SF:src/components/DataStructures/Fila/fila.ts
FN:31,(anonymous_0)
FN:46,(anonymous_1)
FN:66,(anonymous_2)
FN:85,(anonymous_3)
FN:103,(anonymous_4)
FN:121,(anonymous_5)
FN:138,(anonymous_6)
FN:154,(anonymous_7)
FN:166,(anonymous_8)
FN:182,(anonymous_9)
FN:201,(anonymous_10)
FN:215,(anonymous_11)
FNF:12
FNH:0
FNDA:0,(anonymous_0)
FNDA:0,(anonymous_1)
FNDA:0,(anonymous_2)
FNDA:0,(anonymous_3)
FNDA:0,(anonymous_4)
FNDA:0,(anonymous_5)
FNDA:0,(anonymous_6)
FNDA:0,(anonymous_7)
FNDA:0,(anonymous_8)
FNDA:0,(anonymous_9)
FNDA:0,(anonymous_10)
FNDA:0,(anonymous_11)
DA:21,0
DA:22,0
DA:23,0
DA:32,0
DA:33,0
DA:35,0
DA:36,0
DA:47,0
DA:48,0
DA:50,0
DA:51,0
DA:67,0
DA:68,0
DA:70,0
DA:71,0
DA:86,0
DA:87,0
DA:89,0
DA:104,0
DA:105,0
DA:107,0
DA:122,0
DA:123,0
DA:125,0
DA:139,0
DA:155,0
DA:167,0
DA:183,0
DA:184,0
DA:202,0
DA:216,0
LF:31
LH:0
BRDA:31,0,0,0
BRDA:32,1,0,0
BRDA:47,2,0,0
BRDA:50,3,0,0
BRDA:50,4,0,0
BRDA:50,4,1,0
BRDA:67,5,0,0
BRDA:86,6,0,0
BRDA:104,7,0,0
BRDA:122,8,0,0
BRF:10
BRH:0
end_of_record
TN:
SF:src/components/DataStructures/Fila/metodosFila.ts
FN:165,obterInfoMetodo
FN:175,obterMetodosDoGrupo
FNF:2
FNH:0
FNDA:0,obterInfoMetodo
FNDA:0,obterMetodosDoGrupo
DA:21,0
DA:40,0
DA:100,0
DA:165,0
DA:166,0
DA:175,0
DA:176,0
LF:7
LH:0
BRF:0
BRH:0
end_of_record
TN:
SF:src/components/DataStructures/Fila/useFila.ts
FN:25,(anonymous_9)
FN:80,useFila
FN:95,(anonymous_11)
FN:188,(anonymous_12)
FN:192,(anonymous_13)
FN:225,(anonymous_14)
FN:226,(anonymous_15)
FN:256,(anonymous_16)
FN:259,(anonymous_17)
FN:342,(anonymous_18)
FN:361,(anonymous_19)
FN:370,(anonymous_20)
FNF:12
FNH:9
FNDA:1,(anonymous_9)
FNDA:103,useFila
FNDA:73,(anonymous_11)
FNDA:4,(anonymous_12)
FNDA:3,(anonymous_13)
FNDA:79,(anonymous_14)
FNDA:69,(anonymous_15)
FNDA:79,(anonymous_16)
FNDA:55,(anonymous_17)
FNDA:0,(anonymous_18)
FNDA:0,(anonymous_19)
FNDA:0,(anonymous_20)
DA:10,1
DA:11,1
DA:12,1
DA:25,1
DA:26,1
DA:27,1
DA:28,1
DA:29,1
DA:80,1
DA:81,103
DA:95,103
DA:96,73
DA:98,50
DA:101,50
DA:102,4
DA:105,46
DA:110,46
DA:119,9
DA:120,0
DA:123,9
DA:124,9
DA:126,9
DA:135,2
DA:136,0
DA:139,2
DA:141,2
DA:149,3
DA:150,0
DA:153,3
DA:155,3
DA:163,2
DA:170,2
DA:171,2
DA:178,2
DA:187,3
DA:188,4
DA:190,3
DA:191,3
DA:192,3
DA:193,2
DA:196,3
DA:204,0
DA:207,0
DA:210,0
DA:214,103
DA:215,99
DA:216,99
DA:224,99
DA:226,79
DA:227,69
DA:255,99
DA:257,79
DA:259,79
DA:260,55
DA:261,55
DA:262,5
DA:264,50
DA:268,79
DA:270,52
DA:271,47
DA:278,47
DA:279,47
DA:283,11
DA:284,11
DA:285,2
DA:287,9
DA:288,9
DA:289,9
DA:290,9
DA:294,3
DA:295,1
DA:297,2
DA:298,2
DA:299,2
DA:303,4
DA:304,1
DA:306,3
DA:307,3
DA:308,3
DA:312,2
DA:313,2
DA:314,2
DA:318,2
DA:319,2
DA:320,2
DA:324,2
DA:325,2
DA:326,2
DA:330,3
DA:331,3
DA:332,3
DA:333,3
DA:337,0
DA:341,70
DA:342,42
DA:343,0
DA:347,9
DA:348,9
DA:349,9
DA:350,9
DA:361,99
DA:362,0
DA:370,99
DA:371,0
DA:374,99
LF:105
LH:95
BRDA:25,0,0,1
BRDA:25,0,1,1
BRDA:80,1,0,1
BRDA:96,2,0,50
BRDA:96,2,1,9
BRDA:96,2,2,2
BRDA:96,2,3,3
BRDA:96,2,4,2
BRDA:96,2,5,2
BRDA:96,2,6,2
BRDA:96,2,7,3
BRDA:96,2,8,0
BRDA:96,2,9,0
BRDA:96,2,10,0
BRDA:101,3,0,4
BRDA:119,4,0,0
BRDA:135,5,0,0
BRDA:149,6,0,0
BRDA:173,7,0,1
BRDA:173,7,1,1
BRDA:191,8,0,2
BRDA:199,9,0,2
BRDA:199,9,1,1
BRDA:225,10,0,70
BRDA:261,11,0,5
BRDA:268,12,0,52
BRDA:268,12,1,11
BRDA:268,12,2,3
BRDA:268,12,3,4
BRDA:268,12,4,2
BRDA:268,12,5,2
BRDA:268,12,6,2
BRDA:268,12,7,3
BRDA:268,12,8,0
BRDA:284,13,0,2
BRDA:294,14,0,1
BRDA:303,15,0,1
BRDA:341,16,0,42
BRDA:347,17,0,9
BRDA:347,17,1,0
BRF:40
BRH:32
end_of_record
TN:
SF:src/components/DataStructures/Pilha/metodosPilha.ts
FN:164,obterInfoMetodo
FN:174,obterMetodosDoGrupo
FNF:2
FNH:0
FNDA:0,obterInfoMetodo
FNDA:0,obterMetodosDoGrupo
DA:21,0
DA:39,0
DA:99,0
DA:164,0
DA:165,0
DA:174,0
DA:175,0
LF:7
LH:0
BRF:0
BRH:0
end_of_record
TN:
SF:src/components/DataStructures/Pilha/pilha.ts
FN:30,(anonymous_0)
FN:45,(anonymous_1)
FN:65,(anonymous_2)
FN:84,(anonymous_3)
FN:102,(anonymous_4)
FN:119,(anonymous_5)
FN:135,(anonymous_6)
FN:147,(anonymous_7)
FN:163,(anonymous_8)
FN:187,(anonymous_9)
FN:215,(anonymous_10)
FN:229,(anonymous_11)
FNF:12
FNH:0
FNDA:0,(anonymous_0)
FNDA:0,(anonymous_1)
FNDA:0,(anonymous_2)
FNDA:0,(anonymous_3)
FNDA:0,(anonymous_4)
FNDA:0,(anonymous_5)
FNDA:0,(anonymous_6)
FNDA:0,(anonymous_7)
FNDA:0,(anonymous_8)
FNDA:0,(anonymous_9)
FNDA:0,(anonymous_10)
FNDA:0,(anonymous_11)
DA:20,0
DA:21,0
DA:22,0
DA:31,0
DA:32,0
DA:34,0
DA:35,0
DA:46,0
DA:47,0
DA:49,0
DA:50,0
DA:66,0
DA:67,0
DA:69,0
DA:70,0
DA:85,0
DA:86,0
DA:88,0
DA:103,0
DA:104,0
DA:106,0
DA:120,0
DA:136,0
DA:148,0
DA:164,0
DA:165,0
DA:188,0
DA:191,0
DA:192,0
DA:194,0
DA:198,0
DA:216,0
DA:230,0
LF:33
LH:0
BRDA:30,0,0,0
BRDA:31,1,0,0
BRDA:46,2,0,0
BRDA:49,3,0,0
BRDA:49,4,0,0
BRDA:49,4,1,0
BRDA:66,5,0,0
BRDA:85,6,0,0
BRDA:103,7,0,0
BRDA:192,8,0,0
BRF:10
BRH:0
end_of_record
TN:
SF:src/components/DataStructures/Pilha/usePilha.ts
FN:25,(anonymous_9)
FN:80,usePilha
FN:95,(anonymous_11)
FN:174,(anonymous_12)
FN:178,(anonymous_13)
FN:235,(anonymous_14)
FN:236,(anonymous_15)
FN:266,(anonymous_16)
FN:269,(anonymous_17)
FN:350,(anonymous_18)
FN:369,(anonymous_19)
FN:378,(anonymous_20)
FNF:12
FNH:0
FNDA:0,(anonymous_9)
FNDA:0,usePilha
FNDA:0,(anonymous_11)
FNDA:0,(anonymous_12)
FNDA:0,(anonymous_13)
FNDA:0,(anonymous_14)
FNDA:0,(anonymous_15)
FNDA:0,(anonymous_16)
FNDA:0,(anonymous_17)
FNDA:0,(anonymous_18)
FNDA:0,(anonymous_19)
FNDA:0,(anonymous_20)
DA:10,0
DA:11,0
DA:12,0
DA:25,0
DA:26,0
DA:27,0
DA:28,0
DA:29,0
DA:80,0
DA:81,0
DA:95,0
DA:96,0
DA:98,0
DA:101,0
DA:102,0
DA:105,0
DA:110,0
DA:119,0
DA:120,0
DA:123,0
DA:124,0
DA:126,0
DA:135,0
DA:136,0
DA:139,0
DA:141,0
DA:149,0
DA:156,0
DA:157,0
DA:164,0
DA:173,0
DA:174,0
DA:176,0
DA:177,0
DA:178,0
DA:179,0
DA:182,0
DA:190,0
DA:191,0
DA:192,0
DA:195,0
DA:196,0
DA:197,0
DA:198,0
DA:199,0
DA:203,0
DA:214,0
DA:217,0
DA:220,0
DA:224,0
DA:225,0
DA:226,0
DA:234,0
DA:236,0
DA:237,0
DA:265,0
DA:267,0
DA:269,0
DA:270,0
DA:271,0
DA:272,0
DA:274,0
DA:278,0
DA:280,0
DA:281,0
DA:288,0
DA:289,0
DA:293,0
DA:294,0
DA:295,0
DA:297,0
DA:298,0
DA:299,0
DA:300,0
DA:304,0
DA:305,0
DA:307,0
DA:308,0
DA:309,0
DA:313,0
DA:314,0
DA:315,0
DA:319,0
DA:320,0
DA:321,0
DA:325,0
DA:326,0
DA:327,0
DA:331,0
DA:332,0
DA:333,0
DA:334,0
DA:338,0
DA:339,0
DA:340,0
DA:341,0
DA:345,0
DA:349,0
DA:350,0
DA:351,0
DA:355,0
DA:356,0
DA:357,0
DA:358,0
DA:369,0
DA:370,0
DA:378,0
DA:379,0
DA:382,0
LF:109
LH:0
BRDA:25,0,0,0
BRDA:25,0,1,0
BRDA:80,1,0,0
BRDA:96,2,0,0
BRDA:96,2,1,0
BRDA:96,2,2,0
BRDA:96,2,3,0
BRDA:96,2,4,0
BRDA:96,2,5,0
BRDA:96,2,6,0
BRDA:96,2,7,0
BRDA:96,2,8,0
BRDA:96,2,9,0
BRDA:96,2,10,0
BRDA:101,3,0,0
BRDA:119,4,0,0
BRDA:135,5,0,0
BRDA:159,6,0,0
BRDA:159,6,1,0
BRDA:177,7,0,0
BRDA:185,8,0,0
BRDA:185,8,1,0
BRDA:196,9,0,0
BRDA:207,10,0,0
BRDA:207,10,1,0
BRDA:208,11,0,0
BRDA:208,11,1,0
BRDA:235,12,0,0
BRDA:271,13,0,0
BRDA:278,14,0,0
BRDA:278,14,1,0
BRDA:278,14,2,0
BRDA:278,14,3,0
BRDA:278,14,4,0
BRDA:278,14,5,0
BRDA:278,14,6,0
BRDA:278,14,7,0
BRDA:278,14,8,0
BRDA:294,15,0,0
BRDA:304,16,0,0
BRDA:349,17,0,0
BRDA:355,18,0,0
BRDA:355,18,1,0
BRF:43
BRH:0
end_of_record
TN:
SF:src/components/DataStructures/Vetor/metodosVetor.ts
FNF:0
FNH:0
DA:10,0
DA:22,0
LF:2
LH:0
BRF:0
BRH:0
end_of_record
TN:
SF:src/components/DataStructures/Vetor/useVetor.ts
FN:12,(anonymous_9)
FN:36,useVetor
FN:43,(anonymous_11)
FN:53,(anonymous_12)
FN:56,(anonymous_13)
FN:70,(anonymous_14)
FN:73,(anonymous_15)
FN:79,(anonymous_16)
FN:92,(anonymous_17)
FN:105,(anonymous_18)
FN:108,(anonymous_19)
FN:116,(anonymous_20)
FN:121,(anonymous_21)
FN:130,(anonymous_22)
FN:133,(anonymous_23)
FN:137,(anonymous_24)
FN:140,(anonymous_25)
FN:146,(anonymous_26)
FN:149,(anonymous_27)
FN:162,(anonymous_28)
FN:165,(anonymous_29)
FN:170,(anonymous_30)
FN:173,(anonymous_31)
FN:183,(anonymous_32)
FN:186,(anonymous_33)
FN:194,(anonymous_34)
FN:199,(anonymous_35)
FN:221,(anonymous_36)
FN:222,(anonymous_37)
FN:230,(anonymous_38)
FN:232,(anonymous_39)
FN:313,(anonymous_40)
FN:316,(anonymous_41)
FN:356,(anonymous_42)
FN:374,(anonymous_43)
FN:375,(anonymous_44)
FNF:36
FNH:0
FNDA:0,(anonymous_9)
FNDA:0,useVetor
FNDA:0,(anonymous_11)
FNDA:0,(anonymous_12)
FNDA:0,(anonymous_13)
FNDA:0,(anonymous_14)
FNDA:0,(anonymous_15)
FNDA:0,(anonymous_16)
FNDA:0,(anonymous_17)
FNDA:0,(anonymous_18)
FNDA:0,(anonymous_19)
FNDA:0,(anonymous_20)
FNDA:0,(anonymous_21)
FNDA:0,(anonymous_22)
FNDA:0,(anonymous_23)
FNDA:0,(anonymous_24)
FNDA:0,(anonymous_25)
FNDA:0,(anonymous_26)
FNDA:0,(anonymous_27)
FNDA:0,(anonymous_28)
FNDA:0,(anonymous_29)
FNDA:0,(anonymous_30)
FNDA:0,(anonymous_31)
FNDA:0,(anonymous_32)
FNDA:0,(anonymous_33)
FNDA:0,(anonymous_34)
FNDA:0,(anonymous_35)
FNDA:0,(anonymous_36)
FNDA:0,(anonymous_37)
FNDA:0,(anonymous_38)
FNDA:0,(anonymous_39)
FNDA:0,(anonymous_40)
FNDA:0,(anonymous_41)
FNDA:0,(anonymous_42)
FNDA:0,(anonymous_43)
FNDA:0,(anonymous_44)
DA:2,0
DA:3,0
DA:4,0
DA:5,0
DA:12,0
DA:13,0
DA:14,0
DA:15,0
DA:16,0
DA:36,0
DA:37,0
DA:43,0
DA:44,0
DA:45,0
DA:47,0
DA:48,0
DA:49,0
DA:50,0
DA:52,0
DA:53,0
DA:54,0
DA:56,0
DA:61,0
DA:65,0
DA:66,0
DA:67,0
DA:68,0
DA:70,0
DA:71,0
DA:73,0
DA:78,0
DA:79,0
DA:80,0
DA:87,0
DA:88,0
DA:89,0
DA:90,0
DA:92,0
DA:93,0
DA:100,0
DA:101,0
DA:102,0
DA:103,0
DA:105,0
DA:106,0
DA:108,0
DA:114,0
DA:116,0
DA:119,0
DA:121,0
DA:124,0
DA:130,0
DA:131,0
DA:133,0
DA:137,0
DA:138,0
DA:140,0
DA:144,0
DA:145,0
DA:146,0
DA:147,0
DA:149,0
DA:154,0
DA:158,0
DA:159,0
DA:160,0
DA:162,0
DA:163,0
DA:165,0
DA:170,0
DA:171,0
DA:173,0
DA:177,0
DA:178,0
DA:179,0
DA:180,0
DA:181,0
DA:183,0
DA:184,0
DA:186,0
DA:191,0
DA:192,0
DA:194,0
DA:198,0
DA:199,0
DA:200,0
DA:207,0
DA:209,0
DA:211,0
DA:213,0
DA:217,0
DA:218,0
DA:219,0
DA:221,0
DA:222,0
DA:229,0
DA:231,0
DA:232,0
DA:233,0
DA:234,0
DA:235,0
DA:238,0
DA:240,0
DA:248,0
DA:250,0
DA:257,0
DA:259,0
DA:265,0
DA:267,0
DA:274,0
DA:276,0
DA:284,0
DA:286,0
DA:287,0
DA:289,0
DA:290,0
DA:292,0
DA:293,0
DA:295,0
DA:296,0
DA:298,0
DA:299,0
DA:301,0
DA:308,0
DA:310,0
DA:313,0
DA:315,0
DA:316,0
DA:317,0
DA:320,0
DA:322,0
DA:330,0
DA:333,0
DA:334,0
DA:336,0
DA:344,0
DA:346,0
DA:347,0
DA:349,0
DA:350,0
DA:352,0
DA:355,0
DA:356,0
DA:359,0
DA:360,0
DA:366,0
DA:374,0
DA:375,0
LF:148
LH:0
BRDA:12,0,0,0
BRDA:12,0,1,0
BRDA:36,1,0,0
BRDA:45,2,0,0
BRDA:45,2,1,0
BRDA:45,2,2,0
BRDA:45,2,3,0
BRDA:45,2,4,0
BRDA:45,2,5,0
BRDA:45,2,6,0
BRDA:45,2,7,0
BRDA:45,2,8,0
BRDA:45,2,9,0
BRDA:45,2,10,0
BRDA:45,2,11,0
BRDA:45,2,12,0
BRDA:45,2,13,0
BRDA:45,2,14,0
BRDA:45,2,15,0
BRDA:45,2,16,0
BRDA:45,2,17,0
BRDA:45,2,18,0
BRDA:45,2,19,0
BRDA:49,3,0,0
BRDA:52,4,0,0
BRDA:52,4,1,0
BRDA:67,5,0,0
BRDA:83,6,0,0
BRDA:83,6,1,0
BRDA:89,7,0,0
BRDA:102,8,0,0
BRDA:121,9,0,0
BRDA:121,9,1,0
BRDA:145,10,0,0
BRDA:145,10,1,0
BRDA:159,11,0,0
BRDA:180,12,0,0
BRDA:180,13,0,0
BRDA:180,13,1,0
BRDA:194,14,0,0
BRDA:194,14,1,0
BRDA:221,15,0,0
BRDA:234,16,0,0
BRDA:238,17,0,0
BRDA:238,17,1,0
BRDA:238,17,2,0
BRDA:238,17,3,0
BRDA:238,17,4,0
BRDA:238,17,5,0
BRDA:238,17,6,0
BRDA:238,17,7,0
BRDA:238,17,8,0
BRDA:238,17,9,0
BRDA:238,17,10,0
BRDA:238,17,11,0
BRDA:238,17,12,0
BRDA:238,17,13,0
BRDA:238,17,14,0
BRDA:238,17,15,0
BRDA:238,17,16,0
BRDA:355,18,0,0
BRF:61
BRH:0
end_of_record
TN:
SF:src/components/DataStructures/Vetor/vetor.ts
FN:6,(anonymous_0)
FN:11,(anonymous_1)
FN:20,(anonymous_2)
FN:31,(anonymous_3)
FN:45,(anonymous_4)
FN:58,(anonymous_5)
FN:68,(anonymous_6)
FN:75,(anonymous_7)
FN:83,(anonymous_8)
FN:87,(anonymous_9)
FN:91,(anonymous_10)
FN:95,(anonymous_11)
FN:96,(anonymous_12)
FN:99,(anonymous_13)
FN:112,(anonymous_14)
FN:118,(anonymous_15)
FN:127,(anonymous_16)
FN:134,(anonymous_17)
FN:147,(anonymous_18)
FN:152,(anonymous_19)
FN:157,(anonymous_20)
FNF:21
FNH:0
FNDA:0,(anonymous_0)
FNDA:0,(anonymous_1)
FNDA:0,(anonymous_2)
FNDA:0,(anonymous_3)
FNDA:0,(anonymous_4)
FNDA:0,(anonymous_5)
FNDA:0,(anonymous_6)
FNDA:0,(anonymous_7)
FNDA:0,(anonymous_8)
FNDA:0,(anonymous_9)
FNDA:0,(anonymous_10)
FNDA:0,(anonymous_11)
FNDA:0,(anonymous_12)
FNDA:0,(anonymous_13)
FNDA:0,(anonymous_14)
FNDA:0,(anonymous_15)
FNDA:0,(anonymous_16)
FNDA:0,(anonymous_17)
FNDA:0,(anonymous_18)
FNDA:0,(anonymous_19)
FNDA:0,(anonymous_20)
DA:2,0
DA:3,0
DA:4,0
DA:7,0
DA:8,0
DA:12,0
DA:13,0
DA:15,0
DA:16,0
DA:21,0
DA:22,0
DA:23,0
DA:24,0
DA:25,0
DA:27,0
DA:32,0
DA:33,0
DA:36,0
DA:37,0
DA:39,0
DA:40,0
DA:42,0
DA:46,0
DA:47,0
DA:50,0
DA:51,0
DA:52,0
DA:54,0
DA:55,0
DA:59,0
DA:60,0
DA:61,0
DA:62,0
DA:65,0
DA:69,0
DA:70,0
DA:72,0
DA:76,0
DA:77,0
DA:79,0
DA:80,0
DA:84,0
DA:88,0
DA:92,0
DA:96,0
DA:100,0
DA:101,0
DA:103,0
DA:104,0
DA:105,0
DA:106,0
DA:107,0
DA:108,0
DA:113,0
DA:114,0
DA:115,0
DA:119,0
DA:120,0
DA:122,0
DA:123,0
DA:128,0
DA:129,0
DA:131,0
DA:135,0
DA:136,0
DA:139,0
DA:140,0
DA:141,0
DA:144,0
DA:148,0
DA:149,0
DA:153,0
DA:154,0
DA:158,0
LF:74
LH:0
BRDA:6,0,0,0
BRDA:12,1,0,0
BRDA:15,2,0,0
BRDA:15,3,0,0
BRDA:15,3,1,0
BRDA:21,4,0,0
BRDA:32,5,0,0
BRDA:32,6,0,0
BRDA:32,6,1,0
BRDA:46,7,0,0
BRDA:46,8,0,0
BRDA:46,8,1,0
BRDA:61,9,0,0
BRDA:69,10,0,0
BRDA:69,11,0,0
BRDA:69,11,1,0
BRDA:76,12,0,0
BRDA:76,13,0,0
BRDA:76,13,1,0
BRDA:128,14,0,0
BRDA:135,15,0,0
BRDA:135,16,0,0
BRDA:135,16,1,0
BRDA:139,17,0,0
BRDA:139,17,1,0
BRDA:140,18,0,0
BRDA:140,19,0,0
BRDA:140,19,1,0
BRF:28
BRH:0
end_of_record
TN:
SF:src/components/shared/Breadcrumbs.tsx
FN:8,Breadcrumbs
FN:16,(anonymous_1)
FN:31,(anonymous_2)
FN:64,(anonymous_3)
FNF:4
FNH:0
FNDA:0,Breadcrumbs
FNDA:0,(anonymous_1)
FNDA:0,(anonymous_2)
FNDA:0,(anonymous_3)
DA:2,0
DA:3,0
DA:4,0
DA:5,0
DA:6,0
DA:8,0
DA:9,0
DA:10,0
DA:11,0
DA:13,0
DA:14,0
DA:16,0
DA:17,0
DA:18,0
DA:22,0
DA:31,0
DA:65,0
DA:66,0
DA:67,0
DA:69,0
LF:20
LH:0
BRDA:17,0,0,0
BRDA:27,1,0,0
BRDA:27,1,1,0
BRDA:72,2,0,0
BRDA:72,2,1,0
BRF:5
BRH:0
end_of_record
TN:
SF:src/components/shared/DataStructureCard.tsx
FN:12,(anonymous_0)
FN:18,(anonymous_1)
FN:25,(anonymous_2)
FNF:3
FNH:0
FNDA:0,(anonymous_0)
FNDA:0,(anonymous_1)
FNDA:0,(anonymous_2)
DA:2,0
DA:10,0
DA:16,0
DA:18,0
DA:19,0
DA:25,0
DA:26,0
DA:28,0
DA:29,0
DA:33,0
DA:34,0
DA:37,0
LF:12
LH:0
BRDA:28,0,0,0
BRDA:33,1,0,0
BRF:2
BRH:0
end_of_record
TN:
SF:src/components/ui/Alert.tsx
FN:9,Alert
FNF:1
FNH:0
FNDA:0,Alert
DA:9,0
DA:10,0
DA:11,0
DA:16,0
DA:18,0
LF:5
LH:0
BRDA:9,0,0,0
BRDA:16,1,0,0
BRDA:16,1,1,0
BRF:3
BRH:0
end_of_record
TN:
SF:src/components/ui/Button.tsx
FN:9,Button
FNF:1
FNH:0
FNDA:0,Button
DA:9,0
DA:16,0
DA:18,0
DA:25,0
DA:32,0
LF:5
LH:0
BRDA:11,0,0,0
BRDA:12,1,0,0
BRDA:13,2,0,0
BRF:3
BRH:0
end_of_record
TN:
SF:src/components/ui/Card.tsx
FN:5,(anonymous_9)
FN:10,(anonymous_10)
FN:25,(anonymous_11)
FN:37,(anonymous_12)
FN:52,(anonymous_13)
FN:64,(anonymous_14)
FN:72,(anonymous_15)
FNF:7
FNH:0
FNDA:0,(anonymous_9)
FNDA:0,(anonymous_10)
FNDA:0,(anonymous_11)
FNDA:0,(anonymous_12)
FNDA:0,(anonymous_13)
FNDA:0,(anonymous_14)
FNDA:0,(anonymous_15)
DA:2,0
DA:5,0
DA:7,0
DA:11,0
DA:20,0
DA:22,0
DA:26,0
DA:32,0
DA:34,0
DA:38,0
DA:47,0
DA:49,0
DA:53,0
DA:59,0
DA:61,0
DA:65,0
DA:67,0
DA:69,0
DA:73,0
DA:79,0
DA:82,0
DA:83,0
DA:84,0
DA:85,0
DA:86,0
DA:87,0
LF:26
LH:0
BRF:0
BRH:0
end_of_record
TN:
SF:src/components/ui/Input.tsx
FN:7,Input
FNF:1
FNH:0
FNDA:0,Input
DA:7,0
DA:8,0
DA:10,0
LF:3
LH:0
BRDA:8,0,0,0
BRDA:8,0,1,0
BRF:2
BRH:0
end_of_record
TN:
SF:src/components/ui/progress.tsx
FN:19,(anonymous_9)
FNF:1
FNH:0
FNDA:0,(anonymous_9)
DA:2,0
DA:3,0
DA:16,0
DA:21,0
DA:23,0
DA:48,0
DA:50,0
LF:7
LH:0
BRDA:19,0,0,0
BRDA:19,1,0,0
BRDA:28,2,0,0
BRDA:28,2,1,0
BRDA:32,3,0,0
BRDA:32,3,1,0
BRDA:40,4,0,0
BRDA:40,4,1,0
BRF:8
BRH:0
end_of_record
TN:
SF:src/components/ui/slider.tsx
FN:27,(anonymous_9)
FNF:1
FNH:0
FNDA:0,(anonymous_9)
DA:2,0
DA:3,0
DA:24,0
DA:38,0
DA:76,0
DA:78,0
LF:6
LH:0
BRDA:31,0,0,0
BRDA:32,1,0,0
BRDA:33,2,0,0
BRDA:44,3,0,0
BRDA:44,3,1,0
BRDA:69,4,0,0
BRDA:69,4,1,0
BRF:7
BRH:0
end_of_record
TN:
SF:src/errors/ErrorBoundary.tsx
FN:14,(anonymous_0)
FN:22,(anonymous_1)
FN:29,(anonymous_2)
FN:34,(anonymous_3)
FN:43,(anonymous_4)
FNF:5
FNH:0
FNDA:0,(anonymous_0)
FNDA:0,(anonymous_1)
FNDA:0,(anonymous_2)
FNDA:0,(anonymous_3)
FNDA:0,(anonymous_4)
DA:2,0
DA:13,0
DA:15,0
DA:16,0
DA:23,0
DA:30,0
DA:31,0
DA:35,0
DA:36,0
DA:43,0
DA:52,0
LF:11
LH:0
BRDA:35,0,0,0
BRF:1
BRH:0
end_of_record
TN:
SF:src/errors/errorHandlers.ts
FN:2,(anonymous_0)
FN:15,(anonymous_1)
FNF:2
FNH:0
FNDA:0,(anonymous_0)
FNDA:0,(anonymous_1)
DA:2,0
DA:3,0
DA:5,0
DA:6,0
DA:8,0
DA:11,0
DA:15,0
DA:16,0
LF:8
LH:0
BRDA:3,0,0,0
BRDA:3,0,1,0
BRDA:5,1,0,0
BRDA:5,1,1,0
BRDA:6,2,0,0
BRDA:6,2,1,0
BRDA:11,3,0,0
BRDA:11,3,1,0
BRDA:16,4,0,0
BRDA:16,4,1,0
BRF:10
BRH:0
end_of_record
TN:
SF:src/utils/arrayUtils.ts
FN:3,inserir
FN:10,remover
FN:17,buscar
FN:21,obter
FN:28,definir
FN:38,tamanho
FN:42,estaVazio
FN:46,limpar
FN:50,ordenar
FN:51,(anonymous_9)
FN:54,inverter
FN:58,adicionarNoFinal
FN:62,estender
FN:66,removerDoFinal
FN:73,fatiar
FN:84,contem
FN:88,indiceDe
FN:93,validarNumeroInteiro
FNF:18
FNH:0
FNDA:0,inserir
FNDA:0,remover
FNDA:0,buscar
FNDA:0,obter
FNDA:0,definir
FNDA:0,tamanho
FNDA:0,estaVazio
FNDA:0,limpar
FNDA:0,ordenar
FNDA:0,(anonymous_9)
FNDA:0,inverter
FNDA:0,adicionarNoFinal
FNDA:0,estender
FNDA:0,removerDoFinal
FNDA:0,fatiar
FNDA:0,contem
FNDA:0,indiceDe
FNDA:0,validarNumeroInteiro
DA:3,0
DA:4,0
DA:5,0
DA:7,0
DA:10,0
DA:11,0
DA:12,0
DA:14,0
DA:17,0
DA:18,0
DA:21,0
DA:22,0
DA:23,0
DA:25,0
DA:28,0
DA:29,0
DA:30,0
DA:32,0
DA:33,0
DA:34,0
DA:38,0
DA:39,0
DA:42,0
DA:43,0
DA:46,0
DA:47,0
DA:50,0
DA:51,0
DA:54,0
DA:55,0
DA:58,0
DA:59,0
DA:62,0
DA:63,0
DA:66,0
DA:67,0
DA:68,0
DA:70,0
DA:73,0
DA:74,0
DA:75,0
DA:77,0
DA:78,0
DA:79,0
DA:81,0
DA:84,0
DA:85,0
DA:88,0
DA:89,0
DA:93,0
DA:94,0
DA:95,0
DA:97,0
DA:98,0
LF:54
LH:0
BRDA:4,0,0,0
BRDA:4,1,0,0
BRDA:4,1,1,0
BRDA:11,2,0,0
BRDA:11,3,0,0
BRDA:11,3,1,0
BRDA:22,4,0,0
BRDA:22,5,0,0
BRDA:22,5,1,0
BRDA:29,6,0,0
BRDA:29,7,0,0
BRDA:29,7,1,0
BRDA:67,8,0,0
BRDA:74,9,0,0
BRDA:74,10,0,0
BRDA:74,10,1,0
BRDA:77,11,0,0
BRDA:77,11,1,0
BRDA:78,12,0,0
BRDA:78,13,0,0
BRDA:78,13,1,0
BRDA:94,14,0,0
BRDA:97,15,0,0
BRDA:97,16,0,0
BRDA:97,16,1,0
BRF:25
BRH:0
end_of_record
TN:
SF:src/utils/utils.ts
FN:5,cn
FNF:1
FNH:0
FNDA:0,cn
DA:2,0
DA:3,0
DA:5,0
DA:6,0
LF:4
LH:0
BRF:0
BRH:0
end_of_record
TN:
SF:src/utils/validationUtils.ts
FN:3,validarNumero
FN:25,validarIndice
FNF:2
FNH:1
FNDA:55,validarNumero
FNDA:0,validarIndice
DA:3,1
DA:4,55
DA:5,1
DA:8,54
DA:10,54
DA:11,1
DA:14,53
DA:15,1
DA:18,52
DA:19,2
DA:22,50
DA:25,1
DA:26,0
DA:27,0
DA:30,0
DA:31,0
DA:35,0
DA:36,0
DA:39,0
LF:19
LH:12
BRDA:4,0,0,1
BRDA:4,1,0,55
BRDA:4,1,1,55
BRDA:4,1,2,55
BRDA:10,2,0,1
BRDA:14,3,0,1
BRDA:18,4,0,2
BRDA:18,5,0,52
BRDA:18,5,1,51
BRDA:26,6,0,0
BRDA:26,7,0,0
BRDA:26,7,1,0
BRDA:26,7,2,0
BRDA:30,8,0,0
BRDA:35,9,0,0
BRDA:35,10,0,0
BRDA:35,10,1,0
BRF:17
BRH:9
end_of_record
